#
# A fatal error has been detected by the Java Runtime Environment:
#
#  SIGSEGV (0xb) at pc=0x000000004139cf81, pid=13240, tid=13242
#
# JRE version: OpenJDK Runtime Environment (14.0.2+12) (build 14.0.2+12-Ubuntu-120.04)
# Java VM: OpenJDK 64-Bit Server VM (14.0.2+12-Ubuntu-120.04, mixed mode, sharing, tiered, compressed oops, g1 gc, linux-amd64)
# Problematic frame:
# C  0x000000004139cf81
#
# Core dump will be written. Default location: Core dumps may be processed with "/usr/share/apport/apport %p %s %c %d %P %E" (or dumping to /home/samuel/Documents/github/OpenGLExamples/core.13240)
#
# If you would like to submit a bug report, please visit:
#   Unknown
# The crash happened outside the Java Virtual Machine in native code.
# See problematic frame for where to report the bug.
#

---------------  S U M M A R Y ------------

Command Line: -Dfile.encoding=UTF-8 -Duser.country=US -Duser.language=en -Duser.variant cz.educanet.Main

Host: AMD Ryzen 5 3600 6-Core Processor, 12 cores, 31G, Ubuntu 20.04.2 LTS
Time: Sun Feb 14 20:27:19 2021 CET elapsed time: 0 seconds (0d 0h 0m 0s)

---------------  T H R E A D  ---------------

Current thread (0x00007fda10017800):  JavaThread "main" [_thread_in_native, id=13242, stack(0x00007fda15889000,0x00007fda1598a000)]

Stack: [0x00007fda15889000,0x00007fda1598a000],  sp=0x00007fda15988788,  free space=1021k
Native frames: (J=compiled Java code, A=aot compiled Java code, j=interpreted, Vv=VM code, C=native code)
C  0x000000004139cf81

Java frames: (J=compiled Java code, j=interpreted, Vv=VM code)
j  org.lwjgl.opengl.GL11C.glDrawArrays(III)V+0
j  org.lwjgl.opengl.GL11.glDrawArrays(III)V+3
j  cz.educanet.Game.render(J)V+16
j  cz.educanet.Main.main([Ljava/lang/String;)V+119
v  ~StubRoutines::call_stub

siginfo: si_signo: 11 (SIGSEGV), si_code: 1 (SEGV_MAPERR), si_addr: 0x0000000000000000

Register to memory mapping:

RAX=0x00007fd99dedc600 points into unknown readable memory: 00 00 00 00 00 00 00 00
RBX=0x0000000041ce4000 points into unknown readable memory: e0 57 4d 10 da 7f 00 00
RCX=0x0 is NULL
RDX=0x0000000000000006 is an unknown value
RSP=0x00007fda15988788 is pointing into the stack for thread: 0x00007fda10017800
RBP=0x00007fda107a7dc0 points into unknown readable memory: 09 00 00 00 04 10 20 00
RSI=0x0 is NULL
RDI=0x0 is NULL
R8 =0x0 is NULL
R9 =0xffffffffffffffc0 is an unknown value
R10=0x0000000000000001 is an unknown value
R11=0x0 is NULL
R12=0x0 is NULL
R13=0x0000000041ce4000 points into unknown readable memory: e0 57 4d 10 da 7f 00 00
R14=0x0000000000000004 is an unknown value
R15=0x00007fda10ae9318 points into unknown readable memory: 00 00 00 00 00 00 00 00


Registers:
RAX=0x00007fd99dedc600, RBX=0x0000000041ce4000, RCX=0x0000000000000000, RDX=0x0000000000000006
RSP=0x00007fda15988788, RBP=0x00007fda107a7dc0, RSI=0x0000000000000000, RDI=0x0000000000000000
R8 =0x0000000000000000, R9 =0xffffffffffffffc0, R10=0x0000000000000001, R11=0x0000000000000000
R12=0x0000000000000000, R13=0x0000000041ce4000, R14=0x0000000000000004, R15=0x00007fda10ae9318
RIP=0x000000004139cf81, EFLAGS=0x0000000000010246, CSGSFS=0x002b000000000033, ERR=0x0000000000000004
  TRAPNO=0x000000000000000e

Top of Stack: (sp=0x00007fda15988788)
0x00007fda15988788:   00007fd99f01cf27 0000000041ce4000
0x00007fda15988798:   00007fda107a7dc0 00007fda00000000
0x00007fda159887a8:   0000000000000060 00000000ffffffff
0x00007fda159887b8:   00007fd99dedc600 00007fda10017800 

Instructions: (pc=0x000000004139cf81)
0x000000004139ce81:   00 00 00 00 00 00 00 00 00 00 00 00 00 00 00 00
0x000000004139ce91:   00 00 00 00 00 00 00 00 00 00 00 00 00 00 00 00
0x000000004139cea1:   00 00 00 00 00 00 00 00 00 00 00 00 00 00 00 00
0x000000004139ceb1:   00 00 00 00 00 00 00 00 00 00 00 00 00 00 00 00
0x000000004139cec1:   00 00 00 00 00 00 00 00 00 00 00 00 00 00 00 00
0x000000004139ced1:   00 00 00 00 00 00 00 00 00 00 00 00 00 00 00 00
0x000000004139cee1:   00 00 00 00 00 00 00 00 00 00 00 00 00 00 00 00
0x000000004139cef1:   00 00 00 00 00 00 00 00 00 00 00 00 00 00 00 00
0x000000004139cf01:   00 00 00 00 00 00 00 00 00 00 00 00 00 00 00 00
0x000000004139cf11:   00 00 00 00 00 00 00 00 00 00 00 00 00 00 00 00
0x000000004139cf21:   00 00 00 00 00 00 00 00 00 00 00 00 00 00 00 00
0x000000004139cf31:   00 00 00 00 00 00 00 80 ff ff ff 00 1f 00 00 48
0x000000004139cf41:   89 6c 24 f8 48 89 5c 24 f0 48 89 74 24 e8 48 89
0x000000004139cf51:   7c 24 e0 48 8b df 48 8b c6 4c 8b da 48 8b d1 49
0x000000004139cf61:   8b cb 48 be 38 bc d3 41 00 00 00 00 48 8b 36 48
0x000000004139cf71:   8b b6 08 03 00 00 48 8b f9 48 c1 e7 04 48 03 f7
0x000000004139cf81:   8b 3e 8b 6e 04 89 38 89 68 04 8b 7e 08 8b 6e 0c
0x000000004139cf91:   89 78 08 89 68 0c 48 83 c0 10 ff c1 ff ca 75 c2
0x000000004139cfa1:   48 8b 7c 24 e0 48 8b 74 24 e8 48 8b 5c 24 f0 48
0x000000004139cfb1:   8b 6c 24 f8 c3 00 00 c0 ff ff ff 80 00 00 00 48
0x000000004139cfc1:   b8 50 c5 d7 41 00 00 00 00 48 8b 00 49 ba 10 07
0x000000004139cfd1:   d3 41 00 00 00 00 48 83 ec 28 48 83 c4 28 c3 00
0x000000004139cfe1:   00 00 00 00 00 00 00 00 00 00 00 00 00 00 00 00
0x000000004139cff1:   00 00 00 00 00 00 00 00 00 00 00 40 00 00 00 ??
0x000000004139d001:   ?? ?? ?? ?? ?? ?? ?? ?? ?? ?? ?? ?? ?? ?? ?? ??
0x000000004139d011:   ?? ?? ?? ?? ?? ?? ?? ?? ?? ?? ?? ?? ?? ?? ?? ??
0x000000004139d021:   ?? ?? ?? ?? ?? ?? ?? ?? ?? ?? ?? ?? ?? ?? ?? ??
0x000000004139d031:   ?? ?? ?? ?? ?? ?? ?? ?? ?? ?? ?? ?? ?? ?? ?? ??
0x000000004139d041:   ?? ?? ?? ?? ?? ?? ?? ?? ?? ?? ?? ?? ?? ?? ?? ??
0x000000004139d051:   ?? ?? ?? ?? ?? ?? ?? ?? ?? ?? ?? ?? ?? ?? ?? ??
0x000000004139d061:   ?? ?? ?? ?? ?? ?? ?? ?? ?? ?? ?? ?? ?? ?? ?? ??
0x000000004139d071:   ?? ?? ?? ?? ?? ?? ?? ?? ?? ?? ?? ?? ?? ?? ?? ?? 


Stack slot to memory mapping:
stack at sp + 0 slots: 0x00007fd99f01cf27: <offset 0x0000000000f23f27> in /lib/x86_64-linux-gnu/libnvidia-glcore.so.460.32.03 at 0x00007fd99e0f9000
stack at sp + 1 slots: 0x0000000041ce4000 points into unknown readable memory: e0 57 4d 10 da 7f 00 00
stack at sp + 2 slots: 0x00007fda107a7dc0 points into unknown readable memory: 09 00 00 00 04 10 20 00
stack at sp + 3 slots: 0x00007fda00000000 is an unknown value
stack at sp + 4 slots: 0x0000000000000060 is an unknown value
stack at sp + 5 slots: 0x00000000ffffffff is an unknown value
stack at sp + 6 slots: 0x00007fd99dedc600 points into unknown readable memory: 00 00 00 00 00 00 00 00
stack at sp + 7 slots: 0x00007fda10017800 is a thread


---------------  P R O C E S S  ---------------

Threads class SMR info:
_java_thread_list=0x00007fd9b0190210, length=11, elements={
0x00007fda10017800, 0x00007fda10254800, 0x00007fda10256800, 0x00007fda1025e000,
0x00007fda1025f800, 0x00007fda10261800, 0x00007fda10263800, 0x00007fda10265800,
0x00007fda102ad800, 0x00007fda102b2000, 0x00007fd9b018f800
}

Java Threads: ( => current thread )
=>0x00007fda10017800 JavaThread "main" [_thread_in_native, id=13242, stack(0x00007fda15889000,0x00007fda1598a000)]
  0x00007fda10254800 JavaThread "Reference Handler" daemon [_thread_blocked, id=13249, stack(0x00007fd9e4327000,0x00007fd9e4428000)]
  0x00007fda10256800 JavaThread "Finalizer" daemon [_thread_blocked, id=13250, stack(0x00007fd9e4226000,0x00007fd9e4327000)]
  0x00007fda1025e000 JavaThread "Signal Dispatcher" daemon [_thread_blocked, id=13251, stack(0x00007fd9e4125000,0x00007fd9e4226000)]
  0x00007fda1025f800 JavaThread "Service Thread" daemon [_thread_blocked, id=13252, stack(0x00007fd9e4024000,0x00007fd9e4125000)]
  0x00007fda10261800 JavaThread "C2 CompilerThread0" daemon [_thread_blocked, id=13253, stack(0x00007fd9d5716000,0x00007fd9d5817000)]
  0x00007fda10263800 JavaThread "C1 CompilerThread0" daemon [_thread_blocked, id=13254, stack(0x00007fd9d5615000,0x00007fd9d5716000)]
  0x00007fda10265800 JavaThread "Sweeper thread" daemon [_thread_blocked, id=13255, stack(0x00007fd9d5514000,0x00007fd9d5615000)]
  0x00007fda102ad800 JavaThread "Notification Thread" daemon [_thread_blocked, id=13256, stack(0x00007fd9d5413000,0x00007fd9d5514000)]
  0x00007fda102b2000 JavaThread "Common-Cleaner" daemon [_thread_blocked, id=13258, stack(0x00007fd9d5210000,0x00007fd9d5311000)]
  0x00007fd9b018f800 JavaThread "C2 CompilerThread1" daemon [_thread_blocked, id=13260, stack(0x00007fd99daf5000,0x00007fd99dbf6000)]

Other Threads:
  0x00007fda10251800 VMThread "VM Thread" [stack: 0x00007fd9e442a000,0x00007fd9e452a000] [id=13248]
  0x00007fda102af800 WatcherThread [stack: 0x00007fd9d5313000,0x00007fd9d5413000] [id=13257]
  0x00007fda10059000 GCTaskThread "GC Thread#0" [stack: 0x00007fda14a0c000,0x00007fda14b0c000] [id=13243]
  0x00007fda1007a800 ConcurrentGCThread "G1 Main Marker" [stack: 0x00007fda1490a000,0x00007fda14a0a000] [id=13244]
  0x00007fda1007c000 ConcurrentGCThread "G1 Conc#0" [stack: 0x00007fda14808000,0x00007fda14908000] [id=13245]
  0x00007fda10204000 ConcurrentGCThread "G1 Refine#0" [stack: 0x00007fd9e4eaf000,0x00007fd9e4faf000] [id=13246]
  0x00007fda10205800 ConcurrentGCThread "G1 Young RemSet Sampling" [stack: 0x00007fd9e4dad000,0x00007fd9e4ead000] [id=13247]

Threads with active compile tasks:

VM state:not at safepoint (normal execution)

VM Mutex/Monitor currently owned by a thread: None

Heap address: 0x000000060a600000, size: 8026 MB, Compressed Oops mode: Zero based, Oop shift amount: 3
Narrow klass base: 0x0000000800000000, Narrow klass shift: 3
Compressed class space size: 1073741824 Address: 0x0000000800b18000

Heap:
 garbage-first heap   total 518144K, used 16196K [0x000000060a600000, 0x0000000800000000)
  region size 2048K, 9 young (18432K), 0 survivors (0K)
 Metaspace       used 5286K, capacity 8452K, committed 8832K, reserved 1056768K
  class space    used 269K, capacity 589K, committed 640K, reserved 1048576K
Heap Regions: E=young(eden), S=young(survivor), O=old, HS=humongous(starts), HC=humongous(continues), CS=collection set, F=free, OA=open archive, CA=closed archive, TAMS=top-at-mark-start (previous, next)
|   0|0x000000060a600000, 0x000000060a600000, 0x000000060a800000|  0%| F|  |TAMS 0x000000060a600000, 0x000000060a600000| Untracked 
|   1|0x000000060a800000, 0x000000060a800000, 0x000000060aa00000|  0%| F|  |TAMS 0x000000060a800000, 0x000000060a800000| Untracked 
|   2|0x000000060aa00000, 0x000000060aa00000, 0x000000060ac00000|  0%| F|  |TAMS 0x000000060aa00000, 0x000000060aa00000| Untracked 
|   3|0x000000060ac00000, 0x000000060ac00000, 0x000000060ae00000|  0%| F|  |TAMS 0x000000060ac00000, 0x000000060ac00000| Untracked 
|   4|0x000000060ae00000, 0x000000060ae00000, 0x000000060b000000|  0%| F|  |TAMS 0x000000060ae00000, 0x000000060ae00000| Untracked 
|   5|0x000000060b000000, 0x000000060b000000, 0x000000060b200000|  0%| F|  |TAMS 0x000000060b000000, 0x000000060b000000| Untracked 
|   6|0x000000060b200000, 0x000000060b200000, 0x000000060b400000|  0%| F|  |TAMS 0x000000060b200000, 0x000000060b200000| Untracked 
|   7|0x000000060b400000, 0x000000060b400000, 0x000000060b600000|  0%| F|  |TAMS 0x000000060b400000, 0x000000060b400000| Untracked 
|   8|0x000000060b600000, 0x000000060b600000, 0x000000060b800000|  0%| F|  |TAMS 0x000000060b600000, 0x000000060b600000| Untracked 
|   9|0x000000060b800000, 0x000000060b800000, 0x000000060ba00000|  0%| F|  |TAMS 0x000000060b800000, 0x000000060b800000| Untracked 
|  10|0x000000060ba00000, 0x000000060ba00000, 0x000000060bc00000|  0%| F|  |TAMS 0x000000060ba00000, 0x000000060ba00000| Untracked 
|  11|0x000000060bc00000, 0x000000060bc00000, 0x000000060be00000|  0%| F|  |TAMS 0x000000060bc00000, 0x000000060bc00000| Untracked 
|  12|0x000000060be00000, 0x000000060be00000, 0x000000060c000000|  0%| F|  |TAMS 0x000000060be00000, 0x000000060be00000| Untracked 
|  13|0x000000060c000000, 0x000000060c000000, 0x000000060c200000|  0%| F|  |TAMS 0x000000060c000000, 0x000000060c000000| Untracked 
|  14|0x000000060c200000, 0x000000060c200000, 0x000000060c400000|  0%| F|  |TAMS 0x000000060c200000, 0x000000060c200000| Untracked 
|  15|0x000000060c400000, 0x000000060c400000, 0x000000060c600000|  0%| F|  |TAMS 0x000000060c400000, 0x000000060c400000| Untracked 
|  16|0x000000060c600000, 0x000000060c600000, 0x000000060c800000|  0%| F|  |TAMS 0x000000060c600000, 0x000000060c600000| Untracked 
|  17|0x000000060c800000, 0x000000060c800000, 0x000000060ca00000|  0%| F|  |TAMS 0x000000060c800000, 0x000000060c800000| Untracked 
|  18|0x000000060ca00000, 0x000000060ca00000, 0x000000060cc00000|  0%| F|  |TAMS 0x000000060ca00000, 0x000000060ca00000| Untracked 
|  19|0x000000060cc00000, 0x000000060cc00000, 0x000000060ce00000|  0%| F|  |TAMS 0x000000060cc00000, 0x000000060cc00000| Untracked 
|  20|0x000000060ce00000, 0x000000060ce00000, 0x000000060d000000|  0%| F|  |TAMS 0x000000060ce00000, 0x000000060ce00000| Untracked 
|  21|0x000000060d000000, 0x000000060d000000, 0x000000060d200000|  0%| F|  |TAMS 0x000000060d000000, 0x000000060d000000| Untracked 
|  22|0x000000060d200000, 0x000000060d200000, 0x000000060d400000|  0%| F|  |TAMS 0x000000060d200000, 0x000000060d200000| Untracked 
|  23|0x000000060d400000, 0x000000060d400000, 0x000000060d600000|  0%| F|  |TAMS 0x000000060d400000, 0x000000060d400000| Untracked 
|  24|0x000000060d600000, 0x000000060d600000, 0x000000060d800000|  0%| F|  |TAMS 0x000000060d600000, 0x000000060d600000| Untracked 
|  25|0x000000060d800000, 0x000000060d800000, 0x000000060da00000|  0%| F|  |TAMS 0x000000060d800000, 0x000000060d800000| Untracked 
|  26|0x000000060da00000, 0x000000060da00000, 0x000000060dc00000|  0%| F|  |TAMS 0x000000060da00000, 0x000000060da00000| Untracked 
|  27|0x000000060dc00000, 0x000000060dc00000, 0x000000060de00000|  0%| F|  |TAMS 0x000000060dc00000, 0x000000060dc00000| Untracked 
|  28|0x000000060de00000, 0x000000060de00000, 0x000000060e000000|  0%| F|  |TAMS 0x000000060de00000, 0x000000060de00000| Untracked 
|  29|0x000000060e000000, 0x000000060e000000, 0x000000060e200000|  0%| F|  |TAMS 0x000000060e000000, 0x000000060e000000| Untracked 
|  30|0x000000060e200000, 0x000000060e200000, 0x000000060e400000|  0%| F|  |TAMS 0x000000060e200000, 0x000000060e200000| Untracked 
|  31|0x000000060e400000, 0x000000060e400000, 0x000000060e600000|  0%| F|  |TAMS 0x000000060e400000, 0x000000060e400000| Untracked 
|  32|0x000000060e600000, 0x000000060e600000, 0x000000060e800000|  0%| F|  |TAMS 0x000000060e600000, 0x000000060e600000| Untracked 
|  33|0x000000060e800000, 0x000000060e800000, 0x000000060ea00000|  0%| F|  |TAMS 0x000000060e800000, 0x000000060e800000| Untracked 
|  34|0x000000060ea00000, 0x000000060ea00000, 0x000000060ec00000|  0%| F|  |TAMS 0x000000060ea00000, 0x000000060ea00000| Untracked 
|  35|0x000000060ec00000, 0x000000060ec00000, 0x000000060ee00000|  0%| F|  |TAMS 0x000000060ec00000, 0x000000060ec00000| Untracked 
|  36|0x000000060ee00000, 0x000000060ee00000, 0x000000060f000000|  0%| F|  |TAMS 0x000000060ee00000, 0x000000060ee00000| Untracked 
|  37|0x000000060f000000, 0x000000060f000000, 0x000000060f200000|  0%| F|  |TAMS 0x000000060f000000, 0x000000060f000000| Untracked 
|  38|0x000000060f200000, 0x000000060f200000, 0x000000060f400000|  0%| F|  |TAMS 0x000000060f200000, 0x000000060f200000| Untracked 
|  39|0x000000060f400000, 0x000000060f400000, 0x000000060f600000|  0%| F|  |TAMS 0x000000060f400000, 0x000000060f400000| Untracked 
|  40|0x000000060f600000, 0x000000060f600000, 0x000000060f800000|  0%| F|  |TAMS 0x000000060f600000, 0x000000060f600000| Untracked 
|  41|0x000000060f800000, 0x000000060f800000, 0x000000060fa00000|  0%| F|  |TAMS 0x000000060f800000, 0x000000060f800000| Untracked 
|  42|0x000000060fa00000, 0x000000060fa00000, 0x000000060fc00000|  0%| F|  |TAMS 0x000000060fa00000, 0x000000060fa00000| Untracked 
|  43|0x000000060fc00000, 0x000000060fc00000, 0x000000060fe00000|  0%| F|  |TAMS 0x000000060fc00000, 0x000000060fc00000| Untracked 
|  44|0x000000060fe00000, 0x000000060fe00000, 0x0000000610000000|  0%| F|  |TAMS 0x000000060fe00000, 0x000000060fe00000| Untracked 
|  45|0x0000000610000000, 0x0000000610000000, 0x0000000610200000|  0%| F|  |TAMS 0x0000000610000000, 0x0000000610000000| Untracked 
|  46|0x0000000610200000, 0x0000000610200000, 0x0000000610400000|  0%| F|  |TAMS 0x0000000610200000, 0x0000000610200000| Untracked 
|  47|0x0000000610400000, 0x0000000610400000, 0x0000000610600000|  0%| F|  |TAMS 0x0000000610400000, 0x0000000610400000| Untracked 
|  48|0x0000000610600000, 0x0000000610600000, 0x0000000610800000|  0%| F|  |TAMS 0x0000000610600000, 0x0000000610600000| Untracked 
|  49|0x0000000610800000, 0x0000000610800000, 0x0000000610a00000|  0%| F|  |TAMS 0x0000000610800000, 0x0000000610800000| Untracked 
|  50|0x0000000610a00000, 0x0000000610a00000, 0x0000000610c00000|  0%| F|  |TAMS 0x0000000610a00000, 0x0000000610a00000| Untracked 
|  51|0x0000000610c00000, 0x0000000610c00000, 0x0000000610e00000|  0%| F|  |TAMS 0x0000000610c00000, 0x0000000610c00000| Untracked 
|  52|0x0000000610e00000, 0x0000000610e00000, 0x0000000611000000|  0%| F|  |TAMS 0x0000000610e00000, 0x0000000610e00000| Untracked 
|  53|0x0000000611000000, 0x0000000611000000, 0x0000000611200000|  0%| F|  |TAMS 0x0000000611000000, 0x0000000611000000| Untracked 
|  54|0x0000000611200000, 0x0000000611200000, 0x0000000611400000|  0%| F|  |TAMS 0x0000000611200000, 0x0000000611200000| Untracked 
|  55|0x0000000611400000, 0x0000000611400000, 0x0000000611600000|  0%| F|  |TAMS 0x0000000611400000, 0x0000000611400000| Untracked 
|  56|0x0000000611600000, 0x0000000611600000, 0x0000000611800000|  0%| F|  |TAMS 0x0000000611600000, 0x0000000611600000| Untracked 
|  57|0x0000000611800000, 0x0000000611800000, 0x0000000611a00000|  0%| F|  |TAMS 0x0000000611800000, 0x0000000611800000| Untracked 
|  58|0x0000000611a00000, 0x0000000611a00000, 0x0000000611c00000|  0%| F|  |TAMS 0x0000000611a00000, 0x0000000611a00000| Untracked 
|  59|0x0000000611c00000, 0x0000000611c00000, 0x0000000611e00000|  0%| F|  |TAMS 0x0000000611c00000, 0x0000000611c00000| Untracked 
|  60|0x0000000611e00000, 0x0000000611e00000, 0x0000000612000000|  0%| F|  |TAMS 0x0000000611e00000, 0x0000000611e00000| Untracked 
|  61|0x0000000612000000, 0x0000000612000000, 0x0000000612200000|  0%| F|  |TAMS 0x0000000612000000, 0x0000000612000000| Untracked 
|  62|0x0000000612200000, 0x0000000612200000, 0x0000000612400000|  0%| F|  |TAMS 0x0000000612200000, 0x0000000612200000| Untracked 
|  63|0x0000000612400000, 0x0000000612400000, 0x0000000612600000|  0%| F|  |TAMS 0x0000000612400000, 0x0000000612400000| Untracked 
|  64|0x0000000612600000, 0x0000000612600000, 0x0000000612800000|  0%| F|  |TAMS 0x0000000612600000, 0x0000000612600000| Untracked 
|  65|0x0000000612800000, 0x0000000612800000, 0x0000000612a00000|  0%| F|  |TAMS 0x0000000612800000, 0x0000000612800000| Untracked 
|  66|0x0000000612a00000, 0x0000000612a00000, 0x0000000612c00000|  0%| F|  |TAMS 0x0000000612a00000, 0x0000000612a00000| Untracked 
|  67|0x0000000612c00000, 0x0000000612c00000, 0x0000000612e00000|  0%| F|  |TAMS 0x0000000612c00000, 0x0000000612c00000| Untracked 
|  68|0x0000000612e00000, 0x0000000612e00000, 0x0000000613000000|  0%| F|  |TAMS 0x0000000612e00000, 0x0000000612e00000| Untracked 
|  69|0x0000000613000000, 0x0000000613000000, 0x0000000613200000|  0%| F|  |TAMS 0x0000000613000000, 0x0000000613000000| Untracked 
|  70|0x0000000613200000, 0x0000000613200000, 0x0000000613400000|  0%| F|  |TAMS 0x0000000613200000, 0x0000000613200000| Untracked 
|  71|0x0000000613400000, 0x0000000613400000, 0x0000000613600000|  0%| F|  |TAMS 0x0000000613400000, 0x0000000613400000| Untracked 
|  72|0x0000000613600000, 0x0000000613600000, 0x0000000613800000|  0%| F|  |TAMS 0x0000000613600000, 0x0000000613600000| Untracked 
|  73|0x0000000613800000, 0x0000000613800000, 0x0000000613a00000|  0%| F|  |TAMS 0x0000000613800000, 0x0000000613800000| Untracked 
|  74|0x0000000613a00000, 0x0000000613a00000, 0x0000000613c00000|  0%| F|  |TAMS 0x0000000613a00000, 0x0000000613a00000| Untracked 
|  75|0x0000000613c00000, 0x0000000613c00000, 0x0000000613e00000|  0%| F|  |TAMS 0x0000000613c00000, 0x0000000613c00000| Untracked 
|  76|0x0000000613e00000, 0x0000000613e00000, 0x0000000614000000|  0%| F|  |TAMS 0x0000000613e00000, 0x0000000613e00000| Untracked 
|  77|0x0000000614000000, 0x0000000614000000, 0x0000000614200000|  0%| F|  |TAMS 0x0000000614000000, 0x0000000614000000| Untracked 
|  78|0x0000000614200000, 0x0000000614200000, 0x0000000614400000|  0%| F|  |TAMS 0x0000000614200000, 0x0000000614200000| Untracked 
|  79|0x0000000614400000, 0x0000000614400000, 0x0000000614600000|  0%| F|  |TAMS 0x0000000614400000, 0x0000000614400000| Untracked 
|  80|0x0000000614600000, 0x0000000614600000, 0x0000000614800000|  0%| F|  |TAMS 0x0000000614600000, 0x0000000614600000| Untracked 
|  81|0x0000000614800000, 0x0000000614800000, 0x0000000614a00000|  0%| F|  |TAMS 0x0000000614800000, 0x0000000614800000| Untracked 
|  82|0x0000000614a00000, 0x0000000614a00000, 0x0000000614c00000|  0%| F|  |TAMS 0x0000000614a00000, 0x0000000614a00000| Untracked 
|  83|0x0000000614c00000, 0x0000000614c00000, 0x0000000614e00000|  0%| F|  |TAMS 0x0000000614c00000, 0x0000000614c00000| Untracked 
|  84|0x0000000614e00000, 0x0000000614e00000, 0x0000000615000000|  0%| F|  |TAMS 0x0000000614e00000, 0x0000000614e00000| Untracked 
|  85|0x0000000615000000, 0x0000000615000000, 0x0000000615200000|  0%| F|  |TAMS 0x0000000615000000, 0x0000000615000000| Untracked 
|  86|0x0000000615200000, 0x0000000615200000, 0x0000000615400000|  0%| F|  |TAMS 0x0000000615200000, 0x0000000615200000| Untracked 
|  87|0x0000000615400000, 0x0000000615400000, 0x0000000615600000|  0%| F|  |TAMS 0x0000000615400000, 0x0000000615400000| Untracked 
|  88|0x0000000615600000, 0x0000000615600000, 0x0000000615800000|  0%| F|  |TAMS 0x0000000615600000, 0x0000000615600000| Untracked 
|  89|0x0000000615800000, 0x0000000615800000, 0x0000000615a00000|  0%| F|  |TAMS 0x0000000615800000, 0x0000000615800000| Untracked 
|  90|0x0000000615a00000, 0x0000000615a00000, 0x0000000615c00000|  0%| F|  |TAMS 0x0000000615a00000, 0x0000000615a00000| Untracked 
|  91|0x0000000615c00000, 0x0000000615c00000, 0x0000000615e00000|  0%| F|  |TAMS 0x0000000615c00000, 0x0000000615c00000| Untracked 
|  92|0x0000000615e00000, 0x0000000615e00000, 0x0000000616000000|  0%| F|  |TAMS 0x0000000615e00000, 0x0000000615e00000| Untracked 
|  93|0x0000000616000000, 0x0000000616000000, 0x0000000616200000|  0%| F|  |TAMS 0x0000000616000000, 0x0000000616000000| Untracked 
|  94|0x0000000616200000, 0x0000000616200000, 0x0000000616400000|  0%| F|  |TAMS 0x0000000616200000, 0x0000000616200000| Untracked 
|  95|0x0000000616400000, 0x0000000616400000, 0x0000000616600000|  0%| F|  |TAMS 0x0000000616400000, 0x0000000616400000| Untracked 
|  96|0x0000000616600000, 0x0000000616600000, 0x0000000616800000|  0%| F|  |TAMS 0x0000000616600000, 0x0000000616600000| Untracked 
|  97|0x0000000616800000, 0x0000000616800000, 0x0000000616a00000|  0%| F|  |TAMS 0x0000000616800000, 0x0000000616800000| Untracked 
|  98|0x0000000616a00000, 0x0000000616a00000, 0x0000000616c00000|  0%| F|  |TAMS 0x0000000616a00000, 0x0000000616a00000| Untracked 
|  99|0x0000000616c00000, 0x0000000616c00000, 0x0000000616e00000|  0%| F|  |TAMS 0x0000000616c00000, 0x0000000616c00000| Untracked 
| 100|0x0000000616e00000, 0x0000000616e00000, 0x0000000617000000|  0%| F|  |TAMS 0x0000000616e00000, 0x0000000616e00000| Untracked 
| 101|0x0000000617000000, 0x0000000617000000, 0x0000000617200000|  0%| F|  |TAMS 0x0000000617000000, 0x0000000617000000| Untracked 
| 102|0x0000000617200000, 0x0000000617200000, 0x0000000617400000|  0%| F|  |TAMS 0x0000000617200000, 0x0000000617200000| Untracked 
| 103|0x0000000617400000, 0x0000000617400000, 0x0000000617600000|  0%| F|  |TAMS 0x0000000617400000, 0x0000000617400000| Untracked 
| 104|0x0000000617600000, 0x0000000617600000, 0x0000000617800000|  0%| F|  |TAMS 0x0000000617600000, 0x0000000617600000| Untracked 
| 105|0x0000000617800000, 0x0000000617800000, 0x0000000617a00000|  0%| F|  |TAMS 0x0000000617800000, 0x0000000617800000| Untracked 
| 106|0x0000000617a00000, 0x0000000617a00000, 0x0000000617c00000|  0%| F|  |TAMS 0x0000000617a00000, 0x0000000617a00000| Untracked 
| 107|0x0000000617c00000, 0x0000000617c00000, 0x0000000617e00000|  0%| F|  |TAMS 0x0000000617c00000, 0x0000000617c00000| Untracked 
| 108|0x0000000617e00000, 0x0000000617e00000, 0x0000000618000000|  0%| F|  |TAMS 0x0000000617e00000, 0x0000000617e00000| Untracked 
| 109|0x0000000618000000, 0x0000000618000000, 0x0000000618200000|  0%| F|  |TAMS 0x0000000618000000, 0x0000000618000000| Untracked 
| 110|0x0000000618200000, 0x0000000618200000, 0x0000000618400000|  0%| F|  |TAMS 0x0000000618200000, 0x0000000618200000| Untracked 
| 111|0x0000000618400000, 0x0000000618400000, 0x0000000618600000|  0%| F|  |TAMS 0x0000000618400000, 0x0000000618400000| Untracked 
| 112|0x0000000618600000, 0x0000000618600000, 0x0000000618800000|  0%| F|  |TAMS 0x0000000618600000, 0x0000000618600000| Untracked 
| 113|0x0000000618800000, 0x0000000618800000, 0x0000000618a00000|  0%| F|  |TAMS 0x0000000618800000, 0x0000000618800000| Untracked 
| 114|0x0000000618a00000, 0x0000000618a00000, 0x0000000618c00000|  0%| F|  |TAMS 0x0000000618a00000, 0x0000000618a00000| Untracked 
| 115|0x0000000618c00000, 0x0000000618c00000, 0x0000000618e00000|  0%| F|  |TAMS 0x0000000618c00000, 0x0000000618c00000| Untracked 
| 116|0x0000000618e00000, 0x0000000618e00000, 0x0000000619000000|  0%| F|  |TAMS 0x0000000618e00000, 0x0000000618e00000| Untracked 
| 117|0x0000000619000000, 0x0000000619000000, 0x0000000619200000|  0%| F|  |TAMS 0x0000000619000000, 0x0000000619000000| Untracked 
| 118|0x0000000619200000, 0x0000000619200000, 0x0000000619400000|  0%| F|  |TAMS 0x0000000619200000, 0x0000000619200000| Untracked 
| 119|0x0000000619400000, 0x0000000619400000, 0x0000000619600000|  0%| F|  |TAMS 0x0000000619400000, 0x0000000619400000| Untracked 
| 120|0x0000000619600000, 0x0000000619600000, 0x0000000619800000|  0%| F|  |TAMS 0x0000000619600000, 0x0000000619600000| Untracked 
| 121|0x0000000619800000, 0x0000000619800000, 0x0000000619a00000|  0%| F|  |TAMS 0x0000000619800000, 0x0000000619800000| Untracked 
| 122|0x0000000619a00000, 0x0000000619a00000, 0x0000000619c00000|  0%| F|  |TAMS 0x0000000619a00000, 0x0000000619a00000| Untracked 
| 123|0x0000000619c00000, 0x0000000619c00000, 0x0000000619e00000|  0%| F|  |TAMS 0x0000000619c00000, 0x0000000619c00000| Untracked 
| 124|0x0000000619e00000, 0x0000000619e00000, 0x000000061a000000|  0%| F|  |TAMS 0x0000000619e00000, 0x0000000619e00000| Untracked 
| 125|0x000000061a000000, 0x000000061a000000, 0x000000061a200000|  0%| F|  |TAMS 0x000000061a000000, 0x000000061a000000| Untracked 
| 126|0x000000061a200000, 0x000000061a200000, 0x000000061a400000|  0%| F|  |TAMS 0x000000061a200000, 0x000000061a200000| Untracked 
| 127|0x000000061a400000, 0x000000061a400000, 0x000000061a600000|  0%| F|  |TAMS 0x000000061a400000, 0x000000061a400000| Untracked 
| 128|0x000000061a600000, 0x000000061a600000, 0x000000061a800000|  0%| F|  |TAMS 0x000000061a600000, 0x000000061a600000| Untracked 
| 129|0x000000061a800000, 0x000000061a800000, 0x000000061aa00000|  0%| F|  |TAMS 0x000000061a800000, 0x000000061a800000| Untracked 
| 130|0x000000061aa00000, 0x000000061aa00000, 0x000000061ac00000|  0%| F|  |TAMS 0x000000061aa00000, 0x000000061aa00000| Untracked 
| 131|0x000000061ac00000, 0x000000061ac00000, 0x000000061ae00000|  0%| F|  |TAMS 0x000000061ac00000, 0x000000061ac00000| Untracked 
| 132|0x000000061ae00000, 0x000000061ae00000, 0x000000061b000000|  0%| F|  |TAMS 0x000000061ae00000, 0x000000061ae00000| Untracked 
| 133|0x000000061b000000, 0x000000061b000000, 0x000000061b200000|  0%| F|  |TAMS 0x000000061b000000, 0x000000061b000000| Untracked 
| 134|0x000000061b200000, 0x000000061b200000, 0x000000061b400000|  0%| F|  |TAMS 0x000000061b200000, 0x000000061b200000| Untracked 
| 135|0x000000061b400000, 0x000000061b400000, 0x000000061b600000|  0%| F|  |TAMS 0x000000061b400000, 0x000000061b400000| Untracked 
| 136|0x000000061b600000, 0x000000061b600000, 0x000000061b800000|  0%| F|  |TAMS 0x000000061b600000, 0x000000061b600000| Untracked 
| 137|0x000000061b800000, 0x000000061b800000, 0x000000061ba00000|  0%| F|  |TAMS 0x000000061b800000, 0x000000061b800000| Untracked 
| 138|0x000000061ba00000, 0x000000061ba00000, 0x000000061bc00000|  0%| F|  |TAMS 0x000000061ba00000, 0x000000061ba00000| Untracked 
| 139|0x000000061bc00000, 0x000000061bc00000, 0x000000061be00000|  0%| F|  |TAMS 0x000000061bc00000, 0x000000061bc00000| Untracked 
| 140|0x000000061be00000, 0x000000061be00000, 0x000000061c000000|  0%| F|  |TAMS 0x000000061be00000, 0x000000061be00000| Untracked 
| 141|0x000000061c000000, 0x000000061c000000, 0x000000061c200000|  0%| F|  |TAMS 0x000000061c000000, 0x000000061c000000| Untracked 
| 142|0x000000061c200000, 0x000000061c200000, 0x000000061c400000|  0%| F|  |TAMS 0x000000061c200000, 0x000000061c200000| Untracked 
| 143|0x000000061c400000, 0x000000061c400000, 0x000000061c600000|  0%| F|  |TAMS 0x000000061c400000, 0x000000061c400000| Untracked 
| 144|0x000000061c600000, 0x000000061c600000, 0x000000061c800000|  0%| F|  |TAMS 0x000000061c600000, 0x000000061c600000| Untracked 
| 145|0x000000061c800000, 0x000000061c800000, 0x000000061ca00000|  0%| F|  |TAMS 0x000000061c800000, 0x000000061c800000| Untracked 
| 146|0x000000061ca00000, 0x000000061ca00000, 0x000000061cc00000|  0%| F|  |TAMS 0x000000061ca00000, 0x000000061ca00000| Untracked 
| 147|0x000000061cc00000, 0x000000061cc00000, 0x000000061ce00000|  0%| F|  |TAMS 0x000000061cc00000, 0x000000061cc00000| Untracked 
| 148|0x000000061ce00000, 0x000000061ce00000, 0x000000061d000000|  0%| F|  |TAMS 0x000000061ce00000, 0x000000061ce00000| Untracked 
| 149|0x000000061d000000, 0x000000061d000000, 0x000000061d200000|  0%| F|  |TAMS 0x000000061d000000, 0x000000061d000000| Untracked 
| 150|0x000000061d200000, 0x000000061d200000, 0x000000061d400000|  0%| F|  |TAMS 0x000000061d200000, 0x000000061d200000| Untracked 
| 151|0x000000061d400000, 0x000000061d400000, 0x000000061d600000|  0%| F|  |TAMS 0x000000061d400000, 0x000000061d400000| Untracked 
| 152|0x000000061d600000, 0x000000061d600000, 0x000000061d800000|  0%| F|  |TAMS 0x000000061d600000, 0x000000061d600000| Untracked 
| 153|0x000000061d800000, 0x000000061d800000, 0x000000061da00000|  0%| F|  |TAMS 0x000000061d800000, 0x000000061d800000| Untracked 
| 154|0x000000061da00000, 0x000000061da00000, 0x000000061dc00000|  0%| F|  |TAMS 0x000000061da00000, 0x000000061da00000| Untracked 
| 155|0x000000061dc00000, 0x000000061dc00000, 0x000000061de00000|  0%| F|  |TAMS 0x000000061dc00000, 0x000000061dc00000| Untracked 
| 156|0x000000061de00000, 0x000000061de00000, 0x000000061e000000|  0%| F|  |TAMS 0x000000061de00000, 0x000000061de00000| Untracked 
| 157|0x000000061e000000, 0x000000061e000000, 0x000000061e200000|  0%| F|  |TAMS 0x000000061e000000, 0x000000061e000000| Untracked 
| 158|0x000000061e200000, 0x000000061e200000, 0x000000061e400000|  0%| F|  |TAMS 0x000000061e200000, 0x000000061e200000| Untracked 
| 159|0x000000061e400000, 0x000000061e400000, 0x000000061e600000|  0%| F|  |TAMS 0x000000061e400000, 0x000000061e400000| Untracked 
| 160|0x000000061e600000, 0x000000061e600000, 0x000000061e800000|  0%| F|  |TAMS 0x000000061e600000, 0x000000061e600000| Untracked 
| 161|0x000000061e800000, 0x000000061e800000, 0x000000061ea00000|  0%| F|  |TAMS 0x000000061e800000, 0x000000061e800000| Untracked 
| 162|0x000000061ea00000, 0x000000061ea00000, 0x000000061ec00000|  0%| F|  |TAMS 0x000000061ea00000, 0x000000061ea00000| Untracked 
| 163|0x000000061ec00000, 0x000000061ec00000, 0x000000061ee00000|  0%| F|  |TAMS 0x000000061ec00000, 0x000000061ec00000| Untracked 
| 164|0x000000061ee00000, 0x000000061ee00000, 0x000000061f000000|  0%| F|  |TAMS 0x000000061ee00000, 0x000000061ee00000| Untracked 
| 165|0x000000061f000000, 0x000000061f000000, 0x000000061f200000|  0%| F|  |TAMS 0x000000061f000000, 0x000000061f000000| Untracked 
| 166|0x000000061f200000, 0x000000061f200000, 0x000000061f400000|  0%| F|  |TAMS 0x000000061f200000, 0x000000061f200000| Untracked 
| 167|0x000000061f400000, 0x000000061f400000, 0x000000061f600000|  0%| F|  |TAMS 0x000000061f400000, 0x000000061f400000| Untracked 
| 168|0x000000061f600000, 0x000000061f600000, 0x000000061f800000|  0%| F|  |TAMS 0x000000061f600000, 0x000000061f600000| Untracked 
| 169|0x000000061f800000, 0x000000061f800000, 0x000000061fa00000|  0%| F|  |TAMS 0x000000061f800000, 0x000000061f800000| Untracked 
| 170|0x000000061fa00000, 0x000000061fa00000, 0x000000061fc00000|  0%| F|  |TAMS 0x000000061fa00000, 0x000000061fa00000| Untracked 
| 171|0x000000061fc00000, 0x000000061fc00000, 0x000000061fe00000|  0%| F|  |TAMS 0x000000061fc00000, 0x000000061fc00000| Untracked 
| 172|0x000000061fe00000, 0x000000061fe00000, 0x0000000620000000|  0%| F|  |TAMS 0x000000061fe00000, 0x000000061fe00000| Untracked 
| 173|0x0000000620000000, 0x0000000620000000, 0x0000000620200000|  0%| F|  |TAMS 0x0000000620000000, 0x0000000620000000| Untracked 
| 174|0x0000000620200000, 0x0000000620200000, 0x0000000620400000|  0%| F|  |TAMS 0x0000000620200000, 0x0000000620200000| Untracked 
| 175|0x0000000620400000, 0x0000000620400000, 0x0000000620600000|  0%| F|  |TAMS 0x0000000620400000, 0x0000000620400000| Untracked 
| 176|0x0000000620600000, 0x0000000620600000, 0x0000000620800000|  0%| F|  |TAMS 0x0000000620600000, 0x0000000620600000| Untracked 
| 177|0x0000000620800000, 0x0000000620800000, 0x0000000620a00000|  0%| F|  |TAMS 0x0000000620800000, 0x0000000620800000| Untracked 
| 178|0x0000000620a00000, 0x0000000620a00000, 0x0000000620c00000|  0%| F|  |TAMS 0x0000000620a00000, 0x0000000620a00000| Untracked 
| 179|0x0000000620c00000, 0x0000000620c00000, 0x0000000620e00000|  0%| F|  |TAMS 0x0000000620c00000, 0x0000000620c00000| Untracked 
| 180|0x0000000620e00000, 0x0000000620e00000, 0x0000000621000000|  0%| F|  |TAMS 0x0000000620e00000, 0x0000000620e00000| Untracked 
| 181|0x0000000621000000, 0x0000000621000000, 0x0000000621200000|  0%| F|  |TAMS 0x0000000621000000, 0x0000000621000000| Untracked 
| 182|0x0000000621200000, 0x0000000621200000, 0x0000000621400000|  0%| F|  |TAMS 0x0000000621200000, 0x0000000621200000| Untracked 
| 183|0x0000000621400000, 0x0000000621400000, 0x0000000621600000|  0%| F|  |TAMS 0x0000000621400000, 0x0000000621400000| Untracked 
| 184|0x0000000621600000, 0x0000000621600000, 0x0000000621800000|  0%| F|  |TAMS 0x0000000621600000, 0x0000000621600000| Untracked 
| 185|0x0000000621800000, 0x0000000621800000, 0x0000000621a00000|  0%| F|  |TAMS 0x0000000621800000, 0x0000000621800000| Untracked 
| 186|0x0000000621a00000, 0x0000000621a00000, 0x0000000621c00000|  0%| F|  |TAMS 0x0000000621a00000, 0x0000000621a00000| Untracked 
| 187|0x0000000621c00000, 0x0000000621c00000, 0x0000000621e00000|  0%| F|  |TAMS 0x0000000621c00000, 0x0000000621c00000| Untracked 
| 188|0x0000000621e00000, 0x0000000621e00000, 0x0000000622000000|  0%| F|  |TAMS 0x0000000621e00000, 0x0000000621e00000| Untracked 
| 189|0x0000000622000000, 0x0000000622000000, 0x0000000622200000|  0%| F|  |TAMS 0x0000000622000000, 0x0000000622000000| Untracked 
| 190|0x0000000622200000, 0x0000000622200000, 0x0000000622400000|  0%| F|  |TAMS 0x0000000622200000, 0x0000000622200000| Untracked 
| 191|0x0000000622400000, 0x0000000622400000, 0x0000000622600000|  0%| F|  |TAMS 0x0000000622400000, 0x0000000622400000| Untracked 
| 192|0x0000000622600000, 0x0000000622600000, 0x0000000622800000|  0%| F|  |TAMS 0x0000000622600000, 0x0000000622600000| Untracked 
| 193|0x0000000622800000, 0x0000000622800000, 0x0000000622a00000|  0%| F|  |TAMS 0x0000000622800000, 0x0000000622800000| Untracked 
| 194|0x0000000622a00000, 0x0000000622a00000, 0x0000000622c00000|  0%| F|  |TAMS 0x0000000622a00000, 0x0000000622a00000| Untracked 
| 195|0x0000000622c00000, 0x0000000622c00000, 0x0000000622e00000|  0%| F|  |TAMS 0x0000000622c00000, 0x0000000622c00000| Untracked 
| 196|0x0000000622e00000, 0x0000000622e00000, 0x0000000623000000|  0%| F|  |TAMS 0x0000000622e00000, 0x0000000622e00000| Untracked 
| 197|0x0000000623000000, 0x0000000623000000, 0x0000000623200000|  0%| F|  |TAMS 0x0000000623000000, 0x0000000623000000| Untracked 
| 198|0x0000000623200000, 0x0000000623200000, 0x0000000623400000|  0%| F|  |TAMS 0x0000000623200000, 0x0000000623200000| Untracked 
| 199|0x0000000623400000, 0x0000000623400000, 0x0000000623600000|  0%| F|  |TAMS 0x0000000623400000, 0x0000000623400000| Untracked 
| 200|0x0000000623600000, 0x0000000623600000, 0x0000000623800000|  0%| F|  |TAMS 0x0000000623600000, 0x0000000623600000| Untracked 
| 201|0x0000000623800000, 0x0000000623800000, 0x0000000623a00000|  0%| F|  |TAMS 0x0000000623800000, 0x0000000623800000| Untracked 
| 202|0x0000000623a00000, 0x0000000623a00000, 0x0000000623c00000|  0%| F|  |TAMS 0x0000000623a00000, 0x0000000623a00000| Untracked 
| 203|0x0000000623c00000, 0x0000000623c00000, 0x0000000623e00000|  0%| F|  |TAMS 0x0000000623c00000, 0x0000000623c00000| Untracked 
| 204|0x0000000623e00000, 0x0000000623e00000, 0x0000000624000000|  0%| F|  |TAMS 0x0000000623e00000, 0x0000000623e00000| Untracked 
| 205|0x0000000624000000, 0x0000000624000000, 0x0000000624200000|  0%| F|  |TAMS 0x0000000624000000, 0x0000000624000000| Untracked 
| 206|0x0000000624200000, 0x0000000624200000, 0x0000000624400000|  0%| F|  |TAMS 0x0000000624200000, 0x0000000624200000| Untracked 
| 207|0x0000000624400000, 0x0000000624400000, 0x0000000624600000|  0%| F|  |TAMS 0x0000000624400000, 0x0000000624400000| Untracked 
| 208|0x0000000624600000, 0x0000000624600000, 0x0000000624800000|  0%| F|  |TAMS 0x0000000624600000, 0x0000000624600000| Untracked 
| 209|0x0000000624800000, 0x0000000624800000, 0x0000000624a00000|  0%| F|  |TAMS 0x0000000624800000, 0x0000000624800000| Untracked 
| 210|0x0000000624a00000, 0x0000000624a00000, 0x0000000624c00000|  0%| F|  |TAMS 0x0000000624a00000, 0x0000000624a00000| Untracked 
| 211|0x0000000624c00000, 0x0000000624c00000, 0x0000000624e00000|  0%| F|  |TAMS 0x0000000624c00000, 0x0000000624c00000| Untracked 
| 212|0x0000000624e00000, 0x0000000624e00000, 0x0000000625000000|  0%| F|  |TAMS 0x0000000624e00000, 0x0000000624e00000| Untracked 
| 213|0x0000000625000000, 0x0000000625000000, 0x0000000625200000|  0%| F|  |TAMS 0x0000000625000000, 0x0000000625000000| Untracked 
| 214|0x0000000625200000, 0x0000000625200000, 0x0000000625400000|  0%| F|  |TAMS 0x0000000625200000, 0x0000000625200000| Untracked 
| 215|0x0000000625400000, 0x0000000625400000, 0x0000000625600000|  0%| F|  |TAMS 0x0000000625400000, 0x0000000625400000| Untracked 
| 216|0x0000000625600000, 0x0000000625600000, 0x0000000625800000|  0%| F|  |TAMS 0x0000000625600000, 0x0000000625600000| Untracked 
| 217|0x0000000625800000, 0x0000000625800000, 0x0000000625a00000|  0%| F|  |TAMS 0x0000000625800000, 0x0000000625800000| Untracked 
| 218|0x0000000625a00000, 0x0000000625a00000, 0x0000000625c00000|  0%| F|  |TAMS 0x0000000625a00000, 0x0000000625a00000| Untracked 
| 219|0x0000000625c00000, 0x0000000625c00000, 0x0000000625e00000|  0%| F|  |TAMS 0x0000000625c00000, 0x0000000625c00000| Untracked 
| 220|0x0000000625e00000, 0x0000000625e00000, 0x0000000626000000|  0%| F|  |TAMS 0x0000000625e00000, 0x0000000625e00000| Untracked 
| 221|0x0000000626000000, 0x0000000626000000, 0x0000000626200000|  0%| F|  |TAMS 0x0000000626000000, 0x0000000626000000| Untracked 
| 222|0x0000000626200000, 0x0000000626200000, 0x0000000626400000|  0%| F|  |TAMS 0x0000000626200000, 0x0000000626200000| Untracked 
| 223|0x0000000626400000, 0x0000000626400000, 0x0000000626600000|  0%| F|  |TAMS 0x0000000626400000, 0x0000000626400000| Untracked 
| 224|0x0000000626600000, 0x0000000626600000, 0x0000000626800000|  0%| F|  |TAMS 0x0000000626600000, 0x0000000626600000| Untracked 
| 225|0x0000000626800000, 0x0000000626800000, 0x0000000626a00000|  0%| F|  |TAMS 0x0000000626800000, 0x0000000626800000| Untracked 
| 226|0x0000000626a00000, 0x0000000626a00000, 0x0000000626c00000|  0%| F|  |TAMS 0x0000000626a00000, 0x0000000626a00000| Untracked 
| 227|0x0000000626c00000, 0x0000000626c00000, 0x0000000626e00000|  0%| F|  |TAMS 0x0000000626c00000, 0x0000000626c00000| Untracked 
| 228|0x0000000626e00000, 0x0000000626e00000, 0x0000000627000000|  0%| F|  |TAMS 0x0000000626e00000, 0x0000000626e00000| Untracked 
| 229|0x0000000627000000, 0x0000000627000000, 0x0000000627200000|  0%| F|  |TAMS 0x0000000627000000, 0x0000000627000000| Untracked 
| 230|0x0000000627200000, 0x0000000627200000, 0x0000000627400000|  0%| F|  |TAMS 0x0000000627200000, 0x0000000627200000| Untracked 
| 231|0x0000000627400000, 0x0000000627400000, 0x0000000627600000|  0%| F|  |TAMS 0x0000000627400000, 0x0000000627400000| Untracked 
| 232|0x0000000627600000, 0x0000000627600000, 0x0000000627800000|  0%| F|  |TAMS 0x0000000627600000, 0x0000000627600000| Untracked 
| 233|0x0000000627800000, 0x0000000627800000, 0x0000000627a00000|  0%| F|  |TAMS 0x0000000627800000, 0x0000000627800000| Untracked 
| 234|0x0000000627a00000, 0x0000000627a00000, 0x0000000627c00000|  0%| F|  |TAMS 0x0000000627a00000, 0x0000000627a00000| Untracked 
| 235|0x0000000627c00000, 0x0000000627c00000, 0x0000000627e00000|  0%| F|  |TAMS 0x0000000627c00000, 0x0000000627c00000| Untracked 
| 236|0x0000000627e00000, 0x0000000627e00000, 0x0000000628000000|  0%| F|  |TAMS 0x0000000627e00000, 0x0000000627e00000| Untracked 
| 237|0x0000000628000000, 0x0000000628000000, 0x0000000628200000|  0%| F|  |TAMS 0x0000000628000000, 0x0000000628000000| Untracked 
| 238|0x0000000628200000, 0x0000000628200000, 0x0000000628400000|  0%| F|  |TAMS 0x0000000628200000, 0x0000000628200000| Untracked 
| 239|0x0000000628400000, 0x0000000628400000, 0x0000000628600000|  0%| F|  |TAMS 0x0000000628400000, 0x0000000628400000| Untracked 
| 240|0x0000000628600000, 0x0000000628600000, 0x0000000628800000|  0%| F|  |TAMS 0x0000000628600000, 0x0000000628600000| Untracked 
| 241|0x0000000628800000, 0x0000000628800000, 0x0000000628a00000|  0%| F|  |TAMS 0x0000000628800000, 0x0000000628800000| Untracked 
| 242|0x0000000628a00000, 0x0000000628becb60, 0x0000000628c00000| 96%| E|  |TAMS 0x0000000628a00000, 0x0000000628a00000| Complete 
| 243|0x0000000628c00000, 0x0000000628e00000, 0x0000000628e00000|100%| E|CS|TAMS 0x0000000628c00000, 0x0000000628c00000| Complete 
| 244|0x0000000628e00000, 0x0000000629000000, 0x0000000629000000|100%| E|CS|TAMS 0x0000000628e00000, 0x0000000628e00000| Complete 
| 245|0x0000000629000000, 0x0000000629200000, 0x0000000629200000|100%| E|CS|TAMS 0x0000000629000000, 0x0000000629000000| Complete 
| 246|0x0000000629200000, 0x0000000629400000, 0x0000000629400000|100%| E|CS|TAMS 0x0000000629200000, 0x0000000629200000| Complete 
| 247|0x0000000629400000, 0x0000000629600000, 0x0000000629600000|100%| E|  |TAMS 0x0000000629400000, 0x0000000629400000| Complete 
| 248|0x0000000629600000, 0x0000000629800000, 0x0000000629800000|100%| E|CS|TAMS 0x0000000629600000, 0x0000000629600000| Complete 
| 249|0x0000000629800000, 0x0000000629a00000, 0x0000000629a00000|100%| E|CS|TAMS 0x0000000629800000, 0x0000000629800000| Complete 
| 250|0x0000000629a00000, 0x0000000629c00000, 0x0000000629c00000|100%| E|CS|TAMS 0x0000000629a00000, 0x0000000629a00000| Complete 
|4011|0x00000007ffc00000, 0x00000007ffd52000, 0x00000007ffe00000| 66%|OA|  |TAMS 0x00000007ffc00000, 0x00000007ffc00000| Untracked 
|4012|0x00000007ffe00000, 0x00000007ffe7f000, 0x0000000800000000| 24%|CA|  |TAMS 0x00000007ffe00000, 0x00000007ffe00000| Untracked 

Card table byte_map: [0x00007fd9f5d2f000,0x00007fd9f6cdc000] _byte_map_base: 0x00007fd9f2cdc000

Marking Bits (Prev, Next): (CMBitMap*) 0x00007fda1005a0a8, (CMBitMap*) 0x00007fda1005a0e8
 Prev Bits: [0x00007fd9ed01a000, 0x00007fd9f4d82000)
 Next Bits: [0x00007fd9e52b2000, 0x00007fd9ed01a000)

Polling page: 0x00007fda171a6000

Metaspace:

Usage:
  Non-class:      7,68 MB capacity,     4,90 MB ( 64%) used,     2,77 MB ( 36%) free+waste,     7,50 KB ( <1%) overhead. 
      Class:    589,00 KB capacity,   269,94 KB ( 46%) used,   316,12 KB ( 54%) free+waste,     2,94 KB ( <1%) overhead. 
       Both:      8,25 MB capacity,     5,16 MB ( 63%) used,     3,08 MB ( 37%) free+waste,    10,44 KB ( <1%) overhead. 

Virtual space:
  Non-class space:        8,00 MB reserved,       8,00 MB (100%) committed 
      Class space:        1,00 GB reserved,     640,00 KB ( <1%) committed 
             Both:        1,01 GB reserved,       8,62 MB ( <1%) committed 

Chunk freelists:
   Non-Class:  93,00 KB
       Class:  19,00 KB
        Both:  112,00 KB

MaxMetaspaceSize: unlimited
CompressedClassSpaceSize: 1,00 GB

CodeHeap 'non-profiled nmethods': size=120028Kb used=190Kb max_used=190Kb free=119837Kb
 bounds [0x00007fd9ff752000, 0x00007fd9ff9c2000, 0x00007fda06c89000]
CodeHeap 'profiled nmethods': size=120028Kb used=1073Kb max_used=1073Kb free=118954Kb
 bounds [0x00007fd9f821b000, 0x00007fd9f848b000, 0x00007fd9ff752000]
CodeHeap 'non-nmethods': size=5704Kb used=1568Kb max_used=1588Kb free=4135Kb
 bounds [0x00007fd9f7c89000, 0x00007fd9f7ef9000, 0x00007fd9f821b000]
 total_blobs=1574 nmethods=623 adapters=865
 compilation: enabled
              stopped_count=0, restarted_count=0
 full_count=0

Compilation events (20 events):
Event: 0,294 Thread 0x00007fda10263800  608       1       jdk.internal.org.objectweb.asm.SymbolTable::getMajorVersion (5 bytes)
Event: 0,294 Thread 0x00007fda10263800 nmethod 608 0x00007fd9ff781610 code [0x00007fd9ff7817a0, 0x00007fd9ff781870]
Event: 0,294 Thread 0x00007fda10263800  615   !   3       jdk.internal.ref.PhantomCleanable::insert (53 bytes)
Event: 0,294 Thread 0x00007fda10263800 nmethod 615 0x00007fd9f8322290 code [0x00007fd9f8322440, 0x00007fd9f83228d0]
Event: 0,294 Thread 0x00007fda10263800  616       3       java.lang.invoke.MemberName::isStatic (8 bytes)
Event: 0,294 Thread 0x00007fda10263800 nmethod 616 0x00007fd9f8322a90 code [0x00007fd9f8322c20, 0x00007fd9f8322df0]
Event: 0,294 Thread 0x00007fda10263800  617       3       java.lang.invoke.MemberName::getReferenceKind (12 bytes)
Event: 0,294 Thread 0x00007fda10263800 nmethod 617 0x00007fd9f8322e90 code [0x00007fd9f8323020, 0x00007fd9f8323150]
Event: 0,295 Thread 0x00007fda10263800  618       3       jdk.internal.ref.CleanerFactory::cleaner (4 bytes)
Event: 0,295 Thread 0x00007fda10263800 nmethod 618 0x00007fd9f8323210 code [0x00007fd9f83233a0, 0x00007fd9f8323490]
Event: 0,295 Thread 0x00007fda10263800  619       3       java.lang.ClassLoader::definePackage (85 bytes)
Event: 0,295 Thread 0x00007fda10263800 nmethod 619 0x00007fd9f8323510 code [0x00007fd9f8323800, 0x00007fd9f83249f0]
Event: 0,295 Thread 0x00007fda10263800  622       3       java.io.UnixFileSystem::prefixLength (25 bytes)
Event: 0,296 Thread 0x00007fda10263800 nmethod 622 0x00007fd9f8324f10 code [0x00007fd9f8325120, 0x00007fd9f83257d0]
Event: 0,296 Thread 0x00007fda10263800  620       3       java.lang.Package::isSealed (26 bytes)
Event: 0,296 Thread 0x00007fda10263800 nmethod 620 0x00007fd9f8325a10 code [0x00007fd9f8325bc0, 0x00007fd9f8325ef0]
Event: 0,296 Thread 0x00007fda10263800  623       3       java.io.File::isInvalid (48 bytes)
Event: 0,296 Thread 0x00007fda10263800 nmethod 623 0x00007fd9f8326010 code [0x00007fd9f83261e0, 0x00007fd9f83266d0]
Event: 0,296 Thread 0x00007fda10263800  621       3       java.lang.ClassLoader::compareCerts (201 bytes)
Event: 0,296 Thread 0x00007fda10263800 nmethod 621 0x00007fd9f8326890 code [0x00007fd9f8326aa0, 0x00007fd9f8327350]

GC Heap History (0 events):
No events

Deoptimization events (14 events):
Event: 0,048 Thread 0x00007fda10017800 DEOPT PACKING pc=0x00007fd9f8246810 sp=0x00007fda15983d20
Event: 0,048 Thread 0x00007fda10017800 DEOPT UNPACKING pc=0x00007fd9f7cd233a sp=0x00007fda15983198 mode 0
Event: 0,054 Thread 0x00007fda10017800 DEOPT PACKING pc=0x00007fd9f82429a2 sp=0x00007fda15986d50
Event: 0,055 Thread 0x00007fda10017800 DEOPT UNPACKING pc=0x00007fd9f7cd233a sp=0x00007fda159861d8 mode 0
Event: 0,062 Thread 0x00007fda10017800 DEOPT PACKING pc=0x00007fd9f8230d2f sp=0x00007fda15983580
Event: 0,062 Thread 0x00007fda10017800 DEOPT UNPACKING pc=0x00007fd9f7cd233a sp=0x00007fda15982a28 mode 0
Event: 0,063 Thread 0x00007fda10017800 DEOPT PACKING pc=0x00007fd9f8230d2f sp=0x00007fda159869a0
Event: 0,063 Thread 0x00007fda10017800 DEOPT UNPACKING pc=0x00007fd9f7cd233a sp=0x00007fda15985e48 mode 0
Event: 0,208 Thread 0x00007fda10017800 Uncommon trap: trap_request=0xffffff54 fr.pc=0x00007fd9ff7743e8 relative=0x0000000000000068
Event: 0,208 Thread 0x00007fda10017800 Uncommon trap: reason=speculate_null_assert action=make_not_entrant pc=0x00007fd9ff7743e8 method=sun.misc.Unsafe.getLong(Ljava/lang/Object;J)J @ 5 c2
Event: 0,208 Thread 0x00007fda10017800 DEOPT PACKING pc=0x00007fd9ff7743e8 sp=0x00007fda15988570
Event: 0,208 Thread 0x00007fda10017800 DEOPT UNPACKING pc=0x00007fd9f7cd1e25 sp=0x00007fda15988518 mode 2
Event: 0,247 Thread 0x00007fda10017800 DEOPT PACKING pc=0x00007fd9f824ab68 sp=0x00007fda159877c0
Event: 0,247 Thread 0x00007fda10017800 DEOPT UNPACKING pc=0x00007fd9f7cd233a sp=0x00007fda15986c30 mode 0

Classes unloaded (0 events):
No events

Classes redefined (0 events):
No events

Internal exceptions (7 events):
Event: 0,059 Thread 0x00007fda10017800 Exception <a 'java/lang/NoSuchMethodError'{0x00000006298af128}: 'void java.lang.invoke.DelegatingMethodHandle$Holder.delegate(java.lang.Object, java.lang.Object, int, java.lang.Object)'> (0x00000006298af128) 
thrown [src/hotspot/share/interpreter/linkResolver.cpp, line 765]
Event: 0,060 Thread 0x00007fda10017800 Exception <a 'java/lang/NoSuchMethodError'{0x00000006298b5b30}: 'java.lang.Object java.lang.invoke.DirectMethodHandle$Holder.invokeStaticInit(java.lang.Object, java.lang.Object, java.lang.Object)'> (0x00000006298b5b30) 
thrown [src/hotspot/share/interpreter/linkResolver.cpp, line 765]
Event: 0,076 Thread 0x00007fda10017800 Exception <a 'sun/nio/fs/UnixException'{0x00000006299744b8}> (0x00000006299744b8) 
thrown [src/hotspot/share/prims/jni.cpp, line 599]
Event: 0,082 Thread 0x00007fda10017800 Exception <a 'sun/nio/fs/UnixException'{0x000000062999d338}> (0x000000062999d338) 
thrown [src/hotspot/share/prims/jni.cpp, line 599]
Event: 0,186 Thread 0x00007fda10017800 Exception <a 'sun/nio/fs/UnixException'{0x000000062970aa50}> (0x000000062970aa50) 
thrown [src/hotspot/share/prims/jni.cpp, line 599]
Event: 0,188 Thread 0x00007fda10017800 Exception <a 'sun/nio/fs/UnixException'{0x0000000629727f80}> (0x0000000629727f80) 
thrown [src/hotspot/share/prims/jni.cpp, line 599]
Event: 0,290 Thread 0x00007fda10017800 Exception <a 'java/lang/NoSuchMethodError'{0x0000000628a724d0}: 'void java.lang.invoke.DirectMethodHandle$Holder.invokeStatic(java.lang.Object, long, int, int)'> (0x0000000628a724d0) 
thrown [src/hotspot/share/interpreter/linkResolver.cpp, line 765]

Events (20 events):
Event: 0,089 loading class java/nio/BufferOverflowException
Event: 0,089 loading class java/nio/BufferOverflowException done
Event: 0,089 loading class java/nio/InvalidMarkException
Event: 0,089 loading class java/nio/InvalidMarkException done
Event: 0,089 loading class java/nio/BufferUnderflowException
Event: 0,089 loading class java/nio/BufferUnderflowException done
Event: 0,090 loading class java/lang/IndexOutOfBoundsException
Event: 0,090 loading class java/lang/IndexOutOfBoundsException done
Event: 0,186 Loaded shared library /tmp/lwjglsamuel/3.2.3-build-13/liblwjgl_opengl.so
Event: 0,191 loading class java/util/LinkedHashSet
Event: 0,191 loading class java/util/LinkedHashSet done
Event: 0,191 Executing VM operation: HandshakeAllThreads
Event: 0,191 Executing VM operation: HandshakeAllThreads done
Event: 0,212 Loaded shared library /tmp/lwjglsamuel/3.2.3-build-13/liblwjgl.so
Event: 0,247 Thread 0x00007fd9b018f800 Thread added: 0x00007fd9b018f800
Event: 0,247 Protecting memory [0x00007fd99daf5000,0x00007fd99daf9000] with protection modes 0
Event: 0,281 loading class jdk/internal/reflect/UnsafeQualifiedLongFieldAccessorImpl
Event: 0,281 loading class jdk/internal/reflect/UnsafeQualifiedFieldAccessorImpl
Event: 0,281 loading class jdk/internal/reflect/UnsafeQualifiedFieldAccessorImpl done
Event: 0,281 loading class jdk/internal/reflect/UnsafeQualifiedLongFieldAccessorImpl done


Dynamic libraries:
4139b000-4139d000 r-xs 00000000 00:01 263964                             /memfd:/.glXXXXXX (deleted)
41ce4000-41d93000 rw-p 00000000 00:00 0 
60a600000-629c00000 rw-p 00000000 00:00 0 
629c00000-7ffc00000 ---p 00000000 00:00 0 
7ffc00000-7ffd00000 rw-p 00000000 00:00 0 
7ffd00000-7ffd52000 rw-p 00bc5000 103:02 12061554                        /usr/lib/jvm/java-14-openjdk-amd64/lib/server/classes.jsa
7ffd52000-7ffe00000 rw-p 00000000 00:00 0 
7ffe00000-7ffe7f000 rw-p 00b46000 103:02 12061554                        /usr/lib/jvm/java-14-openjdk-amd64/lib/server/classes.jsa
7ffe7f000-800000000 rw-p 00000000 00:00 0 
800000000-800003000 rwxp 00001000 103:02 12061554                        /usr/lib/jvm/java-14-openjdk-amd64/lib/server/classes.jsa
800003000-8003e7000 rw-p 00004000 103:02 12061554                        /usr/lib/jvm/java-14-openjdk-amd64/lib/server/classes.jsa
8003e7000-800b17000 r--p 003e8000 103:02 12061554                        /usr/lib/jvm/java-14-openjdk-amd64/lib/server/classes.jsa
800b17000-800b18000 rw-p 00b18000 103:02 12061554                        /usr/lib/jvm/java-14-openjdk-amd64/lib/server/classes.jsa
800b18000-800bb8000 rw-p 00000000 00:00 0 
800bb8000-840b18000 ---p 00000000 00:00 0 
55702e47b000-55702e47c000 r--p 00000000 103:02 12061092                  /usr/lib/jvm/java-14-openjdk-amd64/bin/java
55702e47c000-55702e47d000 r-xp 00001000 103:02 12061092                  /usr/lib/jvm/java-14-openjdk-amd64/bin/java
55702e47d000-55702e47e000 r--p 00002000 103:02 12061092                  /usr/lib/jvm/java-14-openjdk-amd64/bin/java
55702e47e000-55702e47f000 r--p 00002000 103:02 12061092                  /usr/lib/jvm/java-14-openjdk-amd64/bin/java
55702e47f000-55702e480000 rw-p 00003000 103:02 12061092                  /usr/lib/jvm/java-14-openjdk-amd64/bin/java
55702f99c000-55702f9bd000 rw-p 00000000 00:00 0                          [heap]
7fd998000000-7fd9980e5000 rw-p 00000000 00:00 0 
7fd9980e5000-7fd99c000000 ---p 00000000 00:00 0 
7fd99daf5000-7fd99daf9000 ---p 00000000 00:00 0 
7fd99daf9000-7fd99dbf6000 rw-p 00000000 00:00 0 
7fd99dbf6000-7fd99dc4e000 r-xp 00000000 103:02 29622477                  /tmp/lwjglsamuel/3.2.3-build-13/liblwjgl_opengl.so
7fd99dc4e000-7fd99de4d000 ---p 00058000 103:02 29622477                  /tmp/lwjglsamuel/3.2.3-build-13/liblwjgl_opengl.so
7fd99de4d000-7fd99de4e000 r--p 00057000 103:02 29622477                  /tmp/lwjglsamuel/3.2.3-build-13/liblwjgl_opengl.so
7fd99de4e000-7fd99de4f000 rw-p 00058000 103:02 29622477                  /tmp/lwjglsamuel/3.2.3-build-13/liblwjgl_opengl.so
7fd99de4f000-7fd99de52000 r--p 00000000 103:02 12067213                  /usr/lib/x86_64-linux-gnu/libxcb-sync.so.1.0.0
7fd99de52000-7fd99de55000 r-xp 00003000 103:02 12067213                  /usr/lib/x86_64-linux-gnu/libxcb-sync.so.1.0.0
7fd99de55000-7fd99de56000 r--p 00006000 103:02 12067213                  /usr/lib/x86_64-linux-gnu/libxcb-sync.so.1.0.0
7fd99de56000-7fd99de57000 ---p 00007000 103:02 12067213                  /usr/lib/x86_64-linux-gnu/libxcb-sync.so.1.0.0
7fd99de57000-7fd99de58000 r--p 00007000 103:02 12067213                  /usr/lib/x86_64-linux-gnu/libxcb-sync.so.1.0.0
7fd99de58000-7fd99de59000 rw-p 00008000 103:02 12067213                  /usr/lib/x86_64-linux-gnu/libxcb-sync.so.1.0.0
7fd99de59000-7fd99ded9000 rw-s 00000000 00:05 644                        /dev/nvidiactl
7fd99ded9000-7fd99dfd9000 rw-s 00000000 00:05 644                        /dev/nvidiactl
7fd99dfd9000-7fd99e019000 rw-s 00000000 00:05 644                        /dev/nvidiactl
7fd99e019000-7fd99e039000 rw-s 00000000 00:05 644                        /dev/nvidiactl
7fd99e039000-7fd99e079000 rw-s 00000000 00:05 644                        /dev/nvidiactl
7fd99e079000-7fd99e0f9000 rw-s 00000000 00:05 645                        /dev/nvidia0
7fd99e0f9000-7fd99f287000 r-xp 00000000 103:02 12064133                  /usr/lib/x86_64-linux-gnu/libnvidia-glcore.so.460.32.03
7fd99f287000-7fd99f2a8000 rwxp 0118e000 103:02 12064133                  /usr/lib/x86_64-linux-gnu/libnvidia-glcore.so.460.32.03
7fd99f2a8000-7fd99f7b8000 r-xp 011af000 103:02 12064133                  /usr/lib/x86_64-linux-gnu/libnvidia-glcore.so.460.32.03
7fd99f7b8000-7fd99f9b7000 ---p 016bf000 103:02 12064133                  /usr/lib/x86_64-linux-gnu/libnvidia-glcore.so.460.32.03
7fd99f9b7000-7fd99fef3000 r--p 016be000 103:02 12064133                  /usr/lib/x86_64-linux-gnu/libnvidia-glcore.so.460.32.03
7fd99fef3000-7fd99ffe2000 rw-p 01bfa000 103:02 12064133                  /usr/lib/x86_64-linux-gnu/libnvidia-glcore.so.460.32.03
7fd99ffe2000-7fd9a0000000 rw-p 00000000 00:00 0 
7fd9a0000000-7fd9a0021000 rw-p 00000000 00:00 0 
7fd9a0021000-7fd9a4000000 ---p 00000000 00:00 0 
7fd9a4000000-7fd9a4021000 rw-p 00000000 00:00 0 
7fd9a4021000-7fd9a8000000 ---p 00000000 00:00 0 
7fd9a8000000-7fd9a8021000 rw-p 00000000 00:00 0 
7fd9a8021000-7fd9ac000000 ---p 00000000 00:00 0 
7fd9ac000000-7fd9ac021000 rw-p 00000000 00:00 0 
7fd9ac021000-7fd9b0000000 ---p 00000000 00:00 0 
7fd9b0000000-7fd9b03ea000 rw-p 00000000 00:00 0 
7fd9b03ea000-7fd9b4000000 ---p 00000000 00:00 0 
7fd9b4000000-7fd9b4241000 rw-p 00000000 00:00 0 
7fd9b4241000-7fd9b8000000 ---p 00000000 00:00 0 
7fd9b8000000-7fd9b8021000 rw-p 00000000 00:00 0 
7fd9b8021000-7fd9bc000000 ---p 00000000 00:00 0 
7fd9bc000000-7fd9bc021000 rw-p 00000000 00:00 0 
7fd9bc021000-7fd9c0000000 ---p 00000000 00:00 0 
7fd9c0000000-7fd9c0021000 rw-p 00000000 00:00 0 
7fd9c0021000-7fd9c4000000 ---p 00000000 00:00 0 
7fd9c4000000-7fd9c4021000 rw-p 00000000 00:00 0 
7fd9c4021000-7fd9c8000000 ---p 00000000 00:00 0 
7fd9c8000000-7fd9c8021000 rw-p 00000000 00:00 0 
7fd9c8021000-7fd9cc000000 ---p 00000000 00:00 0 
7fd9cc000000-7fd9cc021000 rw-p 00000000 00:00 0 
7fd9cc021000-7fd9d0000000 ---p 00000000 00:00 0 
7fd9d0000000-7fd9d0021000 rw-p 00000000 00:00 0 
7fd9d0021000-7fd9d4000000 ---p 00000000 00:00 0 
7fd9d4001000-7fd9d4002000 r--p 00000000 103:02 12067199                  /usr/lib/x86_64-linux-gnu/libxcb-present.so.0.0.0
7fd9d4002000-7fd9d4003000 r-xp 00001000 103:02 12067199                  /usr/lib/x86_64-linux-gnu/libxcb-present.so.0.0.0
7fd9d4003000-7fd9d4004000 r--p 00002000 103:02 12067199                  /usr/lib/x86_64-linux-gnu/libxcb-present.so.0.0.0
7fd9d4004000-7fd9d4005000 r--p 00002000 103:02 12067199                  /usr/lib/x86_64-linux-gnu/libxcb-present.so.0.0.0
7fd9d4005000-7fd9d4006000 rw-p 00003000 103:02 12067199                  /usr/lib/x86_64-linux-gnu/libxcb-present.so.0.0.0
7fd9d4006000-7fd9d4008000 r--p 00000000 103:02 12067189                  /usr/lib/x86_64-linux-gnu/libxcb-dri3.so.0.0.0
7fd9d4008000-7fd9d4009000 r-xp 00002000 103:02 12067189                  /usr/lib/x86_64-linux-gnu/libxcb-dri3.so.0.0.0
7fd9d4009000-7fd9d400a000 r--p 00003000 103:02 12067189                  /usr/lib/x86_64-linux-gnu/libxcb-dri3.so.0.0.0
7fd9d400a000-7fd9d400b000 r--p 00003000 103:02 12067189                  /usr/lib/x86_64-linux-gnu/libxcb-dri3.so.0.0.0
7fd9d400b000-7fd9d400c000 rw-p 00004000 103:02 12067189                  /usr/lib/x86_64-linux-gnu/libxcb-dri3.so.0.0.0
7fd9d400c000-7fd9d401f000 rw-s 00000000 00:05 644                        /dev/nvidiactl
7fd9d401f000-7fd9d403f000 rw-s 00000000 00:05 644                        /dev/nvidiactl
7fd9d403f000-7fd9d407f000 rw-s 00000000 00:05 644                        /dev/nvidiactl
7fd9d407f000-7fd9d409f000 rw-s 00000000 00:05 644                        /dev/nvidiactl
7fd9d409f000-7fd9d4244000 rw-s 00000000 00:01 58523                      /memfd:/.nvidia_drv.XXXXXX (deleted)
7fd9d4244000-7fd9d4248000 r--p 00000000 103:02 12063964                  /usr/lib/x86_64-linux-gnu/libdrm.so.2.4.0
7fd9d4248000-7fd9d4252000 r-xp 00004000 103:02 12063964                  /usr/lib/x86_64-linux-gnu/libdrm.so.2.4.0
7fd9d4252000-7fd9d4256000 r--p 0000e000 103:02 12063964                  /usr/lib/x86_64-linux-gnu/libdrm.so.2.4.0
7fd9d4256000-7fd9d4257000 r--p 00011000 103:02 12063964                  /usr/lib/x86_64-linux-gnu/libdrm.so.2.4.0
7fd9d4257000-7fd9d4258000 rw-p 00012000 103:02 12063964                  /usr/lib/x86_64-linux-gnu/libdrm.so.2.4.0
7fd9d4267000-7fd9d426a000 rw-s 00000000 00:05 644                        /dev/nvidiactl
7fd9d426a000-7fd9d4275000 r--p 00000000 103:02 12067191                  /usr/lib/x86_64-linux-gnu/libxcb-glx.so.0.0.0
7fd9d4275000-7fd9d427e000 r-xp 0000b000 103:02 12067191                  /usr/lib/x86_64-linux-gnu/libxcb-glx.so.0.0.0
7fd9d427e000-7fd9d4283000 r--p 00014000 103:02 12067191                  /usr/lib/x86_64-linux-gnu/libxcb-glx.so.0.0.0
7fd9d4283000-7fd9d4284000 ---p 00019000 103:02 12067191                  /usr/lib/x86_64-linux-gnu/libxcb-glx.so.0.0.0
7fd9d4284000-7fd9d4286000 r--p 00019000 103:02 12067191                  /usr/lib/x86_64-linux-gnu/libxcb-glx.so.0.0.0
7fd9d4286000-7fd9d4287000 rw-p 0001b000 103:02 12067191                  /usr/lib/x86_64-linux-gnu/libxcb-glx.so.0.0.0
7fd9d4287000-7fd9d428a000 r-xp 00000000 103:02 12064138                  /usr/lib/x86_64-linux-gnu/libnvidia-tls.so.460.32.03
7fd9d428a000-7fd9d448a000 ---p 00003000 103:02 12064138                  /usr/lib/x86_64-linux-gnu/libnvidia-tls.so.460.32.03
7fd9d448a000-7fd9d448b000 r--p 00003000 103:02 12064138                  /usr/lib/x86_64-linux-gnu/libnvidia-tls.so.460.32.03
7fd9d448b000-7fd9d448c000 rw-p 00004000 103:02 12064138                  /usr/lib/x86_64-linux-gnu/libnvidia-tls.so.460.32.03
7fd9d448c000-7fd9d452c000 r-xp 00000000 103:02 12064130                  /usr/lib/x86_64-linux-gnu/libGLX_nvidia.so.460.32.03
7fd9d452c000-7fd9d4561000 rwxp 000a0000 103:02 12064130                  /usr/lib/x86_64-linux-gnu/libGLX_nvidia.so.460.32.03
7fd9d4561000-7fd9d4568000 r-xp 000d5000 103:02 12064130                  /usr/lib/x86_64-linux-gnu/libGLX_nvidia.so.460.32.03
7fd9d4568000-7fd9d4767000 ---p 000dc000 103:02 12064130                  /usr/lib/x86_64-linux-gnu/libGLX_nvidia.so.460.32.03
7fd9d4767000-7fd9d47af000 r--p 000db000 103:02 12064130                  /usr/lib/x86_64-linux-gnu/libGLX_nvidia.so.460.32.03
7fd9d47af000-7fd9d47b4000 rw-p 00123000 103:02 12064130                  /usr/lib/x86_64-linux-gnu/libGLX_nvidia.so.460.32.03
7fd9d47b4000-7fd9d47b6000 rw-p 00000000 00:00 0 
7fd9d47b6000-7fd9d47b9000 r--p 00000000 103:02 12064024                  /usr/lib/x86_64-linux-gnu/libGLX.so.0.0.0
7fd9d47b9000-7fd9d47d4000 r-xp 00003000 103:02 12064024                  /usr/lib/x86_64-linux-gnu/libGLX.so.0.0.0
7fd9d47d4000-7fd9d47d8000 r--p 0001e000 103:02 12064024                  /usr/lib/x86_64-linux-gnu/libGLX.so.0.0.0
7fd9d47d8000-7fd9d47d9000 r--p 00021000 103:02 12064024                  /usr/lib/x86_64-linux-gnu/libGLX.so.0.0.0
7fd9d47d9000-7fd9d47da000 rw-p 00022000 103:02 12064024                  /usr/lib/x86_64-linux-gnu/libGLX.so.0.0.0
7fd9d47da000-7fd9d47ea000 rw-p 00000000 00:00 0 
7fd9d47ea000-7fd9d482a000 r--p 00000000 103:02 12064028                  /usr/lib/x86_64-linux-gnu/libGLdispatch.so.0.0.0
7fd9d482a000-7fd9d482d000 r-xp 00040000 103:02 12064028                  /usr/lib/x86_64-linux-gnu/libGLdispatch.so.0.0.0
7fd9d482d000-7fd9d4868000 r-xp 00043000 103:02 12064028                  /usr/lib/x86_64-linux-gnu/libGLdispatch.so.0.0.0
7fd9d4868000-7fd9d4869000 r-xp 0007e000 103:02 12064028                  /usr/lib/x86_64-linux-gnu/libGLdispatch.so.0.0.0
7fd9d4869000-7fd9d487d000 r--p 0007f000 103:02 12064028                  /usr/lib/x86_64-linux-gnu/libGLdispatch.so.0.0.0
7fd9d487d000-7fd9d4899000 r--p 00092000 103:02 12064028                  /usr/lib/x86_64-linux-gnu/libGLdispatch.so.0.0.0
7fd9d4899000-7fd9d489a000 rw-p 000ae000 103:02 12064028                  /usr/lib/x86_64-linux-gnu/libGLdispatch.so.0.0.0
7fd9d489a000-7fd9d48a2000 rw-p 00000000 00:00 0 
7fd9d48a2000-7fd9d48e5000 r--p 00000000 103:02 12064022                  /usr/lib/x86_64-linux-gnu/libGL.so.1.7.0
7fd9d48e5000-7fd9d48e9000 r-xp 00043000 103:02 12064022                  /usr/lib/x86_64-linux-gnu/libGL.so.1.7.0
7fd9d48e9000-7fd9d4904000 r-xp 00047000 103:02 12064022                  /usr/lib/x86_64-linux-gnu/libGL.so.1.7.0
7fd9d4904000-7fd9d4905000 r-xp 00062000 103:02 12064022                  /usr/lib/x86_64-linux-gnu/libGL.so.1.7.0
7fd9d4905000-7fd9d491a000 r--p 00063000 103:02 12064022                  /usr/lib/x86_64-linux-gnu/libGL.so.1.7.0
7fd9d491a000-7fd9d4928000 r--p 00077000 103:02 12064022                  /usr/lib/x86_64-linux-gnu/libGL.so.1.7.0
7fd9d4928000-7fd9d4929000 rw-p 00085000 103:02 12064022                  /usr/lib/x86_64-linux-gnu/libGL.so.1.7.0
7fd9d4929000-7fd9d492a000 rw-p 00000000 00:00 0 
7fd9d492a000-7fd9d492c000 rw-s 00000000 00:01 263964                     /memfd:/.glXXXXXX (deleted)
7fd9d492c000-7fd9d493c000 rw-s 00000000 00:05 645                        /dev/nvidia0
7fd9d493c000-7fd9d493d000 r--p 00000000 103:02 12063984                  /usr/lib/x86_64-linux-gnu/libX11-xcb.so.1.0.0
7fd9d493d000-7fd9d493e000 r-xp 00001000 103:02 12063984                  /usr/lib/x86_64-linux-gnu/libX11-xcb.so.1.0.0
7fd9d493e000-7fd9d493f000 r--p 00002000 103:02 12063984                  /usr/lib/x86_64-linux-gnu/libX11-xcb.so.1.0.0
7fd9d493f000-7fd9d4940000 r--p 00002000 103:02 12063984                  /usr/lib/x86_64-linux-gnu/libX11-xcb.so.1.0.0
7fd9d4940000-7fd9d4941000 rw-p 00003000 103:02 12063984                  /usr/lib/x86_64-linux-gnu/libX11-xcb.so.1.0.0
7fd9d4941000-7fd9d4943000 r--p 00000000 103:02 12065785                  /usr/lib/x86_64-linux-gnu/libXfixes.so.3.1.0
7fd9d4943000-7fd9d4946000 r-xp 00002000 103:02 12065785                  /usr/lib/x86_64-linux-gnu/libXfixes.so.3.1.0
7fd9d4946000-7fd9d4947000 r--p 00005000 103:02 12065785                  /usr/lib/x86_64-linux-gnu/libXfixes.so.3.1.0
7fd9d4947000-7fd9d4948000 r--p 00005000 103:02 12065785                  /usr/lib/x86_64-linux-gnu/libXfixes.so.3.1.0
7fd9d4948000-7fd9d4949000 rw-p 00006000 103:02 12065785                  /usr/lib/x86_64-linux-gnu/libXfixes.so.3.1.0
7fd9d4949000-7fd9d494c000 r--p 00000000 103:02 12065777                  /usr/lib/x86_64-linux-gnu/libXcursor.so.1.0.2
7fd9d494c000-7fd9d4952000 r-xp 00003000 103:02 12065777                  /usr/lib/x86_64-linux-gnu/libXcursor.so.1.0.2
7fd9d4952000-7fd9d4954000 r--p 00009000 103:02 12065777                  /usr/lib/x86_64-linux-gnu/libXcursor.so.1.0.2
7fd9d4954000-7fd9d4955000 r--p 0000a000 103:02 12065777                  /usr/lib/x86_64-linux-gnu/libXcursor.so.1.0.2
7fd9d4955000-7fd9d4956000 rw-p 0000b000 103:02 12065777                  /usr/lib/x86_64-linux-gnu/libXcursor.so.1.0.2
7fd9d4956000-7fd9d495f000 r-xp 00000000 103:02 12065803                  /usr/lib/x86_64-linux-gnu/libXrender.so.1.3.0
7fd9d495f000-7fd9d4b5e000 ---p 00009000 103:02 12065803                  /usr/lib/x86_64-linux-gnu/libXrender.so.1.3.0
7fd9d4b5e000-7fd9d4b5f000 r--p 00008000 103:02 12065803                  /usr/lib/x86_64-linux-gnu/libXrender.so.1.3.0
7fd9d4b5f000-7fd9d4b60000 rw-p 00009000 103:02 12065803                  /usr/lib/x86_64-linux-gnu/libXrender.so.1.3.0
7fd9d4b60000-7fd9d4b62000 r--p 00000000 103:02 12065801                  /usr/lib/x86_64-linux-gnu/libXrandr.so.2.2.0
7fd9d4b62000-7fd9d4b69000 r-xp 00002000 103:02 12065801                  /usr/lib/x86_64-linux-gnu/libXrandr.so.2.2.0
7fd9d4b69000-7fd9d4b6b000 r--p 00009000 103:02 12065801                  /usr/lib/x86_64-linux-gnu/libXrandr.so.2.2.0
7fd9d4b6b000-7fd9d4b6c000 r--p 0000a000 103:02 12065801                  /usr/lib/x86_64-linux-gnu/libXrandr.so.2.2.0
7fd9d4b6c000-7fd9d4b6d000 rw-p 0000b000 103:02 12065801                  /usr/lib/x86_64-linux-gnu/libXrandr.so.2.2.0
7fd9d4b6d000-7fd9d4b6f000 r--p 00000000 103:02 12065791                  /usr/lib/x86_64-linux-gnu/libXi.so.6.1.0
7fd9d4b6f000-7fd9d4b7a000 r-xp 00002000 103:02 12065791                  /usr/lib/x86_64-linux-gnu/libXi.so.6.1.0
7fd9d4b7a000-7fd9d4b7d000 r--p 0000d000 103:02 12065791                  /usr/lib/x86_64-linux-gnu/libXi.so.6.1.0
7fd9d4b7d000-7fd9d4b7e000 r--p 0000f000 103:02 12065791                  /usr/lib/x86_64-linux-gnu/libXi.so.6.1.0
7fd9d4b7e000-7fd9d4b7f000 rw-p 00010000 103:02 12065791                  /usr/lib/x86_64-linux-gnu/libXi.so.6.1.0
7fd9d4b7f000-7fd9d4b83000 r--p 00000000 103:02 12065783                  /usr/lib/x86_64-linux-gnu/libXext.so.6.4.0
7fd9d4b83000-7fd9d4b8e000 r-xp 00004000 103:02 12065783                  /usr/lib/x86_64-linux-gnu/libXext.so.6.4.0
7fd9d4b8e000-7fd9d4b92000 r--p 0000f000 103:02 12065783                  /usr/lib/x86_64-linux-gnu/libXext.so.6.4.0
7fd9d4b92000-7fd9d4b93000 r--p 00012000 103:02 12065783                  /usr/lib/x86_64-linux-gnu/libXext.so.6.4.0
7fd9d4b93000-7fd9d4b94000 rw-p 00013000 103:02 12065783                  /usr/lib/x86_64-linux-gnu/libXext.so.6.4.0
7fd9d4b94000-7fd9d4b98000 r--p 00000000 103:02 12065935                  /usr/lib/x86_64-linux-gnu/libbsd.so.0.10.0
7fd9d4b98000-7fd9d4ba7000 r-xp 00004000 103:02 12065935                  /usr/lib/x86_64-linux-gnu/libbsd.so.0.10.0
7fd9d4ba7000-7fd9d4baa000 r--p 00013000 103:02 12065935                  /usr/lib/x86_64-linux-gnu/libbsd.so.0.10.0
7fd9d4baa000-7fd9d4bab000 ---p 00016000 103:02 12065935                  /usr/lib/x86_64-linux-gnu/libbsd.so.0.10.0
7fd9d4bab000-7fd9d4bac000 r--p 00016000 103:02 12065935                  /usr/lib/x86_64-linux-gnu/libbsd.so.0.10.0
7fd9d4bac000-7fd9d4bad000 rw-p 00017000 103:02 12065935                  /usr/lib/x86_64-linux-gnu/libbsd.so.0.10.0
7fd9d4bad000-7fd9d4bae000 rw-p 00000000 00:00 0 
7fd9d4bae000-7fd9d4bb9000 r--p 00000000 103:02 12067223                  /usr/lib/x86_64-linux-gnu/libxcb.so.1.1.0
7fd9d4bb9000-7fd9d4bcd000 r-xp 0000b000 103:02 12067223                  /usr/lib/x86_64-linux-gnu/libxcb.so.1.1.0
7fd9d4bcd000-7fd9d4bd6000 r--p 0001f000 103:02 12067223                  /usr/lib/x86_64-linux-gnu/libxcb.so.1.1.0
7fd9d4bd6000-7fd9d4bd7000 r--p 00027000 103:02 12067223                  /usr/lib/x86_64-linux-gnu/libxcb.so.1.1.0
7fd9d4bd7000-7fd9d4bd8000 rw-p 00028000 103:02 12067223                  /usr/lib/x86_64-linux-gnu/libxcb.so.1.1.0
7fd9d4bd8000-7fd9d4bf0000 r--p 00000000 103:02 12063966                  /usr/lib/x86_64-linux-gnu/libX11.so.6.3.0
7fd9d4bf0000-7fd9d4c7b000 r-xp 00018000 103:02 12063966                  /usr/lib/x86_64-linux-gnu/libX11.so.6.3.0
7fd9d4c7b000-7fd9d4d0f000 r--p 000a3000 103:02 12063966                  /usr/lib/x86_64-linux-gnu/libX11.so.6.3.0
7fd9d4d0f000-7fd9d4d10000 ---p 00137000 103:02 12063966                  /usr/lib/x86_64-linux-gnu/libX11.so.6.3.0
7fd9d4d10000-7fd9d4d11000 r--p 00137000 103:02 12063966                  /usr/lib/x86_64-linux-gnu/libX11.so.6.3.0
7fd9d4d11000-7fd9d4d15000 rw-p 00138000 103:02 12063966                  /usr/lib/x86_64-linux-gnu/libX11.so.6.3.0
7fd9d4d15000-7fd9d4d16000 r-xp 00000000 00:00 0 
7fd9d4d16000-7fd9d4d1a000 rw-s 00000000 00:05 644                        /dev/nvidiactl
7fd9d4d1a000-7fd9d4d1c000 rw-s 00000000 00:05 644                        /dev/nvidiactl
7fd9d4d1c000-7fd9d4d20000 rw-s 00000000 00:05 644                        /dev/nvidiactl
7fd9d4d20000-7fd9d4d27000 r--s 00000000 103:02 12719045                  /usr/lib/x86_64-linux-gnu/gconv/gconv-modules.cache
7fd9d4d27000-7fd9d4d6a000 r-xp 00000000 103:02 29622476                  /tmp/lwjglsamuel/3.2.3-build-13/libglfw.so
7fd9d4d6a000-7fd9d4f69000 ---p 00043000 103:02 29622476                  /tmp/lwjglsamuel/3.2.3-build-13/libglfw.so
7fd9d4f69000-7fd9d4f6a000 r--p 00042000 103:02 29622476                  /tmp/lwjglsamuel/3.2.3-build-13/libglfw.so
7fd9d4f6a000-7fd9d4f6c000 rw-p 00043000 103:02 29622476                  /tmp/lwjglsamuel/3.2.3-build-13/libglfw.so
7fd9d4f6c000-7fd9d4f8d000 rw-p 00000000 00:00 0 
7fd9d4f8d000-7fd9d4fde000 r-xp 00000000 103:02 29622474                  /tmp/lwjglsamuel/3.2.3-build-13/liblwjgl.so
7fd9d4fde000-7fd9d51dd000 ---p 00051000 103:02 29622474                  /tmp/lwjglsamuel/3.2.3-build-13/liblwjgl.so
7fd9d51dd000-7fd9d51de000 r--p 00050000 103:02 29622474                  /tmp/lwjglsamuel/3.2.3-build-13/liblwjgl.so
7fd9d51de000-7fd9d51df000 rw-p 00051000 103:02 29622474                  /tmp/lwjglsamuel/3.2.3-build-13/liblwjgl.so
7fd9d51df000-7fd9d5210000 rw-p 00000000 00:00 0 
7fd9d5210000-7fd9d5214000 ---p 00000000 00:00 0 
7fd9d5214000-7fd9d5311000 rw-p 00000000 00:00 0 
7fd9d5311000-7fd9d5312000 ---p 00000000 00:00 0 
7fd9d5312000-7fd9d5413000 rw-p 00000000 00:00 0 
7fd9d5413000-7fd9d5417000 ---p 00000000 00:00 0 
7fd9d5417000-7fd9d5514000 rw-p 00000000 00:00 0 
7fd9d5514000-7fd9d5518000 ---p 00000000 00:00 0 
7fd9d5518000-7fd9d5615000 rw-p 00000000 00:00 0 
7fd9d5615000-7fd9d5619000 ---p 00000000 00:00 0 
7fd9d5619000-7fd9d5716000 rw-p 00000000 00:00 0 
7fd9d5716000-7fd9d571a000 ---p 00000000 00:00 0 
7fd9d571a000-7fd9d5817000 rw-p 00000000 00:00 0 
7fd9d5817000-7fd9d6000000 r--p 00000000 103:02 12058850                  /usr/lib/locale/locale-archive
7fd9d6000000-7fd9d8000000 rw-p 00000000 00:00 0 
7fd9d8000000-7fd9d8021000 rw-p 00000000 00:00 0 
7fd9d8021000-7fd9dc000000 ---p 00000000 00:00 0 
7fd9dc000000-7fd9dc021000 rw-p 00000000 00:00 0 
7fd9dc021000-7fd9e0000000 ---p 00000000 00:00 0 
7fd9e0000000-7fd9e0021000 rw-p 00000000 00:00 0 
7fd9e0021000-7fd9e4000000 ---p 00000000 00:00 0 
7fd9e4000000-7fd9e4001000 r--p 00000000 103:02 12065793                  /usr/lib/x86_64-linux-gnu/libXinerama.so.1.0.0
7fd9e4001000-7fd9e4002000 r-xp 00001000 103:02 12065793                  /usr/lib/x86_64-linux-gnu/libXinerama.so.1.0.0
7fd9e4002000-7fd9e4003000 r--p 00002000 103:02 12065793                  /usr/lib/x86_64-linux-gnu/libXinerama.so.1.0.0
7fd9e4003000-7fd9e4004000 r--p 00002000 103:02 12065793                  /usr/lib/x86_64-linux-gnu/libXinerama.so.1.0.0
7fd9e4004000-7fd9e4005000 rw-p 00003000 103:02 12065793                  /usr/lib/x86_64-linux-gnu/libXinerama.so.1.0.0
7fd9e4005000-7fd9e4006000 r--p 00000000 103:02 12065819                  /usr/lib/x86_64-linux-gnu/libXxf86vm.so.1.0.0
7fd9e4006000-7fd9e4009000 r-xp 00001000 103:02 12065819                  /usr/lib/x86_64-linux-gnu/libXxf86vm.so.1.0.0
7fd9e4009000-7fd9e400a000 r--p 00004000 103:02 12065819                  /usr/lib/x86_64-linux-gnu/libXxf86vm.so.1.0.0
7fd9e400a000-7fd9e400b000 r--p 00004000 103:02 12065819                  /usr/lib/x86_64-linux-gnu/libXxf86vm.so.1.0.0
7fd9e400b000-7fd9e400c000 rw-p 00005000 103:02 12065819                  /usr/lib/x86_64-linux-gnu/libXxf86vm.so.1.0.0
7fd9e400c000-7fd9e4010000 r--p 00000000 103:02 12061542                  /usr/lib/jvm/java-14-openjdk-amd64/lib/libnet.so
7fd9e4010000-7fd9e401e000 r-xp 00004000 103:02 12061542                  /usr/lib/jvm/java-14-openjdk-amd64/lib/libnet.so
7fd9e401e000-7fd9e4022000 r--p 00012000 103:02 12061542                  /usr/lib/jvm/java-14-openjdk-amd64/lib/libnet.so
7fd9e4022000-7fd9e4023000 r--p 00015000 103:02 12061542                  /usr/lib/jvm/java-14-openjdk-amd64/lib/libnet.so
7fd9e4023000-7fd9e4024000 rw-p 00016000 103:02 12061542                  /usr/lib/jvm/java-14-openjdk-amd64/lib/libnet.so
7fd9e4024000-7fd9e4028000 ---p 00000000 00:00 0 
7fd9e4028000-7fd9e4125000 rw-p 00000000 00:00 0 
7fd9e4125000-7fd9e4129000 ---p 00000000 00:00 0 
7fd9e4129000-7fd9e4226000 rw-p 00000000 00:00 0 
7fd9e4226000-7fd9e422a000 ---p 00000000 00:00 0 
7fd9e422a000-7fd9e4327000 rw-p 00000000 00:00 0 
7fd9e4327000-7fd9e432b000 ---p 00000000 00:00 0 
7fd9e432b000-7fd9e4428000 rw-p 00000000 00:00 0 
7fd9e4428000-7fd9e4429000 ---p 00000000 00:00 0 
7fd9e4429000-7fd9e4dab000 rw-p 00000000 00:00 0 
7fd9e4dab000-7fd9e4dac000 ---p 00000000 00:00 0 
7fd9e4dac000-7fd9e4ead000 rw-p 00000000 00:00 0 
7fd9e4ead000-7fd9e4eae000 ---p 00000000 00:00 0 
7fd9e4eae000-7fd9e5a8a000 rw-p 00000000 00:00 0 
7fd9e5a8a000-7fd9ed00a000 ---p 00000000 00:00 0 
7fd9ed00a000-7fd9ed7f2000 rw-p 00000000 00:00 0 
7fd9ed7f2000-7fd9f4d72000 ---p 00000000 00:00 0 
7fd9f4d72000-7fd9f4e7d000 rw-p 00000000 00:00 0 
7fd9f4e7d000-7fd9f5d2d000 ---p 00000000 00:00 0 
7fd9f5d2d000-7fd9f5e2a000 rw-p 00000000 00:00 0 
7fd9f5e2a000-7fd9f6cda000 ---p 00000000 00:00 0 
7fd9f6cda000-7fd9f6dd7000 rw-p 00000000 00:00 0 
7fd9f6dd7000-7fd9f7c87000 ---p 00000000 00:00 0 
7fd9f7c87000-7fd9f7c89000 rw-p 00000000 00:00 0 
7fd9f7c89000-7fd9f7ef9000 rwxp 00000000 00:00 0 
7fd9f7ef9000-7fd9f821b000 ---p 00000000 00:00 0 
7fd9f821b000-7fd9f848b000 rwxp 00000000 00:00 0 
7fd9f848b000-7fd9ff752000 ---p 00000000 00:00 0 
7fd9ff752000-7fd9ff9c2000 rwxp 00000000 00:00 0 
7fd9ff9c2000-7fda06c89000 ---p 00000000 00:00 0 
7fda06c89000-7fda10000000 r--s 00000000 103:02 12061551                  /usr/lib/jvm/java-14-openjdk-amd64/lib/modules
7fda10000000-7fda10b13000 rw-p 00000000 00:00 0 
7fda10b13000-7fda14000000 ---p 00000000 00:00 0 
7fda14000000-7fda14001000 rw-s 00000000 00:05 645                        /dev/nvidia0
7fda14001000-7fda14002000 rw-s 00000000 00:05 644                        /dev/nvidiactl
7fda14002000-7fda14003000 rw-s 00000000 00:05 644                        /dev/nvidiactl
7fda14003000-7fda14005000 r--p 00000000 103:02 12065781                  /usr/lib/x86_64-linux-gnu/libXdmcp.so.6.0.0
7fda14005000-7fda14007000 r-xp 00002000 103:02 12065781                  /usr/lib/x86_64-linux-gnu/libXdmcp.so.6.0.0
7fda14007000-7fda14009000 r--p 00004000 103:02 12065781                  /usr/lib/x86_64-linux-gnu/libXdmcp.so.6.0.0
7fda14009000-7fda1400a000 r--p 00005000 103:02 12065781                  /usr/lib/x86_64-linux-gnu/libXdmcp.so.6.0.0
7fda1400a000-7fda1400b000 rw-p 00006000 103:02 12065781                  /usr/lib/x86_64-linux-gnu/libXdmcp.so.6.0.0
7fda1400b000-7fda14012000 r--p 00000000 103:02 12061543                  /usr/lib/jvm/java-14-openjdk-amd64/lib/libnio.so
7fda14012000-7fda1401b000 r-xp 00007000 103:02 12061543                  /usr/lib/jvm/java-14-openjdk-amd64/lib/libnio.so
7fda1401b000-7fda1401f000 r--p 00010000 103:02 12061543                  /usr/lib/jvm/java-14-openjdk-amd64/lib/libnio.so
7fda1401f000-7fda14020000 r--p 00013000 103:02 12061543                  /usr/lib/jvm/java-14-openjdk-amd64/lib/libnio.so
7fda14020000-7fda14021000 rw-p 00014000 103:02 12061543                  /usr/lib/jvm/java-14-openjdk-amd64/lib/libnio.so
7fda14021000-7fda14806000 rw-p 00000000 00:00 0 
7fda14806000-7fda14807000 ---p 00000000 00:00 0 
7fda14807000-7fda14908000 rw-p 00000000 00:00 0 
7fda14908000-7fda14909000 ---p 00000000 00:00 0 
7fda14909000-7fda14a0a000 rw-p 00000000 00:00 0 
7fda14a0a000-7fda14a0b000 ---p 00000000 00:00 0 
7fda14a0b000-7fda1565d000 rw-p 00000000 00:00 0 
7fda1565d000-7fda15743000 ---p 00000000 00:00 0 
7fda15743000-7fda15748000 rw-p 00000000 00:00 0 
7fda15748000-7fda1582e000 ---p 00000000 00:00 0 
7fda1582e000-7fda15833000 rw-p 00000000 00:00 0 
7fda15833000-7fda1583a000 ---p 00000000 00:00 0 
7fda1583a000-7fda15847000 r--p 00000000 103:02 12061529                  /usr/lib/jvm/java-14-openjdk-amd64/lib/libjava.so
7fda15847000-7fda1585a000 r-xp 0000d000 103:02 12061529                  /usr/lib/jvm/java-14-openjdk-amd64/lib/libjava.so
7fda1585a000-7fda15860000 r--p 00020000 103:02 12061529                  /usr/lib/jvm/java-14-openjdk-amd64/lib/libjava.so
7fda15860000-7fda15861000 r--p 00025000 103:02 12061529                  /usr/lib/jvm/java-14-openjdk-amd64/lib/libjava.so
7fda15861000-7fda15863000 rw-p 00026000 103:02 12061529                  /usr/lib/jvm/java-14-openjdk-amd64/lib/libjava.so
7fda15863000-7fda15866000 r--p 00000000 103:02 12060795                  /usr/lib/x86_64-linux-gnu/libnss_files-2.31.so
7fda15866000-7fda1586d000 r-xp 00003000 103:02 12060795                  /usr/lib/x86_64-linux-gnu/libnss_files-2.31.so
7fda1586d000-7fda1586f000 r--p 0000a000 103:02 12060795                  /usr/lib/x86_64-linux-gnu/libnss_files-2.31.so
7fda1586f000-7fda15870000 r--p 0000b000 103:02 12060795                  /usr/lib/x86_64-linux-gnu/libnss_files-2.31.so
7fda15870000-7fda15871000 rw-p 0000c000 103:02 12060795                  /usr/lib/x86_64-linux-gnu/libnss_files-2.31.so
7fda15871000-7fda15877000 rw-p 00000000 00:00 0 
7fda15877000-7fda15879000 r--p 00000000 103:02 12061550                  /usr/lib/jvm/java-14-openjdk-amd64/lib/libzip.so
7fda15879000-7fda1587d000 r-xp 00002000 103:02 12061550                  /usr/lib/jvm/java-14-openjdk-amd64/lib/libzip.so
7fda1587d000-7fda1587f000 r--p 00006000 103:02 12061550                  /usr/lib/jvm/java-14-openjdk-amd64/lib/libzip.so
7fda1587f000-7fda15880000 r--p 00007000 103:02 12061550                  /usr/lib/jvm/java-14-openjdk-amd64/lib/libzip.so
7fda15880000-7fda15881000 rw-p 00008000 103:02 12061550                  /usr/lib/jvm/java-14-openjdk-amd64/lib/libzip.so
7fda15881000-7fda15889000 rw-s 00000000 103:02 29622454                  /tmp/hsperfdata_samuel/13240
7fda15889000-7fda1588d000 ---p 00000000 00:00 0 
7fda1588d000-7fda1598a000 rw-p 00000000 00:00 0 
7fda1598a000-7fda1598d000 r--p 00000000 103:02 12060782                  /usr/lib/x86_64-linux-gnu/libgcc_s.so.1
7fda1598d000-7fda1599f000 r-xp 00003000 103:02 12060782                  /usr/lib/x86_64-linux-gnu/libgcc_s.so.1
7fda1599f000-7fda159a3000 r--p 00015000 103:02 12060782                  /usr/lib/x86_64-linux-gnu/libgcc_s.so.1
7fda159a3000-7fda159a4000 r--p 00018000 103:02 12060782                  /usr/lib/x86_64-linux-gnu/libgcc_s.so.1
7fda159a4000-7fda159a5000 rw-p 00019000 103:02 12060782                  /usr/lib/x86_64-linux-gnu/libgcc_s.so.1
7fda159a5000-7fda159b4000 r--p 00000000 103:02 12060789                  /usr/lib/x86_64-linux-gnu/libm-2.31.so
7fda159b4000-7fda15a5b000 r-xp 0000f000 103:02 12060789                  /usr/lib/x86_64-linux-gnu/libm-2.31.so
7fda15a5b000-7fda15af2000 r--p 000b6000 103:02 12060789                  /usr/lib/x86_64-linux-gnu/libm-2.31.so
7fda15af2000-7fda15af3000 r--p 0014c000 103:02 12060789                  /usr/lib/x86_64-linux-gnu/libm-2.31.so
7fda15af3000-7fda15af4000 rw-p 0014d000 103:02 12060789                  /usr/lib/x86_64-linux-gnu/libm-2.31.so
7fda15af4000-7fda15b8a000 r--p 00000000 103:02 12060816                  /usr/lib/x86_64-linux-gnu/libstdc++.so.6.0.28
7fda15b8a000-7fda15c7a000 r-xp 00096000 103:02 12060816                  /usr/lib/x86_64-linux-gnu/libstdc++.so.6.0.28
7fda15c7a000-7fda15cc3000 r--p 00186000 103:02 12060816                  /usr/lib/x86_64-linux-gnu/libstdc++.so.6.0.28
7fda15cc3000-7fda15cc4000 ---p 001cf000 103:02 12060816                  /usr/lib/x86_64-linux-gnu/libstdc++.so.6.0.28
7fda15cc4000-7fda15ccf000 r--p 001cf000 103:02 12060816                  /usr/lib/x86_64-linux-gnu/libstdc++.so.6.0.28
7fda15ccf000-7fda15cd2000 rw-p 001da000 103:02 12060816                  /usr/lib/x86_64-linux-gnu/libstdc++.so.6.0.28
7fda15cd2000-7fda15cd5000 rw-p 00000000 00:00 0 
7fda15cd5000-7fda15f02000 r--p 00000000 103:02 12061556                  /usr/lib/jvm/java-14-openjdk-amd64/lib/server/libjvm.so
7fda15f02000-7fda16ba8000 r-xp 0022d000 103:02 12061556                  /usr/lib/jvm/java-14-openjdk-amd64/lib/server/libjvm.so
7fda16ba8000-7fda16e04000 r--p 00ed3000 103:02 12061556                  /usr/lib/jvm/java-14-openjdk-amd64/lib/server/libjvm.so
7fda16e04000-7fda16eab000 r--p 0112e000 103:02 12061556                  /usr/lib/jvm/java-14-openjdk-amd64/lib/server/libjvm.so
7fda16eab000-7fda16ee5000 rw-p 011d5000 103:02 12061556                  /usr/lib/jvm/java-14-openjdk-amd64/lib/server/libjvm.so
7fda16ee5000-7fda16f68000 rw-p 00000000 00:00 0 
7fda16f68000-7fda16f6f000 r--p 00000000 103:02 12060800                  /usr/lib/x86_64-linux-gnu/libpthread-2.31.so
7fda16f6f000-7fda16f80000 r-xp 00007000 103:02 12060800                  /usr/lib/x86_64-linux-gnu/libpthread-2.31.so
7fda16f80000-7fda16f85000 r--p 00018000 103:02 12060800                  /usr/lib/x86_64-linux-gnu/libpthread-2.31.so
7fda16f85000-7fda16f86000 r--p 0001c000 103:02 12060800                  /usr/lib/x86_64-linux-gnu/libpthread-2.31.so
7fda16f86000-7fda16f87000 rw-p 0001d000 103:02 12060800                  /usr/lib/x86_64-linux-gnu/libpthread-2.31.so
7fda16f87000-7fda16f8b000 rw-p 00000000 00:00 0 
7fda16f8b000-7fda16f8c000 r--p 00000000 103:02 12060788                  /usr/lib/x86_64-linux-gnu/libdl-2.31.so
7fda16f8c000-7fda16f8e000 r-xp 00001000 103:02 12060788                  /usr/lib/x86_64-linux-gnu/libdl-2.31.so
7fda16f8e000-7fda16f8f000 r--p 00003000 103:02 12060788                  /usr/lib/x86_64-linux-gnu/libdl-2.31.so
7fda16f8f000-7fda16f90000 r--p 00003000 103:02 12060788                  /usr/lib/x86_64-linux-gnu/libdl-2.31.so
7fda16f90000-7fda16f91000 rw-p 00004000 103:02 12060788                  /usr/lib/x86_64-linux-gnu/libdl-2.31.so
7fda16f91000-7fda16f93000 r--p 00000000 103:02 12060820                  /usr/lib/x86_64-linux-gnu/libz.so.1.2.11
7fda16f93000-7fda16fa4000 r-xp 00002000 103:02 12060820                  /usr/lib/x86_64-linux-gnu/libz.so.1.2.11
7fda16fa4000-7fda16faa000 r--p 00013000 103:02 12060820                  /usr/lib/x86_64-linux-gnu/libz.so.1.2.11
7fda16faa000-7fda16fab000 ---p 00019000 103:02 12060820                  /usr/lib/x86_64-linux-gnu/libz.so.1.2.11
7fda16fab000-7fda16fac000 r--p 00019000 103:02 12060820                  /usr/lib/x86_64-linux-gnu/libz.so.1.2.11
7fda16fac000-7fda16fad000 rw-p 0001a000 103:02 12060820                  /usr/lib/x86_64-linux-gnu/libz.so.1.2.11
7fda16fad000-7fda16fd2000 r--p 00000000 103:02 12060787                  /usr/lib/x86_64-linux-gnu/libc-2.31.so
7fda16fd2000-7fda1714a000 r-xp 00025000 103:02 12060787                  /usr/lib/x86_64-linux-gnu/libc-2.31.so
7fda1714a000-7fda17194000 r--p 0019d000 103:02 12060787                  /usr/lib/x86_64-linux-gnu/libc-2.31.so
7fda17194000-7fda17195000 ---p 001e7000 103:02 12060787                  /usr/lib/x86_64-linux-gnu/libc-2.31.so
7fda17195000-7fda17198000 r--p 001e7000 103:02 12060787                  /usr/lib/x86_64-linux-gnu/libc-2.31.so
7fda17198000-7fda1719b000 rw-p 001ea000 103:02 12060787                  /usr/lib/x86_64-linux-gnu/libc-2.31.so
7fda1719b000-7fda1719f000 rw-p 00000000 00:00 0 
7fda1719f000-7fda171a0000 rw-s 00000000 00:05 644                        /dev/nvidiactl
7fda171a0000-7fda171a1000 r--p 00000000 103:02 12065770                  /usr/lib/x86_64-linux-gnu/libXau.so.6.0.0
7fda171a1000-7fda171a3000 r-xp 00001000 103:02 12065770                  /usr/lib/x86_64-linux-gnu/libXau.so.6.0.0
7fda171a3000-7fda171a4000 r--p 00003000 103:02 12065770                  /usr/lib/x86_64-linux-gnu/libXau.so.6.0.0
7fda171a4000-7fda171a5000 r--p 00003000 103:02 12065770                  /usr/lib/x86_64-linux-gnu/libXau.so.6.0.0
7fda171a5000-7fda171a6000 rw-p 00004000 103:02 12065770                  /usr/lib/x86_64-linux-gnu/libXau.so.6.0.0
7fda171a6000-7fda171a7000 ---p 00000000 00:00 0 
7fda171a7000-7fda171a8000 r--p 00000000 00:00 0 
7fda171a8000-7fda171aa000 r--p 00000000 103:02 12061533                  /usr/lib/jvm/java-14-openjdk-amd64/lib/libjimage.so
7fda171aa000-7fda171ad000 r-xp 00002000 103:02 12061533                  /usr/lib/jvm/java-14-openjdk-amd64/lib/libjimage.so
7fda171ad000-7fda171ae000 r--p 00005000 103:02 12061533                  /usr/lib/jvm/java-14-openjdk-amd64/lib/libjimage.so
7fda171ae000-7fda171af000 ---p 00006000 103:02 12061533                  /usr/lib/jvm/java-14-openjdk-amd64/lib/libjimage.so
7fda171af000-7fda171b0000 r--p 00006000 103:02 12061533                  /usr/lib/jvm/java-14-openjdk-amd64/lib/libjimage.so
7fda171b0000-7fda171b1000 rw-p 00007000 103:02 12061533                  /usr/lib/jvm/java-14-openjdk-amd64/lib/libjimage.so
7fda171b1000-7fda171b4000 r--p 00000000 103:02 12061534                  /usr/lib/jvm/java-14-openjdk-amd64/lib/libjli.so
7fda171b4000-7fda171be000 r-xp 00003000 103:02 12061534                  /usr/lib/jvm/java-14-openjdk-amd64/lib/libjli.so
7fda171be000-7fda171c1000 r--p 0000d000 103:02 12061534                  /usr/lib/jvm/java-14-openjdk-amd64/lib/libjli.so
7fda171c1000-7fda171c2000 r--p 0000f000 103:02 12061534                  /usr/lib/jvm/java-14-openjdk-amd64/lib/libjli.so
7fda171c2000-7fda171c3000 rw-p 00010000 103:02 12061534                  /usr/lib/jvm/java-14-openjdk-amd64/lib/libjli.so
7fda171c3000-7fda171c5000 rw-p 00000000 00:00 0 
7fda171c5000-7fda171c6000 r--p 00000000 103:02 12060783                  /usr/lib/x86_64-linux-gnu/ld-2.31.so
7fda171c6000-7fda171e9000 r-xp 00001000 103:02 12060783                  /usr/lib/x86_64-linux-gnu/ld-2.31.so
7fda171e9000-7fda171f1000 r--p 00024000 103:02 12060783                  /usr/lib/x86_64-linux-gnu/ld-2.31.so
7fda171f1000-7fda171f2000 ---p 00000000 00:00 0 
7fda171f2000-7fda171f3000 r--p 0002c000 103:02 12060783                  /usr/lib/x86_64-linux-gnu/ld-2.31.so
7fda171f3000-7fda171f4000 rw-p 0002d000 103:02 12060783                  /usr/lib/x86_64-linux-gnu/ld-2.31.so
7fda171f4000-7fda171f5000 rw-p 00000000 00:00 0 
7ffe08df7000-7ffe08e18000 rw-p 00000000 00:00 0                          [stack]
7ffe08e9a000-7ffe08e9e000 r--p 00000000 00:00 0                          [vvar]
7ffe08e9e000-7ffe08ea0000 r-xp 00000000 00:00 0                          [vdso]
ffffffffff600000-ffffffffff601000 --xp 00000000 00:00 0                  [vsyscall]


VM Arguments:
jvm_args: -Dfile.encoding=UTF-8 -Duser.country=US -Duser.language=en -Duser.variant 
java_command: cz.educanet.Main
java_class_path (initial): /home/samuel/Documents/github/OpenGLExamples/Triangle/build/classes/java/main:/home/samuel/Documents/github/OpenGLExamples/Triangle/build/resources/main:/home/samuel/.gradle/caches/modules-2/files-2.1/org.lwjgl/lwjgl-assimp/3.2.3/f62aa07a20afbdd3097efc296c4841e0d29700eb/lwjgl-assimp-3.2.3.jar:/home/samuel/.gradle/caches/modules-2/files-2.1/org.lwjgl/lwjgl-assimp/3.2.3/9ecc218db17c49f2819a5a80dee7efea65a9ac4f/lwjgl-assimp-3.2.3-natives-linux.jar:/home/samuel/.gradle/caches/modules-2/files-2.1/org.lwjgl/lwjgl-glfw/3.2.3/5e520d5c290c8b012545a8d34fa5db5ab051ea53/lwjgl-glfw-3.2.3.jar:/home/samuel/.gradle/caches/modules-2/files-2.1/org.lwjgl/lwjgl-glfw/3.2.3/62b044d9b0a057444bef2ab70b9afc288ec09dba/lwjgl-glfw-3.2.3-natives-linux.jar:/home/samuel/.gradle/caches/modules-2/files-2.1/org.lwjgl/lwjgl-openal/3.2.3/106742e805803ab9eab8e343f0fb31a3d263903c/lwjgl-openal-3.2.3.jar:/home/samuel/.gradle/caches/modules-2/files-2.1/org.lwjgl/lwjgl-openal/3.2.3/869ddd9dbbf92a7d1be7f5942ca0adbde068d999/lwjgl-openal-3.2.3-natives-linux.jar:/home/samuel/.gradle/caches/modules-2/files-2.1/org.lwjgl/lwjgl-opengl/3.2.3/bdd534a323d0c8f54969b95e424b6ac8984f7d6e/lwjgl-opengl-3.2.3.jar:/home/samuel/.gradle/caches/modules-2/files-2.1/org.lwjgl/lwjgl-opengl/3.2.3/7f14db5da9aa7951efe88993f519d7d38ad6e46b/lwjgl-opengl-3.2.3-natives-linux.jar:/home/samuel/.gradle/caches/modules-2/files-2.1/org.lwjgl/lwjgl-stb/3.2.3/40eccaa4fa86fc815f2e17946a392fb5fdcc286a/lwjgl-stb-3.2.3.jar:/home/samuel/.gradle/caches/modules-2/files-2.1/org.lwjgl/lwjgl-stb/3.2.3/189950254d81e9214b39cc656163541bf1accbba/lwjgl-stb-3.2.3-natives-linux.jar:/home/samuel/.gradle/caches/modules-2/files-2.1/org.lwjgl/lwjgl/3.2.3/17a59ba0fe8d474ec9dbe0d5db40d2cfe59c4c08/lwjgl-3.2.3.jar:/home/samuel/.gradle/caches/modules-2/files-2.1/org.lwjgl/lwjgl/3.2.3/3d9d36c93446c7a1c90bc7aec8fa89c7988bf82b/lwjgl-3.2.3-natives-linux.jar:/home/samuel/.gradle/caches/modules-2/files-2.1/org.joml/joml/1.10.0/a29b8bf72dc1478e9ceea
Launcher Type: SUN_STANDARD

[Global flags]
     intx CICompilerCount                          = 4                                         {product} {ergonomic}
     uint ConcGCThreads                            = 3                                         {product} {ergonomic}
     uint G1ConcRefinementThreads                  = 10                                        {product} {ergonomic}
   size_t G1HeapRegionSize                         = 2097152                                   {product} {ergonomic}
    uintx GCDrainStackTargetSize                   = 64                                        {product} {ergonomic}
   size_t InitialHeapSize                          = 526385152                                 {product} {ergonomic}
   size_t MarkStackSize                            = 4194304                                   {product} {ergonomic}
   size_t MaxHeapSize                              = 8415870976                                {product} {ergonomic}
   size_t MaxNewSize                               = 5047844864                                {product} {ergonomic}
   size_t MinHeapDeltaBytes                        = 2097152                                   {product} {ergonomic}
   size_t MinHeapSize                              = 8388608                                   {product} {ergonomic}
    uintx NonNMethodCodeHeapSize                   = 5839372                                {pd product} {ergonomic}
    uintx NonProfiledCodeHeapSize                  = 122909434                              {pd product} {ergonomic}
    uintx ProfiledCodeHeapSize                     = 122909434                              {pd product} {ergonomic}
    uintx ReservedCodeCacheSize                    = 251658240                              {pd product} {ergonomic}
     bool SegmentedCodeCache                       = true                                      {product} {ergonomic}
   size_t SoftMaxHeapSize                          = 8415870976                             {manageable} {ergonomic}
     bool UseCompressedClassPointers               = true                                 {lp64_product} {ergonomic}
     bool UseCompressedOops                        = true                                 {lp64_product} {ergonomic}
     bool UseG1GC                                  = true                                      {product} {ergonomic}

Logging:
Log output configuration:
 #0: stdout all=warning uptime,level,tags
 #1: stderr all=off uptime,level,tags

Environment Variables:
PATH=/usr/local/sbin:/usr/local/bin:/usr/sbin:/usr/bin:/sbin:/bin:/usr/games:/usr/local/games:/snap/bin
USERNAME=samuel
SHELL=/bin/bash
DISPLAY=:1

Signal Handlers:
SIGSEGV: [libjvm.so+0xe630f0], sa_mask[0]=11111111011111111101111111111110, sa_flags=SA_RESTART|SA_SIGINFO
SIGBUS: [libjvm.so+0xe630f0], sa_mask[0]=11111111011111111101111111111110, sa_flags=SA_RESTART|SA_SIGINFO
SIGFPE: [libjvm.so+0xe630f0], sa_mask[0]=11111111011111111101111111111110, sa_flags=SA_RESTART|SA_SIGINFO
SIGPIPE: [libjvm.so+0xb87eb0], sa_mask[0]=11111111011111111101111111111110, sa_flags=SA_RESTART|SA_SIGINFO
SIGXFSZ: [libjvm.so+0xb87eb0], sa_mask[0]=11111111011111111101111111111110, sa_flags=SA_RESTART|SA_SIGINFO
SIGILL: [libjvm.so+0xe630f0], sa_mask[0]=11111111011111111101111111111110, sa_flags=SA_RESTART|SA_SIGINFO
SIGUSR2: [libjvm.so+0xb87d50], sa_mask[0]=00100000000000000000000000000000, sa_flags=SA_RESTART|SA_SIGINFO
SIGHUP: [libjvm.so+0xb88490], sa_mask[0]=11111111011111111101111111111110, sa_flags=SA_RESTART|SA_SIGINFO
SIGINT: [libjvm.so+0xb88490], sa_mask[0]=11111111011111111101111111111110, sa_flags=SA_RESTART|SA_SIGINFO
SIGTERM: [libjvm.so+0xb88490], sa_mask[0]=11111111011111111101111111111110, sa_flags=SA_RESTART|SA_SIGINFO
SIGQUIT: [libjvm.so+0xb88490], sa_mask[0]=11111111011111111101111111111110, sa_flags=SA_RESTART|SA_SIGINFO


---------------  S Y S T E M  ---------------

OS:DISTRIB_ID=Ubuntu
DISTRIB_RELEASE=20.04
DISTRIB_CODENAME=focal
DISTRIB_DESCRIPTION="Ubuntu 20.04.2 LTS"
uname:Linux 5.8.0-43-generic #49~20.04.1-Ubuntu SMP Fri Feb 5 09:57:56 UTC 2021 x86_64
OS uptime: 0 days 3:13 hours
libc:glibc 2.31 NPTL 2.31 
rlimit: STACK 8192k, CORE 0k, NPROC 127917, NOFILE 1048576, AS infinity, DATA infinity, FSIZE infinity
load average:1,41 0,76 0,35

/proc/meminfo:
MemTotal:       32871060 kB
MemFree:        21484684 kB
MemAvailable:   25364884 kB
Buffers:          137936 kB
Cached:          4335724 kB
SwapCached:            0 kB
Active:          7571832 kB
Inactive:        2875736 kB
Active(anon):    5956976 kB
Inactive(anon):   405216 kB
Active(file):    1614856 kB
Inactive(file):  2470520 kB
Unevictable:          16 kB
Mlocked:              16 kB
SwapTotal:       2097148 kB
SwapFree:        2097148 kB
Dirty:             30932 kB
Writeback:             0 kB
AnonPages:       5974160 kB
Mapped:          1506940 kB
Shmem:            407976 kB
KReclaimable:     259648 kB
Slab:             561308 kB
SReclaimable:     259648 kB
SUnreclaim:       301660 kB
KernelStack:       28560 kB
PageTables:        57328 kB
NFS_Unstable:          0 kB
Bounce:                0 kB
WritebackTmp:          0 kB
CommitLimit:    18532676 kB
Committed_AS:   15390388 kB
VmallocTotal:   34359738367 kB
VmallocUsed:       83132 kB
VmallocChunk:          0 kB
Percpu:            32896 kB
HardwareCorrupted:     0 kB
AnonHugePages:         0 kB
ShmemHugePages:        0 kB
ShmemPmdMapped:        0 kB
FileHugePages:         0 kB
FilePmdMapped:         0 kB
HugePages_Total:       0
HugePages_Free:        0
HugePages_Rsvd:        0
HugePages_Surp:        0
Hugepagesize:       2048 kB
Hugetlb:               0 kB
DirectMap4k:      699864 kB
DirectMap2M:    11806720 kB
DirectMap1G:    20971520 kB


/proc/sys/kernel/threads-max (system-wide limit on the number of threads):
255834


/proc/sys/vm/max_map_count (maximum number of memory map areas a process may have):
65530


/proc/sys/kernel/pid_max (system-wide limit on number of process identifiers):
4194304



container (cgroup) information:
container_type: cgroupv1
cpu_cpuset_cpus: 0-11
cpu_memory_nodes: 0
active_processor_count: 12
cpu_quota: no quota
cpu_period: 100000
cpu_shares: no shares
memory_limit_in_bytes: unlimited
memory_and_swap_limit_in_bytes: unlimited
memory_soft_limit_in_bytes: unlimited
memory_usage_in_bytes: 9301405696
memory_max_usage_in_bytes: 9301405696

Steal ticks since vm start: 0
Steal ticks percentage since vm start:  0,000

CPU:total 12 (initial active 12) (12 cores per cpu, 2 threads per core) family 23 model 113 stepping 0, cmov, cx8, fxsr, mmx, sse, sse2, sse3, ssse3, sse4.1, sse4.2, popcnt, avx, avx2, aes, clmul, mmxext, 3dnowpref, lzcnt, sse4a, ht, tsc, tscinvbit, tscinv, bmi1, bmi2, adx, sha, fma
CPU Model and flags from /proc/cpuinfo:
model name	: AMD Ryzen 5 3600 6-Core Processor
flags		: fpu vme de pse tsc msr pae mce cx8 apic sep mtrr pge mca cmov pat pse36 clflush mmx fxsr sse sse2 ht syscall nx mmxext fxsr_opt pdpe1gb rdtscp lm constant_tsc rep_good nopl nonstop_tsc cpuid extd_apicid aperfmperf pni pclmulqdq monitor ssse3 fma cx16 sse4_1 sse4_2 movbe popcnt aes xsave avx f16c rdrand lahf_lm cmp_legacy svm extapic cr8_legacy abm sse4a misalignsse 3dnowprefetch osvw ibs skinit wdt tce topoext perfctr_core perfctr_nb bpext perfctr_llc mwaitx cpb cat_l3 cdp_l3 hw_pstate sme ssbd mba sev ibpb stibp vmmcall fsgsbase bmi1 avx2 smep bmi2 cqm rdt_a rdseed adx smap clflushopt clwb sha_ni xsaveopt xsavec xgetbv1 xsaves cqm_llc cqm_occup_llc cqm_mbm_total cqm_mbm_local clzero irperf xsaveerptr rdpru wbnoinvd arat npt lbrv svm_lock nrip_save tsc_scale vmcb_clean flushbyasid decodeassists pausefilter pfthreshold avic v_vmsave_vmload vgif umip rdpid overflow_recov succor smca

Memory: 4k page, physical 32871060k(21484684k free), swap 2097148k(2097148k free)

vm_info: OpenJDK 64-Bit Server VM (14.0.2+12-Ubuntu-120.04) for linux-amd64 JRE (14.0.2+12-Ubuntu-120.04), built on Jul 21 2020 11:40:06 by "unknown" with gcc 9.3.0

END.
