#
# A fatal error has been detected by the Java Runtime Environment:
#
#  SIGSEGV (0xb) at pc=0x0000000040448f81, pid=13156, tid=13158
#
# JRE version: OpenJDK Runtime Environment (14.0.2+12) (build 14.0.2+12-Ubuntu-120.04)
# Java VM: OpenJDK 64-Bit Server VM (14.0.2+12-Ubuntu-120.04, mixed mode, sharing, tiered, compressed oops, g1 gc, linux-amd64)
# Problematic frame:
# C  0x0000000040448f81
#
# Core dump will be written. Default location: Core dumps may be processed with "/usr/share/apport/apport %p %s %c %d %P %E" (or dumping to /home/samuel/Documents/github/OpenGLExamples/core.13156)
#
# If you would like to submit a bug report, please visit:
#   Unknown
# The crash happened outside the Java Virtual Machine in native code.
# See problematic frame for where to report the bug.
#

---------------  S U M M A R Y ------------

Command Line: -Dfile.encoding=UTF-8 -Duser.country=US -Duser.language=en -Duser.variant cz.educanet.Main

Host: AMD Ryzen 5 3600 6-Core Processor, 12 cores, 31G, Ubuntu 20.04.2 LTS
Time: Sun Feb 14 20:26:58 2021 CET elapsed time: 0 seconds (0d 0h 0m 0s)

---------------  T H R E A D  ---------------

Current thread (0x00007f3a00017800):  JavaThread "main" [_thread_in_native, id=13158, stack(0x00007f3a04f1e000,0x00007f3a0501f000)]

Stack: [0x00007f3a04f1e000,0x00007f3a0501f000],  sp=0x00007f3a0501d788,  free space=1021k
Native frames: (J=compiled Java code, A=aot compiled Java code, j=interpreted, Vv=VM code, C=native code)
C  0x0000000040448f81

Java frames: (J=compiled Java code, j=interpreted, Vv=VM code)
j  org.lwjgl.opengl.GL11C.glDrawArrays(III)V+0
j  org.lwjgl.opengl.GL11.glDrawArrays(III)V+3
j  cz.educanet.Game.render(J)V+15
j  cz.educanet.Main.main([Ljava/lang/String;)V+119
v  ~StubRoutines::call_stub

siginfo: si_signo: 11 (SIGSEGV), si_code: 1 (SEGV_MAPERR), si_addr: 0x0000000000000000

Register to memory mapping:

RAX=0x00007f398d57e600 points into unknown readable memory: 00 00 00 00 00 00 00 00
RBX=0x000000004171a000 points into unknown readable memory: 70 d3 50 00 3a 7f 00 00
RCX=0x0 is NULL
RDX=0x0000000000000003 is an unknown value
RSP=0x00007f3a0501d788 is pointing into the stack for thread: 0x00007f3a00017800
RBP=0x00007f3a007df960 points into unknown readable memory: 09 00 00 00 04 10 20 00
RSI=0x0 is NULL
RDI=0x0 is NULL
R8 =0x0 is NULL
R9 =0xffffffffffffffc0 is an unknown value
R10=0x0000000000000001 is an unknown value
R11=0x0 is NULL
R12=0x0 is NULL
R13=0x000000004171a000 points into unknown readable memory: 70 d3 50 00 3a 7f 00 00
R14=0x0000000000000004 is an unknown value
R15=0x00007f3a00af6e48 points into unknown readable memory: 00 00 00 00 00 00 00 00


Registers:
RAX=0x00007f398d57e600, RBX=0x000000004171a000, RCX=0x0000000000000000, RDX=0x0000000000000003
RSP=0x00007f3a0501d788, RBP=0x00007f3a007df960, RSI=0x0000000000000000, RDI=0x0000000000000000
R8 =0x0000000000000000, R9 =0xffffffffffffffc0, R10=0x0000000000000001, R11=0x0000000000000000
R12=0x0000000000000000, R13=0x000000004171a000, R14=0x0000000000000004, R15=0x00007f3a00af6e48
RIP=0x0000000040448f81, EFLAGS=0x0000000000010246, CSGSFS=0x002b000000000033, ERR=0x0000000000000004
  TRAPNO=0x000000000000000e

Top of Stack: (sp=0x00007f3a0501d788)
0x00007f3a0501d788:   00007f398e8e3f27 000000004171a000
0x00007f3a0501d798:   00007f3a007df960 00007f3a00000000
0x00007f3a0501d7a8:   0000000000000030 00000000ffffffff
0x00007f3a0501d7b8:   00007f398d57e600 00007f3a00017800 

Instructions: (pc=0x0000000040448f81)
0x0000000040448e81:   00 00 00 00 00 00 00 00 00 00 00 00 00 00 00 00
0x0000000040448e91:   00 00 00 00 00 00 00 00 00 00 00 00 00 00 00 00
0x0000000040448ea1:   00 00 00 00 00 00 00 00 00 00 00 00 00 00 00 00
0x0000000040448eb1:   00 00 00 00 00 00 00 00 00 00 00 00 00 00 00 00
0x0000000040448ec1:   00 00 00 00 00 00 00 00 00 00 00 00 00 00 00 00
0x0000000040448ed1:   00 00 00 00 00 00 00 00 00 00 00 00 00 00 00 00
0x0000000040448ee1:   00 00 00 00 00 00 00 00 00 00 00 00 00 00 00 00
0x0000000040448ef1:   00 00 00 00 00 00 00 00 00 00 00 00 00 00 00 00
0x0000000040448f01:   00 00 00 00 00 00 00 00 00 00 00 00 00 00 00 00
0x0000000040448f11:   00 00 00 00 00 00 00 00 00 00 00 00 00 00 00 00
0x0000000040448f21:   00 00 00 00 00 00 00 00 00 00 00 00 00 00 00 00
0x0000000040448f31:   00 00 00 00 00 00 00 80 ff ff ff 00 1f 00 00 48
0x0000000040448f41:   89 6c 24 f8 48 89 5c 24 f0 48 89 74 24 e8 48 89
0x0000000040448f51:   7c 24 e0 48 8b df 48 8b c6 4c 8b da 48 8b d1 49
0x0000000040448f61:   8b cb 48 be 38 1c 77 41 00 00 00 00 48 8b 36 48
0x0000000040448f71:   8b b6 08 03 00 00 48 8b f9 48 c1 e7 04 48 03 f7
0x0000000040448f81:   8b 3e 8b 6e 04 89 38 89 68 04 8b 7e 08 8b 6e 0c
0x0000000040448f91:   89 78 08 89 68 0c 48 83 c0 10 ff c1 ff ca 75 c2
0x0000000040448fa1:   48 8b 7c 24 e0 48 8b 74 24 e8 48 8b 5c 24 f0 48
0x0000000040448fb1:   8b 6c 24 f8 c3 00 00 c0 ff ff ff 80 00 00 00 48
0x0000000040448fc1:   b8 50 25 7b 41 00 00 00 00 48 8b 00 49 ba 10 67
0x0000000040448fd1:   76 41 00 00 00 00 48 83 ec 28 48 83 c4 28 c3 00
0x0000000040448fe1:   00 00 00 00 00 00 00 00 00 00 00 00 00 00 00 00
0x0000000040448ff1:   00 00 00 00 00 00 00 00 00 00 00 40 00 00 00 ??
0x0000000040449001:   ?? ?? ?? ?? ?? ?? ?? ?? ?? ?? ?? ?? ?? ?? ?? ??
0x0000000040449011:   ?? ?? ?? ?? ?? ?? ?? ?? ?? ?? ?? ?? ?? ?? ?? ??
0x0000000040449021:   ?? ?? ?? ?? ?? ?? ?? ?? ?? ?? ?? ?? ?? ?? ?? ??
0x0000000040449031:   ?? ?? ?? ?? ?? ?? ?? ?? ?? ?? ?? ?? ?? ?? ?? ??
0x0000000040449041:   ?? ?? ?? ?? ?? ?? ?? ?? ?? ?? ?? ?? ?? ?? ?? ??
0x0000000040449051:   ?? ?? ?? ?? ?? ?? ?? ?? ?? ?? ?? ?? ?? ?? ?? ??
0x0000000040449061:   ?? ?? ?? ?? ?? ?? ?? ?? ?? ?? ?? ?? ?? ?? ?? ??
0x0000000040449071:   ?? ?? ?? ?? ?? ?? ?? ?? ?? ?? ?? ?? ?? ?? ?? ?? 


Stack slot to memory mapping:
stack at sp + 0 slots: 0x00007f398e8e3f27: <offset 0x0000000000f23f27> in /lib/x86_64-linux-gnu/libnvidia-glcore.so.460.32.03 at 0x00007f398d9c0000
stack at sp + 1 slots: 0x000000004171a000 points into unknown readable memory: 70 d3 50 00 3a 7f 00 00
stack at sp + 2 slots: 0x00007f3a007df960 points into unknown readable memory: 09 00 00 00 04 10 20 00
stack at sp + 3 slots: 0x00007f3a00000000 points into unknown readable memory: 20 00 00 00 3a 7f 00 00
stack at sp + 4 slots: 0x0000000000000030 is an unknown value
stack at sp + 5 slots: 0x00000000ffffffff is an unknown value
stack at sp + 6 slots: 0x00007f398d57e600 points into unknown readable memory: 00 00 00 00 00 00 00 00
stack at sp + 7 slots: 0x00007f3a00017800 is a thread


---------------  P R O C E S S  ---------------

Threads class SMR info:
_java_thread_list=0x00007f3a002c35a0, length=10, elements={
0x00007f3a00017800, 0x00007f3a00254800, 0x00007f3a00256800, 0x00007f3a0025e000,
0x00007f3a0025f800, 0x00007f3a00261800, 0x00007f3a00263800, 0x00007f3a00265800,
0x00007f3a002bd800, 0x00007f3a002c2000
}

Java Threads: ( => current thread )
=>0x00007f3a00017800 JavaThread "main" [_thread_in_native, id=13158, stack(0x00007f3a04f1e000,0x00007f3a0501f000)]
  0x00007f3a00254800 JavaThread "Reference Handler" daemon [_thread_blocked, id=13165, stack(0x00007f39d41c1000,0x00007f39d42c2000)]
  0x00007f3a00256800 JavaThread "Finalizer" daemon [_thread_blocked, id=13166, stack(0x00007f39d40c0000,0x00007f39d41c1000)]
  0x00007f3a0025e000 JavaThread "Signal Dispatcher" daemon [_thread_blocked, id=13167, stack(0x00007f39c4f16000,0x00007f39c5017000)]
  0x00007f3a0025f800 JavaThread "Service Thread" daemon [_thread_blocked, id=13168, stack(0x00007f39c4e15000,0x00007f39c4f16000)]
  0x00007f3a00261800 JavaThread "C2 CompilerThread0" daemon [_thread_blocked, id=13169, stack(0x00007f39c4d14000,0x00007f39c4e15000)]
  0x00007f3a00263800 JavaThread "C1 CompilerThread0" daemon [_thread_blocked, id=13170, stack(0x00007f39c4c13000,0x00007f39c4d14000)]
  0x00007f3a00265800 JavaThread "Sweeper thread" daemon [_thread_blocked, id=13171, stack(0x00007f39c4b12000,0x00007f39c4c13000)]
  0x00007f3a002bd800 JavaThread "Notification Thread" daemon [_thread_blocked, id=13172, stack(0x00007f39c4a11000,0x00007f39c4b12000)]
  0x00007f3a002c2000 JavaThread "Common-Cleaner" daemon [_thread_blocked, id=13174, stack(0x00007f39c480e000,0x00007f39c490f000)]

Other Threads:
  0x00007f3a00251800 VMThread "VM Thread" [stack: 0x00007f39d42c4000,0x00007f39d43c4000] [id=13164]
  0x00007f3a002bf800 WatcherThread [stack: 0x00007f39c4911000,0x00007f39c4a11000] [id=13173]
  0x00007f3a00059000 GCTaskThread "GC Thread#0" [stack: 0x00007f3a040a1000,0x00007f3a041a1000] [id=13159]
  0x00007f3a0007a800 ConcurrentGCThread "G1 Main Marker" [stack: 0x00007f39d51b2000,0x00007f39d52b2000] [id=13160]
  0x00007f3a0007c000 ConcurrentGCThread "G1 Conc#0" [stack: 0x00007f39d50b0000,0x00007f39d51b0000] [id=13161]
  0x00007f3a00204000 ConcurrentGCThread "G1 Refine#0" [stack: 0x00007f39d45a4000,0x00007f39d46a4000] [id=13162]
  0x00007f3a00205800 ConcurrentGCThread "G1 Young RemSet Sampling" [stack: 0x00007f39d44a2000,0x00007f39d45a2000] [id=13163]

Threads with active compile tasks:

VM state:not at safepoint (normal execution)

VM Mutex/Monitor currently owned by a thread: None

Heap address: 0x000000060a600000, size: 8026 MB, Compressed Oops mode: Zero based, Oop shift amount: 3
Narrow klass base: 0x0000000800000000, Narrow klass shift: 3
Compressed class space size: 1073741824 Address: 0x0000000800b18000

Heap:
 garbage-first heap   total 518144K, used 16196K [0x000000060a600000, 0x0000000800000000)
  region size 2048K, 9 young (18432K), 0 survivors (0K)
 Metaspace       used 5304K, capacity 8452K, committed 8576K, reserved 1056768K
  class space    used 269K, capacity 589K, committed 640K, reserved 1048576K
Heap Regions: E=young(eden), S=young(survivor), O=old, HS=humongous(starts), HC=humongous(continues), CS=collection set, F=free, OA=open archive, CA=closed archive, TAMS=top-at-mark-start (previous, next)
|   0|0x000000060a600000, 0x000000060a600000, 0x000000060a800000|  0%| F|  |TAMS 0x000000060a600000, 0x000000060a600000| Untracked 
|   1|0x000000060a800000, 0x000000060a800000, 0x000000060aa00000|  0%| F|  |TAMS 0x000000060a800000, 0x000000060a800000| Untracked 
|   2|0x000000060aa00000, 0x000000060aa00000, 0x000000060ac00000|  0%| F|  |TAMS 0x000000060aa00000, 0x000000060aa00000| Untracked 
|   3|0x000000060ac00000, 0x000000060ac00000, 0x000000060ae00000|  0%| F|  |TAMS 0x000000060ac00000, 0x000000060ac00000| Untracked 
|   4|0x000000060ae00000, 0x000000060ae00000, 0x000000060b000000|  0%| F|  |TAMS 0x000000060ae00000, 0x000000060ae00000| Untracked 
|   5|0x000000060b000000, 0x000000060b000000, 0x000000060b200000|  0%| F|  |TAMS 0x000000060b000000, 0x000000060b000000| Untracked 
|   6|0x000000060b200000, 0x000000060b200000, 0x000000060b400000|  0%| F|  |TAMS 0x000000060b200000, 0x000000060b200000| Untracked 
|   7|0x000000060b400000, 0x000000060b400000, 0x000000060b600000|  0%| F|  |TAMS 0x000000060b400000, 0x000000060b400000| Untracked 
|   8|0x000000060b600000, 0x000000060b600000, 0x000000060b800000|  0%| F|  |TAMS 0x000000060b600000, 0x000000060b600000| Untracked 
|   9|0x000000060b800000, 0x000000060b800000, 0x000000060ba00000|  0%| F|  |TAMS 0x000000060b800000, 0x000000060b800000| Untracked 
|  10|0x000000060ba00000, 0x000000060ba00000, 0x000000060bc00000|  0%| F|  |TAMS 0x000000060ba00000, 0x000000060ba00000| Untracked 
|  11|0x000000060bc00000, 0x000000060bc00000, 0x000000060be00000|  0%| F|  |TAMS 0x000000060bc00000, 0x000000060bc00000| Untracked 
|  12|0x000000060be00000, 0x000000060be00000, 0x000000060c000000|  0%| F|  |TAMS 0x000000060be00000, 0x000000060be00000| Untracked 
|  13|0x000000060c000000, 0x000000060c000000, 0x000000060c200000|  0%| F|  |TAMS 0x000000060c000000, 0x000000060c000000| Untracked 
|  14|0x000000060c200000, 0x000000060c200000, 0x000000060c400000|  0%| F|  |TAMS 0x000000060c200000, 0x000000060c200000| Untracked 
|  15|0x000000060c400000, 0x000000060c400000, 0x000000060c600000|  0%| F|  |TAMS 0x000000060c400000, 0x000000060c400000| Untracked 
|  16|0x000000060c600000, 0x000000060c600000, 0x000000060c800000|  0%| F|  |TAMS 0x000000060c600000, 0x000000060c600000| Untracked 
|  17|0x000000060c800000, 0x000000060c800000, 0x000000060ca00000|  0%| F|  |TAMS 0x000000060c800000, 0x000000060c800000| Untracked 
|  18|0x000000060ca00000, 0x000000060ca00000, 0x000000060cc00000|  0%| F|  |TAMS 0x000000060ca00000, 0x000000060ca00000| Untracked 
|  19|0x000000060cc00000, 0x000000060cc00000, 0x000000060ce00000|  0%| F|  |TAMS 0x000000060cc00000, 0x000000060cc00000| Untracked 
|  20|0x000000060ce00000, 0x000000060ce00000, 0x000000060d000000|  0%| F|  |TAMS 0x000000060ce00000, 0x000000060ce00000| Untracked 
|  21|0x000000060d000000, 0x000000060d000000, 0x000000060d200000|  0%| F|  |TAMS 0x000000060d000000, 0x000000060d000000| Untracked 
|  22|0x000000060d200000, 0x000000060d200000, 0x000000060d400000|  0%| F|  |TAMS 0x000000060d200000, 0x000000060d200000| Untracked 
|  23|0x000000060d400000, 0x000000060d400000, 0x000000060d600000|  0%| F|  |TAMS 0x000000060d400000, 0x000000060d400000| Untracked 
|  24|0x000000060d600000, 0x000000060d600000, 0x000000060d800000|  0%| F|  |TAMS 0x000000060d600000, 0x000000060d600000| Untracked 
|  25|0x000000060d800000, 0x000000060d800000, 0x000000060da00000|  0%| F|  |TAMS 0x000000060d800000, 0x000000060d800000| Untracked 
|  26|0x000000060da00000, 0x000000060da00000, 0x000000060dc00000|  0%| F|  |TAMS 0x000000060da00000, 0x000000060da00000| Untracked 
|  27|0x000000060dc00000, 0x000000060dc00000, 0x000000060de00000|  0%| F|  |TAMS 0x000000060dc00000, 0x000000060dc00000| Untracked 
|  28|0x000000060de00000, 0x000000060de00000, 0x000000060e000000|  0%| F|  |TAMS 0x000000060de00000, 0x000000060de00000| Untracked 
|  29|0x000000060e000000, 0x000000060e000000, 0x000000060e200000|  0%| F|  |TAMS 0x000000060e000000, 0x000000060e000000| Untracked 
|  30|0x000000060e200000, 0x000000060e200000, 0x000000060e400000|  0%| F|  |TAMS 0x000000060e200000, 0x000000060e200000| Untracked 
|  31|0x000000060e400000, 0x000000060e400000, 0x000000060e600000|  0%| F|  |TAMS 0x000000060e400000, 0x000000060e400000| Untracked 
|  32|0x000000060e600000, 0x000000060e600000, 0x000000060e800000|  0%| F|  |TAMS 0x000000060e600000, 0x000000060e600000| Untracked 
|  33|0x000000060e800000, 0x000000060e800000, 0x000000060ea00000|  0%| F|  |TAMS 0x000000060e800000, 0x000000060e800000| Untracked 
|  34|0x000000060ea00000, 0x000000060ea00000, 0x000000060ec00000|  0%| F|  |TAMS 0x000000060ea00000, 0x000000060ea00000| Untracked 
|  35|0x000000060ec00000, 0x000000060ec00000, 0x000000060ee00000|  0%| F|  |TAMS 0x000000060ec00000, 0x000000060ec00000| Untracked 
|  36|0x000000060ee00000, 0x000000060ee00000, 0x000000060f000000|  0%| F|  |TAMS 0x000000060ee00000, 0x000000060ee00000| Untracked 
|  37|0x000000060f000000, 0x000000060f000000, 0x000000060f200000|  0%| F|  |TAMS 0x000000060f000000, 0x000000060f000000| Untracked 
|  38|0x000000060f200000, 0x000000060f200000, 0x000000060f400000|  0%| F|  |TAMS 0x000000060f200000, 0x000000060f200000| Untracked 
|  39|0x000000060f400000, 0x000000060f400000, 0x000000060f600000|  0%| F|  |TAMS 0x000000060f400000, 0x000000060f400000| Untracked 
|  40|0x000000060f600000, 0x000000060f600000, 0x000000060f800000|  0%| F|  |TAMS 0x000000060f600000, 0x000000060f600000| Untracked 
|  41|0x000000060f800000, 0x000000060f800000, 0x000000060fa00000|  0%| F|  |TAMS 0x000000060f800000, 0x000000060f800000| Untracked 
|  42|0x000000060fa00000, 0x000000060fa00000, 0x000000060fc00000|  0%| F|  |TAMS 0x000000060fa00000, 0x000000060fa00000| Untracked 
|  43|0x000000060fc00000, 0x000000060fc00000, 0x000000060fe00000|  0%| F|  |TAMS 0x000000060fc00000, 0x000000060fc00000| Untracked 
|  44|0x000000060fe00000, 0x000000060fe00000, 0x0000000610000000|  0%| F|  |TAMS 0x000000060fe00000, 0x000000060fe00000| Untracked 
|  45|0x0000000610000000, 0x0000000610000000, 0x0000000610200000|  0%| F|  |TAMS 0x0000000610000000, 0x0000000610000000| Untracked 
|  46|0x0000000610200000, 0x0000000610200000, 0x0000000610400000|  0%| F|  |TAMS 0x0000000610200000, 0x0000000610200000| Untracked 
|  47|0x0000000610400000, 0x0000000610400000, 0x0000000610600000|  0%| F|  |TAMS 0x0000000610400000, 0x0000000610400000| Untracked 
|  48|0x0000000610600000, 0x0000000610600000, 0x0000000610800000|  0%| F|  |TAMS 0x0000000610600000, 0x0000000610600000| Untracked 
|  49|0x0000000610800000, 0x0000000610800000, 0x0000000610a00000|  0%| F|  |TAMS 0x0000000610800000, 0x0000000610800000| Untracked 
|  50|0x0000000610a00000, 0x0000000610a00000, 0x0000000610c00000|  0%| F|  |TAMS 0x0000000610a00000, 0x0000000610a00000| Untracked 
|  51|0x0000000610c00000, 0x0000000610c00000, 0x0000000610e00000|  0%| F|  |TAMS 0x0000000610c00000, 0x0000000610c00000| Untracked 
|  52|0x0000000610e00000, 0x0000000610e00000, 0x0000000611000000|  0%| F|  |TAMS 0x0000000610e00000, 0x0000000610e00000| Untracked 
|  53|0x0000000611000000, 0x0000000611000000, 0x0000000611200000|  0%| F|  |TAMS 0x0000000611000000, 0x0000000611000000| Untracked 
|  54|0x0000000611200000, 0x0000000611200000, 0x0000000611400000|  0%| F|  |TAMS 0x0000000611200000, 0x0000000611200000| Untracked 
|  55|0x0000000611400000, 0x0000000611400000, 0x0000000611600000|  0%| F|  |TAMS 0x0000000611400000, 0x0000000611400000| Untracked 
|  56|0x0000000611600000, 0x0000000611600000, 0x0000000611800000|  0%| F|  |TAMS 0x0000000611600000, 0x0000000611600000| Untracked 
|  57|0x0000000611800000, 0x0000000611800000, 0x0000000611a00000|  0%| F|  |TAMS 0x0000000611800000, 0x0000000611800000| Untracked 
|  58|0x0000000611a00000, 0x0000000611a00000, 0x0000000611c00000|  0%| F|  |TAMS 0x0000000611a00000, 0x0000000611a00000| Untracked 
|  59|0x0000000611c00000, 0x0000000611c00000, 0x0000000611e00000|  0%| F|  |TAMS 0x0000000611c00000, 0x0000000611c00000| Untracked 
|  60|0x0000000611e00000, 0x0000000611e00000, 0x0000000612000000|  0%| F|  |TAMS 0x0000000611e00000, 0x0000000611e00000| Untracked 
|  61|0x0000000612000000, 0x0000000612000000, 0x0000000612200000|  0%| F|  |TAMS 0x0000000612000000, 0x0000000612000000| Untracked 
|  62|0x0000000612200000, 0x0000000612200000, 0x0000000612400000|  0%| F|  |TAMS 0x0000000612200000, 0x0000000612200000| Untracked 
|  63|0x0000000612400000, 0x0000000612400000, 0x0000000612600000|  0%| F|  |TAMS 0x0000000612400000, 0x0000000612400000| Untracked 
|  64|0x0000000612600000, 0x0000000612600000, 0x0000000612800000|  0%| F|  |TAMS 0x0000000612600000, 0x0000000612600000| Untracked 
|  65|0x0000000612800000, 0x0000000612800000, 0x0000000612a00000|  0%| F|  |TAMS 0x0000000612800000, 0x0000000612800000| Untracked 
|  66|0x0000000612a00000, 0x0000000612a00000, 0x0000000612c00000|  0%| F|  |TAMS 0x0000000612a00000, 0x0000000612a00000| Untracked 
|  67|0x0000000612c00000, 0x0000000612c00000, 0x0000000612e00000|  0%| F|  |TAMS 0x0000000612c00000, 0x0000000612c00000| Untracked 
|  68|0x0000000612e00000, 0x0000000612e00000, 0x0000000613000000|  0%| F|  |TAMS 0x0000000612e00000, 0x0000000612e00000| Untracked 
|  69|0x0000000613000000, 0x0000000613000000, 0x0000000613200000|  0%| F|  |TAMS 0x0000000613000000, 0x0000000613000000| Untracked 
|  70|0x0000000613200000, 0x0000000613200000, 0x0000000613400000|  0%| F|  |TAMS 0x0000000613200000, 0x0000000613200000| Untracked 
|  71|0x0000000613400000, 0x0000000613400000, 0x0000000613600000|  0%| F|  |TAMS 0x0000000613400000, 0x0000000613400000| Untracked 
|  72|0x0000000613600000, 0x0000000613600000, 0x0000000613800000|  0%| F|  |TAMS 0x0000000613600000, 0x0000000613600000| Untracked 
|  73|0x0000000613800000, 0x0000000613800000, 0x0000000613a00000|  0%| F|  |TAMS 0x0000000613800000, 0x0000000613800000| Untracked 
|  74|0x0000000613a00000, 0x0000000613a00000, 0x0000000613c00000|  0%| F|  |TAMS 0x0000000613a00000, 0x0000000613a00000| Untracked 
|  75|0x0000000613c00000, 0x0000000613c00000, 0x0000000613e00000|  0%| F|  |TAMS 0x0000000613c00000, 0x0000000613c00000| Untracked 
|  76|0x0000000613e00000, 0x0000000613e00000, 0x0000000614000000|  0%| F|  |TAMS 0x0000000613e00000, 0x0000000613e00000| Untracked 
|  77|0x0000000614000000, 0x0000000614000000, 0x0000000614200000|  0%| F|  |TAMS 0x0000000614000000, 0x0000000614000000| Untracked 
|  78|0x0000000614200000, 0x0000000614200000, 0x0000000614400000|  0%| F|  |TAMS 0x0000000614200000, 0x0000000614200000| Untracked 
|  79|0x0000000614400000, 0x0000000614400000, 0x0000000614600000|  0%| F|  |TAMS 0x0000000614400000, 0x0000000614400000| Untracked 
|  80|0x0000000614600000, 0x0000000614600000, 0x0000000614800000|  0%| F|  |TAMS 0x0000000614600000, 0x0000000614600000| Untracked 
|  81|0x0000000614800000, 0x0000000614800000, 0x0000000614a00000|  0%| F|  |TAMS 0x0000000614800000, 0x0000000614800000| Untracked 
|  82|0x0000000614a00000, 0x0000000614a00000, 0x0000000614c00000|  0%| F|  |TAMS 0x0000000614a00000, 0x0000000614a00000| Untracked 
|  83|0x0000000614c00000, 0x0000000614c00000, 0x0000000614e00000|  0%| F|  |TAMS 0x0000000614c00000, 0x0000000614c00000| Untracked 
|  84|0x0000000614e00000, 0x0000000614e00000, 0x0000000615000000|  0%| F|  |TAMS 0x0000000614e00000, 0x0000000614e00000| Untracked 
|  85|0x0000000615000000, 0x0000000615000000, 0x0000000615200000|  0%| F|  |TAMS 0x0000000615000000, 0x0000000615000000| Untracked 
|  86|0x0000000615200000, 0x0000000615200000, 0x0000000615400000|  0%| F|  |TAMS 0x0000000615200000, 0x0000000615200000| Untracked 
|  87|0x0000000615400000, 0x0000000615400000, 0x0000000615600000|  0%| F|  |TAMS 0x0000000615400000, 0x0000000615400000| Untracked 
|  88|0x0000000615600000, 0x0000000615600000, 0x0000000615800000|  0%| F|  |TAMS 0x0000000615600000, 0x0000000615600000| Untracked 
|  89|0x0000000615800000, 0x0000000615800000, 0x0000000615a00000|  0%| F|  |TAMS 0x0000000615800000, 0x0000000615800000| Untracked 
|  90|0x0000000615a00000, 0x0000000615a00000, 0x0000000615c00000|  0%| F|  |TAMS 0x0000000615a00000, 0x0000000615a00000| Untracked 
|  91|0x0000000615c00000, 0x0000000615c00000, 0x0000000615e00000|  0%| F|  |TAMS 0x0000000615c00000, 0x0000000615c00000| Untracked 
|  92|0x0000000615e00000, 0x0000000615e00000, 0x0000000616000000|  0%| F|  |TAMS 0x0000000615e00000, 0x0000000615e00000| Untracked 
|  93|0x0000000616000000, 0x0000000616000000, 0x0000000616200000|  0%| F|  |TAMS 0x0000000616000000, 0x0000000616000000| Untracked 
|  94|0x0000000616200000, 0x0000000616200000, 0x0000000616400000|  0%| F|  |TAMS 0x0000000616200000, 0x0000000616200000| Untracked 
|  95|0x0000000616400000, 0x0000000616400000, 0x0000000616600000|  0%| F|  |TAMS 0x0000000616400000, 0x0000000616400000| Untracked 
|  96|0x0000000616600000, 0x0000000616600000, 0x0000000616800000|  0%| F|  |TAMS 0x0000000616600000, 0x0000000616600000| Untracked 
|  97|0x0000000616800000, 0x0000000616800000, 0x0000000616a00000|  0%| F|  |TAMS 0x0000000616800000, 0x0000000616800000| Untracked 
|  98|0x0000000616a00000, 0x0000000616a00000, 0x0000000616c00000|  0%| F|  |TAMS 0x0000000616a00000, 0x0000000616a00000| Untracked 
|  99|0x0000000616c00000, 0x0000000616c00000, 0x0000000616e00000|  0%| F|  |TAMS 0x0000000616c00000, 0x0000000616c00000| Untracked 
| 100|0x0000000616e00000, 0x0000000616e00000, 0x0000000617000000|  0%| F|  |TAMS 0x0000000616e00000, 0x0000000616e00000| Untracked 
| 101|0x0000000617000000, 0x0000000617000000, 0x0000000617200000|  0%| F|  |TAMS 0x0000000617000000, 0x0000000617000000| Untracked 
| 102|0x0000000617200000, 0x0000000617200000, 0x0000000617400000|  0%| F|  |TAMS 0x0000000617200000, 0x0000000617200000| Untracked 
| 103|0x0000000617400000, 0x0000000617400000, 0x0000000617600000|  0%| F|  |TAMS 0x0000000617400000, 0x0000000617400000| Untracked 
| 104|0x0000000617600000, 0x0000000617600000, 0x0000000617800000|  0%| F|  |TAMS 0x0000000617600000, 0x0000000617600000| Untracked 
| 105|0x0000000617800000, 0x0000000617800000, 0x0000000617a00000|  0%| F|  |TAMS 0x0000000617800000, 0x0000000617800000| Untracked 
| 106|0x0000000617a00000, 0x0000000617a00000, 0x0000000617c00000|  0%| F|  |TAMS 0x0000000617a00000, 0x0000000617a00000| Untracked 
| 107|0x0000000617c00000, 0x0000000617c00000, 0x0000000617e00000|  0%| F|  |TAMS 0x0000000617c00000, 0x0000000617c00000| Untracked 
| 108|0x0000000617e00000, 0x0000000617e00000, 0x0000000618000000|  0%| F|  |TAMS 0x0000000617e00000, 0x0000000617e00000| Untracked 
| 109|0x0000000618000000, 0x0000000618000000, 0x0000000618200000|  0%| F|  |TAMS 0x0000000618000000, 0x0000000618000000| Untracked 
| 110|0x0000000618200000, 0x0000000618200000, 0x0000000618400000|  0%| F|  |TAMS 0x0000000618200000, 0x0000000618200000| Untracked 
| 111|0x0000000618400000, 0x0000000618400000, 0x0000000618600000|  0%| F|  |TAMS 0x0000000618400000, 0x0000000618400000| Untracked 
| 112|0x0000000618600000, 0x0000000618600000, 0x0000000618800000|  0%| F|  |TAMS 0x0000000618600000, 0x0000000618600000| Untracked 
| 113|0x0000000618800000, 0x0000000618800000, 0x0000000618a00000|  0%| F|  |TAMS 0x0000000618800000, 0x0000000618800000| Untracked 
| 114|0x0000000618a00000, 0x0000000618a00000, 0x0000000618c00000|  0%| F|  |TAMS 0x0000000618a00000, 0x0000000618a00000| Untracked 
| 115|0x0000000618c00000, 0x0000000618c00000, 0x0000000618e00000|  0%| F|  |TAMS 0x0000000618c00000, 0x0000000618c00000| Untracked 
| 116|0x0000000618e00000, 0x0000000618e00000, 0x0000000619000000|  0%| F|  |TAMS 0x0000000618e00000, 0x0000000618e00000| Untracked 
| 117|0x0000000619000000, 0x0000000619000000, 0x0000000619200000|  0%| F|  |TAMS 0x0000000619000000, 0x0000000619000000| Untracked 
| 118|0x0000000619200000, 0x0000000619200000, 0x0000000619400000|  0%| F|  |TAMS 0x0000000619200000, 0x0000000619200000| Untracked 
| 119|0x0000000619400000, 0x0000000619400000, 0x0000000619600000|  0%| F|  |TAMS 0x0000000619400000, 0x0000000619400000| Untracked 
| 120|0x0000000619600000, 0x0000000619600000, 0x0000000619800000|  0%| F|  |TAMS 0x0000000619600000, 0x0000000619600000| Untracked 
| 121|0x0000000619800000, 0x0000000619800000, 0x0000000619a00000|  0%| F|  |TAMS 0x0000000619800000, 0x0000000619800000| Untracked 
| 122|0x0000000619a00000, 0x0000000619a00000, 0x0000000619c00000|  0%| F|  |TAMS 0x0000000619a00000, 0x0000000619a00000| Untracked 
| 123|0x0000000619c00000, 0x0000000619c00000, 0x0000000619e00000|  0%| F|  |TAMS 0x0000000619c00000, 0x0000000619c00000| Untracked 
| 124|0x0000000619e00000, 0x0000000619e00000, 0x000000061a000000|  0%| F|  |TAMS 0x0000000619e00000, 0x0000000619e00000| Untracked 
| 125|0x000000061a000000, 0x000000061a000000, 0x000000061a200000|  0%| F|  |TAMS 0x000000061a000000, 0x000000061a000000| Untracked 
| 126|0x000000061a200000, 0x000000061a200000, 0x000000061a400000|  0%| F|  |TAMS 0x000000061a200000, 0x000000061a200000| Untracked 
| 127|0x000000061a400000, 0x000000061a400000, 0x000000061a600000|  0%| F|  |TAMS 0x000000061a400000, 0x000000061a400000| Untracked 
| 128|0x000000061a600000, 0x000000061a600000, 0x000000061a800000|  0%| F|  |TAMS 0x000000061a600000, 0x000000061a600000| Untracked 
| 129|0x000000061a800000, 0x000000061a800000, 0x000000061aa00000|  0%| F|  |TAMS 0x000000061a800000, 0x000000061a800000| Untracked 
| 130|0x000000061aa00000, 0x000000061aa00000, 0x000000061ac00000|  0%| F|  |TAMS 0x000000061aa00000, 0x000000061aa00000| Untracked 
| 131|0x000000061ac00000, 0x000000061ac00000, 0x000000061ae00000|  0%| F|  |TAMS 0x000000061ac00000, 0x000000061ac00000| Untracked 
| 132|0x000000061ae00000, 0x000000061ae00000, 0x000000061b000000|  0%| F|  |TAMS 0x000000061ae00000, 0x000000061ae00000| Untracked 
| 133|0x000000061b000000, 0x000000061b000000, 0x000000061b200000|  0%| F|  |TAMS 0x000000061b000000, 0x000000061b000000| Untracked 
| 134|0x000000061b200000, 0x000000061b200000, 0x000000061b400000|  0%| F|  |TAMS 0x000000061b200000, 0x000000061b200000| Untracked 
| 135|0x000000061b400000, 0x000000061b400000, 0x000000061b600000|  0%| F|  |TAMS 0x000000061b400000, 0x000000061b400000| Untracked 
| 136|0x000000061b600000, 0x000000061b600000, 0x000000061b800000|  0%| F|  |TAMS 0x000000061b600000, 0x000000061b600000| Untracked 
| 137|0x000000061b800000, 0x000000061b800000, 0x000000061ba00000|  0%| F|  |TAMS 0x000000061b800000, 0x000000061b800000| Untracked 
| 138|0x000000061ba00000, 0x000000061ba00000, 0x000000061bc00000|  0%| F|  |TAMS 0x000000061ba00000, 0x000000061ba00000| Untracked 
| 139|0x000000061bc00000, 0x000000061bc00000, 0x000000061be00000|  0%| F|  |TAMS 0x000000061bc00000, 0x000000061bc00000| Untracked 
| 140|0x000000061be00000, 0x000000061be00000, 0x000000061c000000|  0%| F|  |TAMS 0x000000061be00000, 0x000000061be00000| Untracked 
| 141|0x000000061c000000, 0x000000061c000000, 0x000000061c200000|  0%| F|  |TAMS 0x000000061c000000, 0x000000061c000000| Untracked 
| 142|0x000000061c200000, 0x000000061c200000, 0x000000061c400000|  0%| F|  |TAMS 0x000000061c200000, 0x000000061c200000| Untracked 
| 143|0x000000061c400000, 0x000000061c400000, 0x000000061c600000|  0%| F|  |TAMS 0x000000061c400000, 0x000000061c400000| Untracked 
| 144|0x000000061c600000, 0x000000061c600000, 0x000000061c800000|  0%| F|  |TAMS 0x000000061c600000, 0x000000061c600000| Untracked 
| 145|0x000000061c800000, 0x000000061c800000, 0x000000061ca00000|  0%| F|  |TAMS 0x000000061c800000, 0x000000061c800000| Untracked 
| 146|0x000000061ca00000, 0x000000061ca00000, 0x000000061cc00000|  0%| F|  |TAMS 0x000000061ca00000, 0x000000061ca00000| Untracked 
| 147|0x000000061cc00000, 0x000000061cc00000, 0x000000061ce00000|  0%| F|  |TAMS 0x000000061cc00000, 0x000000061cc00000| Untracked 
| 148|0x000000061ce00000, 0x000000061ce00000, 0x000000061d000000|  0%| F|  |TAMS 0x000000061ce00000, 0x000000061ce00000| Untracked 
| 149|0x000000061d000000, 0x000000061d000000, 0x000000061d200000|  0%| F|  |TAMS 0x000000061d000000, 0x000000061d000000| Untracked 
| 150|0x000000061d200000, 0x000000061d200000, 0x000000061d400000|  0%| F|  |TAMS 0x000000061d200000, 0x000000061d200000| Untracked 
| 151|0x000000061d400000, 0x000000061d400000, 0x000000061d600000|  0%| F|  |TAMS 0x000000061d400000, 0x000000061d400000| Untracked 
| 152|0x000000061d600000, 0x000000061d600000, 0x000000061d800000|  0%| F|  |TAMS 0x000000061d600000, 0x000000061d600000| Untracked 
| 153|0x000000061d800000, 0x000000061d800000, 0x000000061da00000|  0%| F|  |TAMS 0x000000061d800000, 0x000000061d800000| Untracked 
| 154|0x000000061da00000, 0x000000061da00000, 0x000000061dc00000|  0%| F|  |TAMS 0x000000061da00000, 0x000000061da00000| Untracked 
| 155|0x000000061dc00000, 0x000000061dc00000, 0x000000061de00000|  0%| F|  |TAMS 0x000000061dc00000, 0x000000061dc00000| Untracked 
| 156|0x000000061de00000, 0x000000061de00000, 0x000000061e000000|  0%| F|  |TAMS 0x000000061de00000, 0x000000061de00000| Untracked 
| 157|0x000000061e000000, 0x000000061e000000, 0x000000061e200000|  0%| F|  |TAMS 0x000000061e000000, 0x000000061e000000| Untracked 
| 158|0x000000061e200000, 0x000000061e200000, 0x000000061e400000|  0%| F|  |TAMS 0x000000061e200000, 0x000000061e200000| Untracked 
| 159|0x000000061e400000, 0x000000061e400000, 0x000000061e600000|  0%| F|  |TAMS 0x000000061e400000, 0x000000061e400000| Untracked 
| 160|0x000000061e600000, 0x000000061e600000, 0x000000061e800000|  0%| F|  |TAMS 0x000000061e600000, 0x000000061e600000| Untracked 
| 161|0x000000061e800000, 0x000000061e800000, 0x000000061ea00000|  0%| F|  |TAMS 0x000000061e800000, 0x000000061e800000| Untracked 
| 162|0x000000061ea00000, 0x000000061ea00000, 0x000000061ec00000|  0%| F|  |TAMS 0x000000061ea00000, 0x000000061ea00000| Untracked 
| 163|0x000000061ec00000, 0x000000061ec00000, 0x000000061ee00000|  0%| F|  |TAMS 0x000000061ec00000, 0x000000061ec00000| Untracked 
| 164|0x000000061ee00000, 0x000000061ee00000, 0x000000061f000000|  0%| F|  |TAMS 0x000000061ee00000, 0x000000061ee00000| Untracked 
| 165|0x000000061f000000, 0x000000061f000000, 0x000000061f200000|  0%| F|  |TAMS 0x000000061f000000, 0x000000061f000000| Untracked 
| 166|0x000000061f200000, 0x000000061f200000, 0x000000061f400000|  0%| F|  |TAMS 0x000000061f200000, 0x000000061f200000| Untracked 
| 167|0x000000061f400000, 0x000000061f400000, 0x000000061f600000|  0%| F|  |TAMS 0x000000061f400000, 0x000000061f400000| Untracked 
| 168|0x000000061f600000, 0x000000061f600000, 0x000000061f800000|  0%| F|  |TAMS 0x000000061f600000, 0x000000061f600000| Untracked 
| 169|0x000000061f800000, 0x000000061f800000, 0x000000061fa00000|  0%| F|  |TAMS 0x000000061f800000, 0x000000061f800000| Untracked 
| 170|0x000000061fa00000, 0x000000061fa00000, 0x000000061fc00000|  0%| F|  |TAMS 0x000000061fa00000, 0x000000061fa00000| Untracked 
| 171|0x000000061fc00000, 0x000000061fc00000, 0x000000061fe00000|  0%| F|  |TAMS 0x000000061fc00000, 0x000000061fc00000| Untracked 
| 172|0x000000061fe00000, 0x000000061fe00000, 0x0000000620000000|  0%| F|  |TAMS 0x000000061fe00000, 0x000000061fe00000| Untracked 
| 173|0x0000000620000000, 0x0000000620000000, 0x0000000620200000|  0%| F|  |TAMS 0x0000000620000000, 0x0000000620000000| Untracked 
| 174|0x0000000620200000, 0x0000000620200000, 0x0000000620400000|  0%| F|  |TAMS 0x0000000620200000, 0x0000000620200000| Untracked 
| 175|0x0000000620400000, 0x0000000620400000, 0x0000000620600000|  0%| F|  |TAMS 0x0000000620400000, 0x0000000620400000| Untracked 
| 176|0x0000000620600000, 0x0000000620600000, 0x0000000620800000|  0%| F|  |TAMS 0x0000000620600000, 0x0000000620600000| Untracked 
| 177|0x0000000620800000, 0x0000000620800000, 0x0000000620a00000|  0%| F|  |TAMS 0x0000000620800000, 0x0000000620800000| Untracked 
| 178|0x0000000620a00000, 0x0000000620a00000, 0x0000000620c00000|  0%| F|  |TAMS 0x0000000620a00000, 0x0000000620a00000| Untracked 
| 179|0x0000000620c00000, 0x0000000620c00000, 0x0000000620e00000|  0%| F|  |TAMS 0x0000000620c00000, 0x0000000620c00000| Untracked 
| 180|0x0000000620e00000, 0x0000000620e00000, 0x0000000621000000|  0%| F|  |TAMS 0x0000000620e00000, 0x0000000620e00000| Untracked 
| 181|0x0000000621000000, 0x0000000621000000, 0x0000000621200000|  0%| F|  |TAMS 0x0000000621000000, 0x0000000621000000| Untracked 
| 182|0x0000000621200000, 0x0000000621200000, 0x0000000621400000|  0%| F|  |TAMS 0x0000000621200000, 0x0000000621200000| Untracked 
| 183|0x0000000621400000, 0x0000000621400000, 0x0000000621600000|  0%| F|  |TAMS 0x0000000621400000, 0x0000000621400000| Untracked 
| 184|0x0000000621600000, 0x0000000621600000, 0x0000000621800000|  0%| F|  |TAMS 0x0000000621600000, 0x0000000621600000| Untracked 
| 185|0x0000000621800000, 0x0000000621800000, 0x0000000621a00000|  0%| F|  |TAMS 0x0000000621800000, 0x0000000621800000| Untracked 
| 186|0x0000000621a00000, 0x0000000621a00000, 0x0000000621c00000|  0%| F|  |TAMS 0x0000000621a00000, 0x0000000621a00000| Untracked 
| 187|0x0000000621c00000, 0x0000000621c00000, 0x0000000621e00000|  0%| F|  |TAMS 0x0000000621c00000, 0x0000000621c00000| Untracked 
| 188|0x0000000621e00000, 0x0000000621e00000, 0x0000000622000000|  0%| F|  |TAMS 0x0000000621e00000, 0x0000000621e00000| Untracked 
| 189|0x0000000622000000, 0x0000000622000000, 0x0000000622200000|  0%| F|  |TAMS 0x0000000622000000, 0x0000000622000000| Untracked 
| 190|0x0000000622200000, 0x0000000622200000, 0x0000000622400000|  0%| F|  |TAMS 0x0000000622200000, 0x0000000622200000| Untracked 
| 191|0x0000000622400000, 0x0000000622400000, 0x0000000622600000|  0%| F|  |TAMS 0x0000000622400000, 0x0000000622400000| Untracked 
| 192|0x0000000622600000, 0x0000000622600000, 0x0000000622800000|  0%| F|  |TAMS 0x0000000622600000, 0x0000000622600000| Untracked 
| 193|0x0000000622800000, 0x0000000622800000, 0x0000000622a00000|  0%| F|  |TAMS 0x0000000622800000, 0x0000000622800000| Untracked 
| 194|0x0000000622a00000, 0x0000000622a00000, 0x0000000622c00000|  0%| F|  |TAMS 0x0000000622a00000, 0x0000000622a00000| Untracked 
| 195|0x0000000622c00000, 0x0000000622c00000, 0x0000000622e00000|  0%| F|  |TAMS 0x0000000622c00000, 0x0000000622c00000| Untracked 
| 196|0x0000000622e00000, 0x0000000622e00000, 0x0000000623000000|  0%| F|  |TAMS 0x0000000622e00000, 0x0000000622e00000| Untracked 
| 197|0x0000000623000000, 0x0000000623000000, 0x0000000623200000|  0%| F|  |TAMS 0x0000000623000000, 0x0000000623000000| Untracked 
| 198|0x0000000623200000, 0x0000000623200000, 0x0000000623400000|  0%| F|  |TAMS 0x0000000623200000, 0x0000000623200000| Untracked 
| 199|0x0000000623400000, 0x0000000623400000, 0x0000000623600000|  0%| F|  |TAMS 0x0000000623400000, 0x0000000623400000| Untracked 
| 200|0x0000000623600000, 0x0000000623600000, 0x0000000623800000|  0%| F|  |TAMS 0x0000000623600000, 0x0000000623600000| Untracked 
| 201|0x0000000623800000, 0x0000000623800000, 0x0000000623a00000|  0%| F|  |TAMS 0x0000000623800000, 0x0000000623800000| Untracked 
| 202|0x0000000623a00000, 0x0000000623a00000, 0x0000000623c00000|  0%| F|  |TAMS 0x0000000623a00000, 0x0000000623a00000| Untracked 
| 203|0x0000000623c00000, 0x0000000623c00000, 0x0000000623e00000|  0%| F|  |TAMS 0x0000000623c00000, 0x0000000623c00000| Untracked 
| 204|0x0000000623e00000, 0x0000000623e00000, 0x0000000624000000|  0%| F|  |TAMS 0x0000000623e00000, 0x0000000623e00000| Untracked 
| 205|0x0000000624000000, 0x0000000624000000, 0x0000000624200000|  0%| F|  |TAMS 0x0000000624000000, 0x0000000624000000| Untracked 
| 206|0x0000000624200000, 0x0000000624200000, 0x0000000624400000|  0%| F|  |TAMS 0x0000000624200000, 0x0000000624200000| Untracked 
| 207|0x0000000624400000, 0x0000000624400000, 0x0000000624600000|  0%| F|  |TAMS 0x0000000624400000, 0x0000000624400000| Untracked 
| 208|0x0000000624600000, 0x0000000624600000, 0x0000000624800000|  0%| F|  |TAMS 0x0000000624600000, 0x0000000624600000| Untracked 
| 209|0x0000000624800000, 0x0000000624800000, 0x0000000624a00000|  0%| F|  |TAMS 0x0000000624800000, 0x0000000624800000| Untracked 
| 210|0x0000000624a00000, 0x0000000624a00000, 0x0000000624c00000|  0%| F|  |TAMS 0x0000000624a00000, 0x0000000624a00000| Untracked 
| 211|0x0000000624c00000, 0x0000000624c00000, 0x0000000624e00000|  0%| F|  |TAMS 0x0000000624c00000, 0x0000000624c00000| Untracked 
| 212|0x0000000624e00000, 0x0000000624e00000, 0x0000000625000000|  0%| F|  |TAMS 0x0000000624e00000, 0x0000000624e00000| Untracked 
| 213|0x0000000625000000, 0x0000000625000000, 0x0000000625200000|  0%| F|  |TAMS 0x0000000625000000, 0x0000000625000000| Untracked 
| 214|0x0000000625200000, 0x0000000625200000, 0x0000000625400000|  0%| F|  |TAMS 0x0000000625200000, 0x0000000625200000| Untracked 
| 215|0x0000000625400000, 0x0000000625400000, 0x0000000625600000|  0%| F|  |TAMS 0x0000000625400000, 0x0000000625400000| Untracked 
| 216|0x0000000625600000, 0x0000000625600000, 0x0000000625800000|  0%| F|  |TAMS 0x0000000625600000, 0x0000000625600000| Untracked 
| 217|0x0000000625800000, 0x0000000625800000, 0x0000000625a00000|  0%| F|  |TAMS 0x0000000625800000, 0x0000000625800000| Untracked 
| 218|0x0000000625a00000, 0x0000000625a00000, 0x0000000625c00000|  0%| F|  |TAMS 0x0000000625a00000, 0x0000000625a00000| Untracked 
| 219|0x0000000625c00000, 0x0000000625c00000, 0x0000000625e00000|  0%| F|  |TAMS 0x0000000625c00000, 0x0000000625c00000| Untracked 
| 220|0x0000000625e00000, 0x0000000625e00000, 0x0000000626000000|  0%| F|  |TAMS 0x0000000625e00000, 0x0000000625e00000| Untracked 
| 221|0x0000000626000000, 0x0000000626000000, 0x0000000626200000|  0%| F|  |TAMS 0x0000000626000000, 0x0000000626000000| Untracked 
| 222|0x0000000626200000, 0x0000000626200000, 0x0000000626400000|  0%| F|  |TAMS 0x0000000626200000, 0x0000000626200000| Untracked 
| 223|0x0000000626400000, 0x0000000626400000, 0x0000000626600000|  0%| F|  |TAMS 0x0000000626400000, 0x0000000626400000| Untracked 
| 224|0x0000000626600000, 0x0000000626600000, 0x0000000626800000|  0%| F|  |TAMS 0x0000000626600000, 0x0000000626600000| Untracked 
| 225|0x0000000626800000, 0x0000000626800000, 0x0000000626a00000|  0%| F|  |TAMS 0x0000000626800000, 0x0000000626800000| Untracked 
| 226|0x0000000626a00000, 0x0000000626a00000, 0x0000000626c00000|  0%| F|  |TAMS 0x0000000626a00000, 0x0000000626a00000| Untracked 
| 227|0x0000000626c00000, 0x0000000626c00000, 0x0000000626e00000|  0%| F|  |TAMS 0x0000000626c00000, 0x0000000626c00000| Untracked 
| 228|0x0000000626e00000, 0x0000000626e00000, 0x0000000627000000|  0%| F|  |TAMS 0x0000000626e00000, 0x0000000626e00000| Untracked 
| 229|0x0000000627000000, 0x0000000627000000, 0x0000000627200000|  0%| F|  |TAMS 0x0000000627000000, 0x0000000627000000| Untracked 
| 230|0x0000000627200000, 0x0000000627200000, 0x0000000627400000|  0%| F|  |TAMS 0x0000000627200000, 0x0000000627200000| Untracked 
| 231|0x0000000627400000, 0x0000000627400000, 0x0000000627600000|  0%| F|  |TAMS 0x0000000627400000, 0x0000000627400000| Untracked 
| 232|0x0000000627600000, 0x0000000627600000, 0x0000000627800000|  0%| F|  |TAMS 0x0000000627600000, 0x0000000627600000| Untracked 
| 233|0x0000000627800000, 0x0000000627800000, 0x0000000627a00000|  0%| F|  |TAMS 0x0000000627800000, 0x0000000627800000| Untracked 
| 234|0x0000000627a00000, 0x0000000627a00000, 0x0000000627c00000|  0%| F|  |TAMS 0x0000000627a00000, 0x0000000627a00000| Untracked 
| 235|0x0000000627c00000, 0x0000000627c00000, 0x0000000627e00000|  0%| F|  |TAMS 0x0000000627c00000, 0x0000000627c00000| Untracked 
| 236|0x0000000627e00000, 0x0000000627e00000, 0x0000000628000000|  0%| F|  |TAMS 0x0000000627e00000, 0x0000000627e00000| Untracked 
| 237|0x0000000628000000, 0x0000000628000000, 0x0000000628200000|  0%| F|  |TAMS 0x0000000628000000, 0x0000000628000000| Untracked 
| 238|0x0000000628200000, 0x0000000628200000, 0x0000000628400000|  0%| F|  |TAMS 0x0000000628200000, 0x0000000628200000| Untracked 
| 239|0x0000000628400000, 0x0000000628400000, 0x0000000628600000|  0%| F|  |TAMS 0x0000000628400000, 0x0000000628400000| Untracked 
| 240|0x0000000628600000, 0x0000000628600000, 0x0000000628800000|  0%| F|  |TAMS 0x0000000628600000, 0x0000000628600000| Untracked 
| 241|0x0000000628800000, 0x0000000628800000, 0x0000000628a00000|  0%| F|  |TAMS 0x0000000628800000, 0x0000000628800000| Untracked 
| 242|0x0000000628a00000, 0x0000000628becb60, 0x0000000628c00000| 96%| E|  |TAMS 0x0000000628a00000, 0x0000000628a00000| Complete 
| 243|0x0000000628c00000, 0x0000000628e00000, 0x0000000628e00000|100%| E|CS|TAMS 0x0000000628c00000, 0x0000000628c00000| Complete 
| 244|0x0000000628e00000, 0x0000000629000000, 0x0000000629000000|100%| E|CS|TAMS 0x0000000628e00000, 0x0000000628e00000| Complete 
| 245|0x0000000629000000, 0x0000000629200000, 0x0000000629200000|100%| E|CS|TAMS 0x0000000629000000, 0x0000000629000000| Complete 
| 246|0x0000000629200000, 0x0000000629400000, 0x0000000629400000|100%| E|CS|TAMS 0x0000000629200000, 0x0000000629200000| Complete 
| 247|0x0000000629400000, 0x0000000629600000, 0x0000000629600000|100%| E|  |TAMS 0x0000000629400000, 0x0000000629400000| Complete 
| 248|0x0000000629600000, 0x0000000629800000, 0x0000000629800000|100%| E|CS|TAMS 0x0000000629600000, 0x0000000629600000| Complete 
| 249|0x0000000629800000, 0x0000000629a00000, 0x0000000629a00000|100%| E|CS|TAMS 0x0000000629800000, 0x0000000629800000| Complete 
| 250|0x0000000629a00000, 0x0000000629c00000, 0x0000000629c00000|100%| E|CS|TAMS 0x0000000629a00000, 0x0000000629a00000| Complete 
|4011|0x00000007ffc00000, 0x00000007ffd52000, 0x00000007ffe00000| 66%|OA|  |TAMS 0x00000007ffc00000, 0x00000007ffc00000| Untracked 
|4012|0x00000007ffe00000, 0x00000007ffe7f000, 0x0000000800000000| 24%|CA|  |TAMS 0x00000007ffe00000, 0x00000007ffe00000| Untracked 

Card table byte_map: [0x00007f39e5d2f000,0x00007f39e6cdc000] _byte_map_base: 0x00007f39e2cdc000

Marking Bits (Prev, Next): (CMBitMap*) 0x00007f3a0005a0a8, (CMBitMap*) 0x00007f3a0005a0e8
 Prev Bits: [0x00007f39dd01a000, 0x00007f39e4d82000)
 Next Bits: [0x00007f39d52b2000, 0x00007f39dd01a000)

Polling page: 0x00007f3a0683b000

Metaspace:

Usage:
  Non-class:      7,68 MB capacity,     4,92 MB ( 64%) used,     2,76 MB ( 36%) free+waste,     7,50 KB ( <1%) overhead. 
      Class:    589,00 KB capacity,   269,94 KB ( 46%) used,   316,12 KB ( 54%) free+waste,     2,94 KB ( <1%) overhead. 
       Both:      8,25 MB capacity,     5,18 MB ( 63%) used,     3,06 MB ( 37%) free+waste,    10,44 KB ( <1%) overhead. 

Virtual space:
  Non-class space:        8,00 MB reserved,       7,75 MB ( 97%) committed 
      Class space:        1,00 GB reserved,     640,00 KB ( <1%) committed 
             Both:        1,01 GB reserved,       8,38 MB ( <1%) committed 

Chunk freelists:
   Non-Class:  73,00 KB
       Class:  19,00 KB
        Both:  92,00 KB

MaxMetaspaceSize: unlimited
CompressedClassSpaceSize: 1,00 GB

CodeHeap 'non-profiled nmethods': size=120028Kb used=181Kb max_used=181Kb free=119846Kb
 bounds [0x00007f39ef752000, 0x00007f39ef9c2000, 0x00007f39f6c89000]
CodeHeap 'profiled nmethods': size=120028Kb used=1127Kb max_used=1127Kb free=118900Kb
 bounds [0x00007f39e821b000, 0x00007f39e848b000, 0x00007f39ef752000]
CodeHeap 'non-nmethods': size=5704Kb used=1568Kb max_used=1582Kb free=4135Kb
 bounds [0x00007f39e7c89000, 0x00007f39e7ef9000, 0x00007f39e821b000]
 total_blobs=1577 nmethods=626 adapters=865
 compilation: enabled
              stopped_count=0, restarted_count=0
 full_count=0

Compilation events (20 events):
Event: 0,316 Thread 0x00007f3a00263800  617       3       jdk.internal.loader.Resource::getByteBuffer (24 bytes)
Event: 0,316 Thread 0x00007f3a00263800 nmethod 617 0x00007f39e832a110 code [0x00007f39e832a2e0, 0x00007f39e832aaf0]
Event: 0,316 Thread 0x00007f3a00263800  618       3       sun.net.util.URLUtil::urlNoFragString (114 bytes)
Event: 0,317 Thread 0x00007f3a00263800 nmethod 618 0x00007f39e832ac10 code [0x00007f39e832af40, 0x00007f39e832c1c0]
Event: 0,317 Thread 0x00007f3a00263800  615       3       java.util.zip.ZipFile::getZipEntry (301 bytes)
Event: 0,319 Thread 0x00007f3a00263800 nmethod 615 0x00007f39e832c810 code [0x00007f39e832cb80, 0x00007f39e832e840]
Event: 0,319 Thread 0x00007f3a00263800  621       3       jdk.internal.loader.URLClassPath::getResource (74 bytes)
Event: 0,319 Thread 0x00007f3a00263800 nmethod 621 0x00007f39e832f310 code [0x00007f39e832f4c0, 0x00007f39e832f810]
Event: 0,319 Thread 0x00007f3a00263800  620       3       java.security.SecureClassLoader$CodeSourceKey::equals (56 bytes)
Event: 0,319 Thread 0x00007f3a00263800 nmethod 620 0x00007f39e832f990 code [0x00007f39e832fb80, 0x00007f39e83301f0]
Event: 0,319 Thread 0x00007f3a00263800  623       3       java.lang.Object::equals (11 bytes)
Event: 0,319 Thread 0x00007f3a00263800 nmethod 623 0x00007f39e8330410 code [0x00007f39e83305a0, 0x00007f39e8330710]
Event: 0,319 Thread 0x00007f3a00263800  622       3       java.lang.invoke.MemberName::isStatic (8 bytes)
Event: 0,319 Thread 0x00007f3a00263800 nmethod 622 0x00007f39e8330790 code [0x00007f39e8330920, 0x00007f39e8330af0]
Event: 0,319 Thread 0x00007f3a00263800  624       3       java.lang.ClassLoader::definePackage (85 bytes)
Event: 0,320 Thread 0x00007f3a00263800 nmethod 624 0x00007f39e8330b90 code [0x00007f39e8330e80, 0x00007f39e8332070]
Event: 0,320 Thread 0x00007f3a00263800  625       3       java.lang.Package::isSealed (26 bytes)
Event: 0,320 Thread 0x00007f3a00263800 nmethod 625 0x00007f39e8332590 code [0x00007f39e8332740, 0x00007f39e8332a70]
Event: 0,320 Thread 0x00007f3a00263800  626       3       jdk.internal.loader.BuiltinClassLoader::isSealed (71 bytes)
Event: 0,321 Thread 0x00007f3a00263800 nmethod 626 0x00007f39e8332b90 code [0x00007f39e8332f20, 0x00007f39e8334660]

GC Heap History (0 events):
No events

Deoptimization events (16 events):
Event: 0,050 Thread 0x00007f3a00017800 DEOPT PACKING pc=0x00007f39e8242810 sp=0x00007f3a05018d20
Event: 0,050 Thread 0x00007f3a00017800 DEOPT UNPACKING pc=0x00007f39e7cd233a sp=0x00007f3a05018198 mode 0
Event: 0,058 Thread 0x00007f3a00017800 DEOPT PACKING pc=0x00007f39e823e9a2 sp=0x00007f3a0501bd50
Event: 0,058 Thread 0x00007f3a00017800 DEOPT UNPACKING pc=0x00007f39e7cd233a sp=0x00007f3a0501b1d8 mode 0
Event: 0,064 Thread 0x00007f3a00017800 DEOPT PACKING pc=0x00007f39e822d9af sp=0x00007f3a05018580
Event: 0,064 Thread 0x00007f3a00017800 DEOPT UNPACKING pc=0x00007f39e7cd233a sp=0x00007f3a05017a28 mode 0
Event: 0,064 Thread 0x00007f3a00017800 DEOPT PACKING pc=0x00007f39e822d9af sp=0x00007f3a0501b9a0
Event: 0,064 Thread 0x00007f3a00017800 DEOPT UNPACKING pc=0x00007f39e7cd233a sp=0x00007f3a0501ae48 mode 0
Event: 0,067 Thread 0x00007f3a00017800 DEOPT PACKING pc=0x00007f39e823b5d5 sp=0x00007f3a0501bda0
Event: 0,067 Thread 0x00007f3a00017800 DEOPT UNPACKING pc=0x00007f39e7cd233a sp=0x00007f3a0501b240 mode 0
Event: 0,223 Thread 0x00007f3a00017800 Uncommon trap: trap_request=0xffffff54 fr.pc=0x00007f39ef772fe8 relative=0x0000000000000068
Event: 0,223 Thread 0x00007f3a00017800 Uncommon trap: reason=speculate_null_assert action=make_not_entrant pc=0x00007f39ef772fe8 method=sun.misc.Unsafe.getLong(Ljava/lang/Object;J)J @ 5 c2
Event: 0,223 Thread 0x00007f3a00017800 DEOPT PACKING pc=0x00007f39ef772fe8 sp=0x00007f3a0501d570
Event: 0,223 Thread 0x00007f3a00017800 DEOPT UNPACKING pc=0x00007f39e7cd1e25 sp=0x00007f3a0501d518 mode 2
Event: 0,263 Thread 0x00007f3a00017800 DEOPT PACKING pc=0x00007f39e82475e8 sp=0x00007f3a0501c550
Event: 0,263 Thread 0x00007f3a00017800 DEOPT UNPACKING pc=0x00007f39e7cd233a sp=0x00007f3a0501b9c0 mode 0

Classes unloaded (0 events):
No events

Classes redefined (0 events):
No events

Internal exceptions (7 events):
Event: 0,061 Thread 0x00007f3a00017800 Exception <a 'java/lang/NoSuchMethodError'{0x00000006298af128}: 'void java.lang.invoke.DelegatingMethodHandle$Holder.delegate(java.lang.Object, java.lang.Object, int, java.lang.Object)'> (0x00000006298af128) 
thrown [src/hotspot/share/interpreter/linkResolver.cpp, line 765]
Event: 0,062 Thread 0x00007f3a00017800 Exception <a 'java/lang/NoSuchMethodError'{0x00000006298b5b30}: 'java.lang.Object java.lang.invoke.DirectMethodHandle$Holder.invokeStaticInit(java.lang.Object, java.lang.Object, java.lang.Object)'> (0x00000006298b5b30) 
thrown [src/hotspot/share/interpreter/linkResolver.cpp, line 765]
Event: 0,075 Thread 0x00007f3a00017800 Exception <a 'sun/nio/fs/UnixException'{0x00000006299744b8}> (0x00000006299744b8) 
thrown [src/hotspot/share/prims/jni.cpp, line 599]
Event: 0,080 Thread 0x00007f3a00017800 Exception <a 'sun/nio/fs/UnixException'{0x000000062999d338}> (0x000000062999d338) 
thrown [src/hotspot/share/prims/jni.cpp, line 599]
Event: 0,199 Thread 0x00007f3a00017800 Exception <a 'sun/nio/fs/UnixException'{0x000000062970aa50}> (0x000000062970aa50) 
thrown [src/hotspot/share/prims/jni.cpp, line 599]
Event: 0,202 Thread 0x00007f3a00017800 Exception <a 'sun/nio/fs/UnixException'{0x0000000629727f80}> (0x0000000629727f80) 
thrown [src/hotspot/share/prims/jni.cpp, line 599]
Event: 0,312 Thread 0x00007f3a00017800 Exception <a 'java/lang/NoSuchMethodError'{0x0000000628a724d0}: 'void java.lang.invoke.DirectMethodHandle$Holder.invokeStatic(java.lang.Object, long, int, int)'> (0x0000000628a724d0) 
thrown [src/hotspot/share/interpreter/linkResolver.cpp, line 765]

Events (20 events):
Event: 0,085 loading class java/math/MutableBigInteger
Event: 0,085 loading class java/math/MutableBigInteger done
Event: 0,085 loading class java/nio/BufferOverflowException
Event: 0,085 loading class java/nio/BufferOverflowException done
Event: 0,085 loading class java/nio/InvalidMarkException
Event: 0,085 loading class java/nio/InvalidMarkException done
Event: 0,085 loading class java/nio/BufferUnderflowException
Event: 0,085 loading class java/nio/BufferUnderflowException done
Event: 0,086 loading class java/lang/IndexOutOfBoundsException
Event: 0,086 loading class java/lang/IndexOutOfBoundsException done
Event: 0,200 Loaded shared library /tmp/lwjglsamuel/3.2.3-build-13/liblwjgl_opengl.so
Event: 0,205 loading class java/util/LinkedHashSet
Event: 0,205 loading class java/util/LinkedHashSet done
Event: 0,205 Executing VM operation: HandshakeAllThreads
Event: 0,205 Executing VM operation: HandshakeAllThreads done
Event: 0,226 Loaded shared library /tmp/lwjglsamuel/3.2.3-build-13/liblwjgl.so
Event: 0,302 loading class jdk/internal/reflect/UnsafeQualifiedLongFieldAccessorImpl
Event: 0,302 loading class jdk/internal/reflect/UnsafeQualifiedFieldAccessorImpl
Event: 0,302 loading class jdk/internal/reflect/UnsafeQualifiedFieldAccessorImpl done
Event: 0,302 loading class jdk/internal/reflect/UnsafeQualifiedLongFieldAccessorImpl done


Dynamic libraries:
40447000-40449000 r-xs 00000000 00:01 255242                             /memfd:/.glXXXXXX (deleted)
4171a000-417c9000 rw-p 00000000 00:00 0 
60a600000-629c00000 rw-p 00000000 00:00 0 
629c00000-7ffc00000 ---p 00000000 00:00 0 
7ffc00000-7ffd00000 rw-p 00000000 00:00 0 
7ffd00000-7ffd52000 rw-p 00bc5000 103:02 12061554                        /usr/lib/jvm/java-14-openjdk-amd64/lib/server/classes.jsa
7ffd52000-7ffe00000 rw-p 00000000 00:00 0 
7ffe00000-7ffe7f000 rw-p 00b46000 103:02 12061554                        /usr/lib/jvm/java-14-openjdk-amd64/lib/server/classes.jsa
7ffe7f000-800000000 rw-p 00000000 00:00 0 
800000000-800003000 rwxp 00001000 103:02 12061554                        /usr/lib/jvm/java-14-openjdk-amd64/lib/server/classes.jsa
800003000-8003e7000 rw-p 00004000 103:02 12061554                        /usr/lib/jvm/java-14-openjdk-amd64/lib/server/classes.jsa
8003e7000-800b17000 r--p 003e8000 103:02 12061554                        /usr/lib/jvm/java-14-openjdk-amd64/lib/server/classes.jsa
800b17000-800b18000 rw-p 00b18000 103:02 12061554                        /usr/lib/jvm/java-14-openjdk-amd64/lib/server/classes.jsa
800b18000-800bb8000 rw-p 00000000 00:00 0 
800bb8000-840b18000 ---p 00000000 00:00 0 
55bddbe44000-55bddbe45000 r--p 00000000 103:02 12061092                  /usr/lib/jvm/java-14-openjdk-amd64/bin/java
55bddbe45000-55bddbe46000 r-xp 00001000 103:02 12061092                  /usr/lib/jvm/java-14-openjdk-amd64/bin/java
55bddbe46000-55bddbe47000 r--p 00002000 103:02 12061092                  /usr/lib/jvm/java-14-openjdk-amd64/bin/java
55bddbe47000-55bddbe48000 r--p 00002000 103:02 12061092                  /usr/lib/jvm/java-14-openjdk-amd64/bin/java
55bddbe48000-55bddbe49000 rw-p 00003000 103:02 12061092                  /usr/lib/jvm/java-14-openjdk-amd64/bin/java
55bddd1c0000-55bddd1e1000 rw-p 00000000 00:00 0                          [heap]
7f398d286000-7f398d2de000 r-xp 00000000 103:02 29622477                  /tmp/lwjglsamuel/3.2.3-build-13/liblwjgl_opengl.so
7f398d2de000-7f398d4dd000 ---p 00058000 103:02 29622477                  /tmp/lwjglsamuel/3.2.3-build-13/liblwjgl_opengl.so
7f398d4dd000-7f398d4de000 r--p 00057000 103:02 29622477                  /tmp/lwjglsamuel/3.2.3-build-13/liblwjgl_opengl.so
7f398d4de000-7f398d4df000 rw-p 00058000 103:02 29622477                  /tmp/lwjglsamuel/3.2.3-build-13/liblwjgl_opengl.so
7f398d4df000-7f398d4e2000 r--p 00000000 103:02 12067213                  /usr/lib/x86_64-linux-gnu/libxcb-sync.so.1.0.0
7f398d4e2000-7f398d4e5000 r-xp 00003000 103:02 12067213                  /usr/lib/x86_64-linux-gnu/libxcb-sync.so.1.0.0
7f398d4e5000-7f398d4e6000 r--p 00006000 103:02 12067213                  /usr/lib/x86_64-linux-gnu/libxcb-sync.so.1.0.0
7f398d4e6000-7f398d4e7000 ---p 00007000 103:02 12067213                  /usr/lib/x86_64-linux-gnu/libxcb-sync.so.1.0.0
7f398d4e7000-7f398d4e8000 r--p 00007000 103:02 12067213                  /usr/lib/x86_64-linux-gnu/libxcb-sync.so.1.0.0
7f398d4e8000-7f398d4e9000 rw-p 00008000 103:02 12067213                  /usr/lib/x86_64-linux-gnu/libxcb-sync.so.1.0.0
7f398d4fb000-7f398d57b000 rw-s 00000000 00:05 644                        /dev/nvidiactl
7f398d57b000-7f398d67b000 rw-s 00000000 00:05 644                        /dev/nvidiactl
7f398d67b000-7f398d6bb000 rw-s 00000000 00:05 644                        /dev/nvidiactl
7f398d6bb000-7f398d6db000 rw-s 00000000 00:05 644                        /dev/nvidiactl
7f398d6db000-7f398d71b000 rw-s 00000000 00:05 644                        /dev/nvidiactl
7f398d71b000-7f398d73b000 rw-s 00000000 00:05 644                        /dev/nvidiactl
7f398d73b000-7f398d7bb000 rw-s 00000000 00:05 645                        /dev/nvidia0
7f398d7bb000-7f398d7fb000 rw-s 00000000 00:05 644                        /dev/nvidiactl
7f398d7fb000-7f398d81b000 rw-s 00000000 00:05 644                        /dev/nvidiactl
7f398d81b000-7f398d9c0000 rw-s 00000000 00:01 58523                      /memfd:/.nvidia_drv.XXXXXX (deleted)
7f398d9c0000-7f398eb4e000 r-xp 00000000 103:02 12064133                  /usr/lib/x86_64-linux-gnu/libnvidia-glcore.so.460.32.03
7f398eb4e000-7f398eb6f000 rwxp 0118e000 103:02 12064133                  /usr/lib/x86_64-linux-gnu/libnvidia-glcore.so.460.32.03
7f398eb6f000-7f398f07f000 r-xp 011af000 103:02 12064133                  /usr/lib/x86_64-linux-gnu/libnvidia-glcore.so.460.32.03
7f398f07f000-7f398f27e000 ---p 016bf000 103:02 12064133                  /usr/lib/x86_64-linux-gnu/libnvidia-glcore.so.460.32.03
7f398f27e000-7f398f7ba000 r--p 016be000 103:02 12064133                  /usr/lib/x86_64-linux-gnu/libnvidia-glcore.so.460.32.03
7f398f7ba000-7f398f8a9000 rw-p 01bfa000 103:02 12064133                  /usr/lib/x86_64-linux-gnu/libnvidia-glcore.so.460.32.03
7f398f8a9000-7f398f8c7000 rw-p 00000000 00:00 0 
7f398f8c7000-7f398f8ca000 r-xp 00000000 103:02 12064138                  /usr/lib/x86_64-linux-gnu/libnvidia-tls.so.460.32.03
7f398f8ca000-7f398faca000 ---p 00003000 103:02 12064138                  /usr/lib/x86_64-linux-gnu/libnvidia-tls.so.460.32.03
7f398faca000-7f398facb000 r--p 00003000 103:02 12064138                  /usr/lib/x86_64-linux-gnu/libnvidia-tls.so.460.32.03
7f398facb000-7f398facc000 rw-p 00004000 103:02 12064138                  /usr/lib/x86_64-linux-gnu/libnvidia-tls.so.460.32.03
7f398facc000-7f398fb6c000 r-xp 00000000 103:02 12064130                  /usr/lib/x86_64-linux-gnu/libGLX_nvidia.so.460.32.03
7f398fb6c000-7f398fba1000 rwxp 000a0000 103:02 12064130                  /usr/lib/x86_64-linux-gnu/libGLX_nvidia.so.460.32.03
7f398fba1000-7f398fba8000 r-xp 000d5000 103:02 12064130                  /usr/lib/x86_64-linux-gnu/libGLX_nvidia.so.460.32.03
7f398fba8000-7f398fda7000 ---p 000dc000 103:02 12064130                  /usr/lib/x86_64-linux-gnu/libGLX_nvidia.so.460.32.03
7f398fda7000-7f398fdef000 r--p 000db000 103:02 12064130                  /usr/lib/x86_64-linux-gnu/libGLX_nvidia.so.460.32.03
7f398fdef000-7f398fdf4000 rw-p 00123000 103:02 12064130                  /usr/lib/x86_64-linux-gnu/libGLX_nvidia.so.460.32.03
7f398fdf4000-7f398fdf6000 rw-p 00000000 00:00 0 
7f398fdf6000-7f398fdff000 r-xp 00000000 103:02 12065803                  /usr/lib/x86_64-linux-gnu/libXrender.so.1.3.0
7f398fdff000-7f398fffe000 ---p 00009000 103:02 12065803                  /usr/lib/x86_64-linux-gnu/libXrender.so.1.3.0
7f398fffe000-7f398ffff000 r--p 00008000 103:02 12065803                  /usr/lib/x86_64-linux-gnu/libXrender.so.1.3.0
7f398ffff000-7f3990000000 rw-p 00009000 103:02 12065803                  /usr/lib/x86_64-linux-gnu/libXrender.so.1.3.0
7f3990000000-7f3990021000 rw-p 00000000 00:00 0 
7f3990021000-7f3994000000 ---p 00000000 00:00 0 
7f3994000000-7f3994021000 rw-p 00000000 00:00 0 
7f3994021000-7f3998000000 ---p 00000000 00:00 0 
7f3998000000-7f3998021000 rw-p 00000000 00:00 0 
7f3998021000-7f399c000000 ---p 00000000 00:00 0 
7f399c000000-7f399c021000 rw-p 00000000 00:00 0 
7f399c021000-7f39a0000000 ---p 00000000 00:00 0 
7f39a0000000-7f39a035e000 rw-p 00000000 00:00 0 
7f39a035e000-7f39a4000000 ---p 00000000 00:00 0 
7f39a4000000-7f39a42a9000 rw-p 00000000 00:00 0 
7f39a42a9000-7f39a8000000 ---p 00000000 00:00 0 
7f39a8000000-7f39a8021000 rw-p 00000000 00:00 0 
7f39a8021000-7f39ac000000 ---p 00000000 00:00 0 
7f39ac000000-7f39ac021000 rw-p 00000000 00:00 0 
7f39ac021000-7f39b0000000 ---p 00000000 00:00 0 
7f39b0000000-7f39b0021000 rw-p 00000000 00:00 0 
7f39b0021000-7f39b4000000 ---p 00000000 00:00 0 
7f39b4000000-7f39b4021000 rw-p 00000000 00:00 0 
7f39b4021000-7f39b8000000 ---p 00000000 00:00 0 
7f39b8000000-7f39b8021000 rw-p 00000000 00:00 0 
7f39b8021000-7f39bc000000 ---p 00000000 00:00 0 
7f39bc000000-7f39bc021000 rw-p 00000000 00:00 0 
7f39bc021000-7f39c0000000 ---p 00000000 00:00 0 
7f39c0000000-7f39c0021000 rw-p 00000000 00:00 0 
7f39c0021000-7f39c4000000 ---p 00000000 00:00 0 
7f39c4001000-7f39c4014000 rw-s 00000000 00:05 644                        /dev/nvidiactl
7f39c4014000-7f39c4018000 r--p 00000000 103:02 12063964                  /usr/lib/x86_64-linux-gnu/libdrm.so.2.4.0
7f39c4018000-7f39c4022000 r-xp 00004000 103:02 12063964                  /usr/lib/x86_64-linux-gnu/libdrm.so.2.4.0
7f39c4022000-7f39c4026000 r--p 0000e000 103:02 12063964                  /usr/lib/x86_64-linux-gnu/libdrm.so.2.4.0
7f39c4026000-7f39c4027000 r--p 00011000 103:02 12063964                  /usr/lib/x86_64-linux-gnu/libdrm.so.2.4.0
7f39c4027000-7f39c4028000 rw-p 00012000 103:02 12063964                  /usr/lib/x86_64-linux-gnu/libdrm.so.2.4.0
7f39c4028000-7f39c402b000 rw-s 00000000 00:05 644                        /dev/nvidiactl
7f39c402b000-7f39c402c000 r--p 00000000 103:02 12067199                  /usr/lib/x86_64-linux-gnu/libxcb-present.so.0.0.0
7f39c402c000-7f39c402d000 r-xp 00001000 103:02 12067199                  /usr/lib/x86_64-linux-gnu/libxcb-present.so.0.0.0
7f39c402d000-7f39c402e000 r--p 00002000 103:02 12067199                  /usr/lib/x86_64-linux-gnu/libxcb-present.so.0.0.0
7f39c402e000-7f39c402f000 r--p 00002000 103:02 12067199                  /usr/lib/x86_64-linux-gnu/libxcb-present.so.0.0.0
7f39c402f000-7f39c4030000 rw-p 00003000 103:02 12067199                  /usr/lib/x86_64-linux-gnu/libxcb-present.so.0.0.0
7f39c4030000-7f39c4032000 r--p 00000000 103:02 12067189                  /usr/lib/x86_64-linux-gnu/libxcb-dri3.so.0.0.0
7f39c4032000-7f39c4033000 r-xp 00002000 103:02 12067189                  /usr/lib/x86_64-linux-gnu/libxcb-dri3.so.0.0.0
7f39c4033000-7f39c4034000 r--p 00003000 103:02 12067189                  /usr/lib/x86_64-linux-gnu/libxcb-dri3.so.0.0.0
7f39c4034000-7f39c4035000 r--p 00003000 103:02 12067189                  /usr/lib/x86_64-linux-gnu/libxcb-dri3.so.0.0.0
7f39c4035000-7f39c4036000 rw-p 00004000 103:02 12067189                  /usr/lib/x86_64-linux-gnu/libxcb-dri3.so.0.0.0
7f39c4036000-7f39c403a000 rw-s 00000000 00:05 644                        /dev/nvidiactl
7f39c403a000-7f39c4045000 r--p 00000000 103:02 12067191                  /usr/lib/x86_64-linux-gnu/libxcb-glx.so.0.0.0
7f39c4045000-7f39c404e000 r-xp 0000b000 103:02 12067191                  /usr/lib/x86_64-linux-gnu/libxcb-glx.so.0.0.0
7f39c404e000-7f39c4053000 r--p 00014000 103:02 12067191                  /usr/lib/x86_64-linux-gnu/libxcb-glx.so.0.0.0
7f39c4053000-7f39c4054000 ---p 00019000 103:02 12067191                  /usr/lib/x86_64-linux-gnu/libxcb-glx.so.0.0.0
7f39c4054000-7f39c4056000 r--p 00019000 103:02 12067191                  /usr/lib/x86_64-linux-gnu/libxcb-glx.so.0.0.0
7f39c4056000-7f39c4057000 rw-p 0001b000 103:02 12067191                  /usr/lib/x86_64-linux-gnu/libxcb-glx.so.0.0.0
7f39c4057000-7f39c405a000 r--p 00000000 103:02 12064024                  /usr/lib/x86_64-linux-gnu/libGLX.so.0.0.0
7f39c405a000-7f39c4075000 r-xp 00003000 103:02 12064024                  /usr/lib/x86_64-linux-gnu/libGLX.so.0.0.0
7f39c4075000-7f39c4079000 r--p 0001e000 103:02 12064024                  /usr/lib/x86_64-linux-gnu/libGLX.so.0.0.0
7f39c4079000-7f39c407a000 r--p 00021000 103:02 12064024                  /usr/lib/x86_64-linux-gnu/libGLX.so.0.0.0
7f39c407a000-7f39c407b000 rw-p 00022000 103:02 12064024                  /usr/lib/x86_64-linux-gnu/libGLX.so.0.0.0
7f39c407b000-7f39c408b000 rw-p 00000000 00:00 0 
7f39c408b000-7f39c40cb000 r--p 00000000 103:02 12064028                  /usr/lib/x86_64-linux-gnu/libGLdispatch.so.0.0.0
7f39c40cb000-7f39c40ce000 r-xp 00040000 103:02 12064028                  /usr/lib/x86_64-linux-gnu/libGLdispatch.so.0.0.0
7f39c40ce000-7f39c4109000 r-xp 00043000 103:02 12064028                  /usr/lib/x86_64-linux-gnu/libGLdispatch.so.0.0.0
7f39c4109000-7f39c410a000 r-xp 0007e000 103:02 12064028                  /usr/lib/x86_64-linux-gnu/libGLdispatch.so.0.0.0
7f39c410a000-7f39c411e000 r--p 0007f000 103:02 12064028                  /usr/lib/x86_64-linux-gnu/libGLdispatch.so.0.0.0
7f39c411e000-7f39c413a000 r--p 00092000 103:02 12064028                  /usr/lib/x86_64-linux-gnu/libGLdispatch.so.0.0.0
7f39c413a000-7f39c413b000 rw-p 000ae000 103:02 12064028                  /usr/lib/x86_64-linux-gnu/libGLdispatch.so.0.0.0
7f39c413b000-7f39c4143000 rw-p 00000000 00:00 0 
7f39c4143000-7f39c4186000 r--p 00000000 103:02 12064022                  /usr/lib/x86_64-linux-gnu/libGL.so.1.7.0
7f39c4186000-7f39c418a000 r-xp 00043000 103:02 12064022                  /usr/lib/x86_64-linux-gnu/libGL.so.1.7.0
7f39c418a000-7f39c41a5000 r-xp 00047000 103:02 12064022                  /usr/lib/x86_64-linux-gnu/libGL.so.1.7.0
7f39c41a5000-7f39c41a6000 r-xp 00062000 103:02 12064022                  /usr/lib/x86_64-linux-gnu/libGL.so.1.7.0
7f39c41a6000-7f39c41bb000 r--p 00063000 103:02 12064022                  /usr/lib/x86_64-linux-gnu/libGL.so.1.7.0
7f39c41bb000-7f39c41c9000 r--p 00077000 103:02 12064022                  /usr/lib/x86_64-linux-gnu/libGL.so.1.7.0
7f39c41c9000-7f39c41ca000 rw-p 00085000 103:02 12064022                  /usr/lib/x86_64-linux-gnu/libGL.so.1.7.0
7f39c41ca000-7f39c41cb000 rw-p 00000000 00:00 0 
7f39c41cd000-7f39c41dd000 rw-s 00000000 00:05 645                        /dev/nvidia0
7f39c41dd000-7f39c41de000 r--p 00000000 103:02 12063984                  /usr/lib/x86_64-linux-gnu/libX11-xcb.so.1.0.0
7f39c41de000-7f39c41df000 r-xp 00001000 103:02 12063984                  /usr/lib/x86_64-linux-gnu/libX11-xcb.so.1.0.0
7f39c41df000-7f39c41e0000 r--p 00002000 103:02 12063984                  /usr/lib/x86_64-linux-gnu/libX11-xcb.so.1.0.0
7f39c41e0000-7f39c41e1000 r--p 00002000 103:02 12063984                  /usr/lib/x86_64-linux-gnu/libX11-xcb.so.1.0.0
7f39c41e1000-7f39c41e2000 rw-p 00003000 103:02 12063984                  /usr/lib/x86_64-linux-gnu/libX11-xcb.so.1.0.0
7f39c41e2000-7f39c41e4000 r--p 00000000 103:02 12065785                  /usr/lib/x86_64-linux-gnu/libXfixes.so.3.1.0
7f39c41e4000-7f39c41e7000 r-xp 00002000 103:02 12065785                  /usr/lib/x86_64-linux-gnu/libXfixes.so.3.1.0
7f39c41e7000-7f39c41e8000 r--p 00005000 103:02 12065785                  /usr/lib/x86_64-linux-gnu/libXfixes.so.3.1.0
7f39c41e8000-7f39c41e9000 r--p 00005000 103:02 12065785                  /usr/lib/x86_64-linux-gnu/libXfixes.so.3.1.0
7f39c41e9000-7f39c41ea000 rw-p 00006000 103:02 12065785                  /usr/lib/x86_64-linux-gnu/libXfixes.so.3.1.0
7f39c41ea000-7f39c41ed000 r--p 00000000 103:02 12065777                  /usr/lib/x86_64-linux-gnu/libXcursor.so.1.0.2
7f39c41ed000-7f39c41f3000 r-xp 00003000 103:02 12065777                  /usr/lib/x86_64-linux-gnu/libXcursor.so.1.0.2
7f39c41f3000-7f39c41f5000 r--p 00009000 103:02 12065777                  /usr/lib/x86_64-linux-gnu/libXcursor.so.1.0.2
7f39c41f5000-7f39c41f6000 r--p 0000a000 103:02 12065777                  /usr/lib/x86_64-linux-gnu/libXcursor.so.1.0.2
7f39c41f6000-7f39c41f7000 rw-p 0000b000 103:02 12065777                  /usr/lib/x86_64-linux-gnu/libXcursor.so.1.0.2
7f39c41f7000-7f39c41f9000 r--p 00000000 103:02 12065801                  /usr/lib/x86_64-linux-gnu/libXrandr.so.2.2.0
7f39c41f9000-7f39c4200000 r-xp 00002000 103:02 12065801                  /usr/lib/x86_64-linux-gnu/libXrandr.so.2.2.0
7f39c4200000-7f39c4202000 r--p 00009000 103:02 12065801                  /usr/lib/x86_64-linux-gnu/libXrandr.so.2.2.0
7f39c4202000-7f39c4203000 r--p 0000a000 103:02 12065801                  /usr/lib/x86_64-linux-gnu/libXrandr.so.2.2.0
7f39c4203000-7f39c4204000 rw-p 0000b000 103:02 12065801                  /usr/lib/x86_64-linux-gnu/libXrandr.so.2.2.0
7f39c4204000-7f39c4208000 r--p 00000000 103:02 12065783                  /usr/lib/x86_64-linux-gnu/libXext.so.6.4.0
7f39c4208000-7f39c4213000 r-xp 00004000 103:02 12065783                  /usr/lib/x86_64-linux-gnu/libXext.so.6.4.0
7f39c4213000-7f39c4217000 r--p 0000f000 103:02 12065783                  /usr/lib/x86_64-linux-gnu/libXext.so.6.4.0
7f39c4217000-7f39c4218000 r--p 00012000 103:02 12065783                  /usr/lib/x86_64-linux-gnu/libXext.so.6.4.0
7f39c4218000-7f39c4219000 rw-p 00013000 103:02 12065783                  /usr/lib/x86_64-linux-gnu/libXext.so.6.4.0
7f39c4219000-7f39c4231000 r--p 00000000 103:02 12063966                  /usr/lib/x86_64-linux-gnu/libX11.so.6.3.0
7f39c4231000-7f39c42bc000 r-xp 00018000 103:02 12063966                  /usr/lib/x86_64-linux-gnu/libX11.so.6.3.0
7f39c42bc000-7f39c4350000 r--p 000a3000 103:02 12063966                  /usr/lib/x86_64-linux-gnu/libX11.so.6.3.0
7f39c4350000-7f39c4351000 ---p 00137000 103:02 12063966                  /usr/lib/x86_64-linux-gnu/libX11.so.6.3.0
7f39c4351000-7f39c4352000 r--p 00137000 103:02 12063966                  /usr/lib/x86_64-linux-gnu/libX11.so.6.3.0
7f39c4352000-7f39c4356000 rw-p 00138000 103:02 12063966                  /usr/lib/x86_64-linux-gnu/libX11.so.6.3.0
7f39c4356000-7f39c4399000 r-xp 00000000 103:02 29622476                  /tmp/lwjglsamuel/3.2.3-build-13/libglfw.so
7f39c4399000-7f39c4598000 ---p 00043000 103:02 29622476                  /tmp/lwjglsamuel/3.2.3-build-13/libglfw.so
7f39c4598000-7f39c4599000 r--p 00042000 103:02 29622476                  /tmp/lwjglsamuel/3.2.3-build-13/libglfw.so
7f39c4599000-7f39c459b000 rw-p 00043000 103:02 29622476                  /tmp/lwjglsamuel/3.2.3-build-13/libglfw.so
7f39c459b000-7f39c45bc000 rw-p 00000000 00:00 0 
7f39c45bc000-7f39c460d000 r-xp 00000000 103:02 29622474                  /tmp/lwjglsamuel/3.2.3-build-13/liblwjgl.so
7f39c460d000-7f39c480c000 ---p 00051000 103:02 29622474                  /tmp/lwjglsamuel/3.2.3-build-13/liblwjgl.so
7f39c480c000-7f39c480d000 r--p 00050000 103:02 29622474                  /tmp/lwjglsamuel/3.2.3-build-13/liblwjgl.so
7f39c480d000-7f39c480e000 rw-p 00051000 103:02 29622474                  /tmp/lwjglsamuel/3.2.3-build-13/liblwjgl.so
7f39c480e000-7f39c4812000 ---p 00000000 00:00 0 
7f39c4812000-7f39c490f000 rw-p 00000000 00:00 0 
7f39c490f000-7f39c4910000 ---p 00000000 00:00 0 
7f39c4910000-7f39c4a11000 rw-p 00000000 00:00 0 
7f39c4a11000-7f39c4a15000 ---p 00000000 00:00 0 
7f39c4a15000-7f39c4b12000 rw-p 00000000 00:00 0 
7f39c4b12000-7f39c4b16000 ---p 00000000 00:00 0 
7f39c4b16000-7f39c4c13000 rw-p 00000000 00:00 0 
7f39c4c13000-7f39c4c17000 ---p 00000000 00:00 0 
7f39c4c17000-7f39c4d14000 rw-p 00000000 00:00 0 
7f39c4d14000-7f39c4d18000 ---p 00000000 00:00 0 
7f39c4d18000-7f39c4e15000 rw-p 00000000 00:00 0 
7f39c4e15000-7f39c4e19000 ---p 00000000 00:00 0 
7f39c4e19000-7f39c4f16000 rw-p 00000000 00:00 0 
7f39c4f16000-7f39c4f1a000 ---p 00000000 00:00 0 
7f39c4f1a000-7f39c5017000 rw-p 00000000 00:00 0 
7f39c5017000-7f39c5800000 r--p 00000000 103:02 12058850                  /usr/lib/locale/locale-archive
7f39c5800000-7f39c5fc0000 rw-p 00000000 00:00 0 
7f39c5fc0000-7f39c6000000 ---p 00000000 00:00 0 
7f39c6000000-7f39c8000000 rw-p 00000000 00:00 0 
7f39c8000000-7f39c8021000 rw-p 00000000 00:00 0 
7f39c8021000-7f39cc000000 ---p 00000000 00:00 0 
7f39cc000000-7f39cc021000 rw-p 00000000 00:00 0 
7f39cc021000-7f39d0000000 ---p 00000000 00:00 0 
7f39d0000000-7f39d0021000 rw-p 00000000 00:00 0 
7f39d0021000-7f39d4000000 ---p 00000000 00:00 0 
7f39d4000000-7f39d4002000 r--p 00000000 103:02 12065791                  /usr/lib/x86_64-linux-gnu/libXi.so.6.1.0
7f39d4002000-7f39d400d000 r-xp 00002000 103:02 12065791                  /usr/lib/x86_64-linux-gnu/libXi.so.6.1.0
7f39d400d000-7f39d4010000 r--p 0000d000 103:02 12065791                  /usr/lib/x86_64-linux-gnu/libXi.so.6.1.0
7f39d4010000-7f39d4011000 r--p 0000f000 103:02 12065791                  /usr/lib/x86_64-linux-gnu/libXi.so.6.1.0
7f39d4011000-7f39d4012000 rw-p 00010000 103:02 12065791                  /usr/lib/x86_64-linux-gnu/libXi.so.6.1.0
7f39d4012000-7f39d4013000 r--p 00000000 103:02 12065819                  /usr/lib/x86_64-linux-gnu/libXxf86vm.so.1.0.0
7f39d4013000-7f39d4016000 r-xp 00001000 103:02 12065819                  /usr/lib/x86_64-linux-gnu/libXxf86vm.so.1.0.0
7f39d4016000-7f39d4017000 r--p 00004000 103:02 12065819                  /usr/lib/x86_64-linux-gnu/libXxf86vm.so.1.0.0
7f39d4017000-7f39d4018000 r--p 00004000 103:02 12065819                  /usr/lib/x86_64-linux-gnu/libXxf86vm.so.1.0.0
7f39d4018000-7f39d4019000 rw-p 00005000 103:02 12065819                  /usr/lib/x86_64-linux-gnu/libXxf86vm.so.1.0.0
7f39d4019000-7f39d401d000 r--p 00000000 103:02 12065935                  /usr/lib/x86_64-linux-gnu/libbsd.so.0.10.0
7f39d401d000-7f39d402c000 r-xp 00004000 103:02 12065935                  /usr/lib/x86_64-linux-gnu/libbsd.so.0.10.0
7f39d402c000-7f39d402f000 r--p 00013000 103:02 12065935                  /usr/lib/x86_64-linux-gnu/libbsd.so.0.10.0
7f39d402f000-7f39d4030000 ---p 00016000 103:02 12065935                  /usr/lib/x86_64-linux-gnu/libbsd.so.0.10.0
7f39d4030000-7f39d4031000 r--p 00016000 103:02 12065935                  /usr/lib/x86_64-linux-gnu/libbsd.so.0.10.0
7f39d4031000-7f39d4032000 rw-p 00017000 103:02 12065935                  /usr/lib/x86_64-linux-gnu/libbsd.so.0.10.0
7f39d4032000-7f39d4033000 rw-p 00000000 00:00 0 
7f39d4033000-7f39d4035000 r--p 00000000 103:02 12065781                  /usr/lib/x86_64-linux-gnu/libXdmcp.so.6.0.0
7f39d4035000-7f39d4037000 r-xp 00002000 103:02 12065781                  /usr/lib/x86_64-linux-gnu/libXdmcp.so.6.0.0
7f39d4037000-7f39d4039000 r--p 00004000 103:02 12065781                  /usr/lib/x86_64-linux-gnu/libXdmcp.so.6.0.0
7f39d4039000-7f39d403a000 r--p 00005000 103:02 12065781                  /usr/lib/x86_64-linux-gnu/libXdmcp.so.6.0.0
7f39d403a000-7f39d403b000 rw-p 00006000 103:02 12065781                  /usr/lib/x86_64-linux-gnu/libXdmcp.so.6.0.0
7f39d403b000-7f39d4046000 r--p 00000000 103:02 12067223                  /usr/lib/x86_64-linux-gnu/libxcb.so.1.1.0
7f39d4046000-7f39d405a000 r-xp 0000b000 103:02 12067223                  /usr/lib/x86_64-linux-gnu/libxcb.so.1.1.0
7f39d405a000-7f39d4063000 r--p 0001f000 103:02 12067223                  /usr/lib/x86_64-linux-gnu/libxcb.so.1.1.0
7f39d4063000-7f39d4064000 r--p 00027000 103:02 12067223                  /usr/lib/x86_64-linux-gnu/libxcb.so.1.1.0
7f39d4064000-7f39d4065000 rw-p 00028000 103:02 12067223                  /usr/lib/x86_64-linux-gnu/libxcb.so.1.1.0
7f39d4065000-7f39d4066000 r-xp 00000000 00:00 0 
7f39d4066000-7f39d4068000 rw-s 00000000 00:01 255242                     /memfd:/.glXXXXXX (deleted)
7f39d4068000-7f39d4069000 rw-s 00000000 00:05 645                        /dev/nvidia0
7f39d4069000-7f39d406b000 rw-s 00000000 00:05 644                        /dev/nvidiactl
7f39d406b000-7f39d406f000 rw-s 00000000 00:05 644                        /dev/nvidiactl
7f39d406f000-7f39d4070000 rw-s 00000000 00:05 644                        /dev/nvidiactl
7f39d4070000-7f39d4077000 r--s 00000000 103:02 12719045                  /usr/lib/x86_64-linux-gnu/gconv/gconv-modules.cache
7f39d4077000-7f39d40a8000 rw-p 00000000 00:00 0 
7f39d40a8000-7f39d40ac000 r--p 00000000 103:02 12061542                  /usr/lib/jvm/java-14-openjdk-amd64/lib/libnet.so
7f39d40ac000-7f39d40ba000 r-xp 00004000 103:02 12061542                  /usr/lib/jvm/java-14-openjdk-amd64/lib/libnet.so
7f39d40ba000-7f39d40be000 r--p 00012000 103:02 12061542                  /usr/lib/jvm/java-14-openjdk-amd64/lib/libnet.so
7f39d40be000-7f39d40bf000 r--p 00015000 103:02 12061542                  /usr/lib/jvm/java-14-openjdk-amd64/lib/libnet.so
7f39d40bf000-7f39d40c0000 rw-p 00016000 103:02 12061542                  /usr/lib/jvm/java-14-openjdk-amd64/lib/libnet.so
7f39d40c0000-7f39d40c4000 ---p 00000000 00:00 0 
7f39d40c4000-7f39d41c1000 rw-p 00000000 00:00 0 
7f39d41c1000-7f39d41c5000 ---p 00000000 00:00 0 
7f39d41c5000-7f39d42c2000 rw-p 00000000 00:00 0 
7f39d42c2000-7f39d42c3000 ---p 00000000 00:00 0 
7f39d42c3000-7f39d44a0000 rw-p 00000000 00:00 0 
7f39d44a0000-7f39d44a1000 ---p 00000000 00:00 0 
7f39d44a1000-7f39d45a2000 rw-p 00000000 00:00 0 
7f39d45a2000-7f39d45a3000 ---p 00000000 00:00 0 
7f39d45a3000-7f39d50ae000 rw-p 00000000 00:00 0 
7f39d50ae000-7f39d50af000 ---p 00000000 00:00 0 
7f39d50af000-7f39d51b0000 rw-p 00000000 00:00 0 
7f39d51b0000-7f39d51b1000 ---p 00000000 00:00 0 
7f39d51b1000-7f39d5a8a000 rw-p 00000000 00:00 0 
7f39d5a8a000-7f39dd00a000 ---p 00000000 00:00 0 
7f39dd00a000-7f39dd7f2000 rw-p 00000000 00:00 0 
7f39dd7f2000-7f39e4d72000 ---p 00000000 00:00 0 
7f39e4d72000-7f39e4e7d000 rw-p 00000000 00:00 0 
7f39e4e7d000-7f39e5d2d000 ---p 00000000 00:00 0 
7f39e5d2d000-7f39e5e2a000 rw-p 00000000 00:00 0 
7f39e5e2a000-7f39e6cda000 ---p 00000000 00:00 0 
7f39e6cda000-7f39e6dd7000 rw-p 00000000 00:00 0 
7f39e6dd7000-7f39e7c87000 ---p 00000000 00:00 0 
7f39e7c87000-7f39e7c89000 rw-p 00000000 00:00 0 
7f39e7c89000-7f39e7ef9000 rwxp 00000000 00:00 0 
7f39e7ef9000-7f39e821b000 ---p 00000000 00:00 0 
7f39e821b000-7f39e848b000 rwxp 00000000 00:00 0 
7f39e848b000-7f39ef752000 ---p 00000000 00:00 0 
7f39ef752000-7f39ef9c2000 rwxp 00000000 00:00 0 
7f39ef9c2000-7f39f6c89000 ---p 00000000 00:00 0 
7f39f6c89000-7f3a00000000 r--s 00000000 103:02 12061551                  /usr/lib/jvm/java-14-openjdk-amd64/lib/modules
7f3a00000000-7f3a00b23000 rw-p 00000000 00:00 0 
7f3a00b23000-7f3a04000000 ---p 00000000 00:00 0 
7f3a04000000-7f3a04001000 rw-s 00000000 00:05 644                        /dev/nvidiactl
7f3a04001000-7f3a04002000 r--p 00000000 103:02 12065793                  /usr/lib/x86_64-linux-gnu/libXinerama.so.1.0.0
7f3a04002000-7f3a04003000 r-xp 00001000 103:02 12065793                  /usr/lib/x86_64-linux-gnu/libXinerama.so.1.0.0
7f3a04003000-7f3a04004000 r--p 00002000 103:02 12065793                  /usr/lib/x86_64-linux-gnu/libXinerama.so.1.0.0
7f3a04004000-7f3a04005000 r--p 00002000 103:02 12065793                  /usr/lib/x86_64-linux-gnu/libXinerama.so.1.0.0
7f3a04005000-7f3a04006000 rw-p 00003000 103:02 12065793                  /usr/lib/x86_64-linux-gnu/libXinerama.so.1.0.0
7f3a04006000-7f3a0400d000 r--p 00000000 103:02 12061543                  /usr/lib/jvm/java-14-openjdk-amd64/lib/libnio.so
7f3a0400d000-7f3a04016000 r-xp 00007000 103:02 12061543                  /usr/lib/jvm/java-14-openjdk-amd64/lib/libnio.so
7f3a04016000-7f3a0401a000 r--p 00010000 103:02 12061543                  /usr/lib/jvm/java-14-openjdk-amd64/lib/libnio.so
7f3a0401a000-7f3a0401b000 r--p 00013000 103:02 12061543                  /usr/lib/jvm/java-14-openjdk-amd64/lib/libnio.so
7f3a0401b000-7f3a0401c000 rw-p 00014000 103:02 12061543                  /usr/lib/jvm/java-14-openjdk-amd64/lib/libnio.so
7f3a0401c000-7f3a0409f000 rw-p 00000000 00:00 0 
7f3a0409f000-7f3a040a0000 ---p 00000000 00:00 0 
7f3a040a0000-7f3a04cf2000 rw-p 00000000 00:00 0 
7f3a04cf2000-7f3a04dd8000 ---p 00000000 00:00 0 
7f3a04dd8000-7f3a04ddd000 rw-p 00000000 00:00 0 
7f3a04ddd000-7f3a04ec3000 ---p 00000000 00:00 0 
7f3a04ec3000-7f3a04ec8000 rw-p 00000000 00:00 0 
7f3a04ec8000-7f3a04ecf000 ---p 00000000 00:00 0 
7f3a04ecf000-7f3a04edc000 r--p 00000000 103:02 12061529                  /usr/lib/jvm/java-14-openjdk-amd64/lib/libjava.so
7f3a04edc000-7f3a04eef000 r-xp 0000d000 103:02 12061529                  /usr/lib/jvm/java-14-openjdk-amd64/lib/libjava.so
7f3a04eef000-7f3a04ef5000 r--p 00020000 103:02 12061529                  /usr/lib/jvm/java-14-openjdk-amd64/lib/libjava.so
7f3a04ef5000-7f3a04ef6000 r--p 00025000 103:02 12061529                  /usr/lib/jvm/java-14-openjdk-amd64/lib/libjava.so
7f3a04ef6000-7f3a04ef8000 rw-p 00026000 103:02 12061529                  /usr/lib/jvm/java-14-openjdk-amd64/lib/libjava.so
7f3a04ef8000-7f3a04efb000 r--p 00000000 103:02 12060795                  /usr/lib/x86_64-linux-gnu/libnss_files-2.31.so
7f3a04efb000-7f3a04f02000 r-xp 00003000 103:02 12060795                  /usr/lib/x86_64-linux-gnu/libnss_files-2.31.so
7f3a04f02000-7f3a04f04000 r--p 0000a000 103:02 12060795                  /usr/lib/x86_64-linux-gnu/libnss_files-2.31.so
7f3a04f04000-7f3a04f05000 r--p 0000b000 103:02 12060795                  /usr/lib/x86_64-linux-gnu/libnss_files-2.31.so
7f3a04f05000-7f3a04f06000 rw-p 0000c000 103:02 12060795                  /usr/lib/x86_64-linux-gnu/libnss_files-2.31.so
7f3a04f06000-7f3a04f0c000 rw-p 00000000 00:00 0 
7f3a04f0c000-7f3a04f0e000 r--p 00000000 103:02 12061550                  /usr/lib/jvm/java-14-openjdk-amd64/lib/libzip.so
7f3a04f0e000-7f3a04f12000 r-xp 00002000 103:02 12061550                  /usr/lib/jvm/java-14-openjdk-amd64/lib/libzip.so
7f3a04f12000-7f3a04f14000 r--p 00006000 103:02 12061550                  /usr/lib/jvm/java-14-openjdk-amd64/lib/libzip.so
7f3a04f14000-7f3a04f15000 r--p 00007000 103:02 12061550                  /usr/lib/jvm/java-14-openjdk-amd64/lib/libzip.so
7f3a04f15000-7f3a04f16000 rw-p 00008000 103:02 12061550                  /usr/lib/jvm/java-14-openjdk-amd64/lib/libzip.so
7f3a04f16000-7f3a04f1e000 rw-s 00000000 103:02 29622454                  /tmp/hsperfdata_samuel/13156
7f3a04f1e000-7f3a04f22000 ---p 00000000 00:00 0 
7f3a04f22000-7f3a0501f000 rw-p 00000000 00:00 0 
7f3a0501f000-7f3a05022000 r--p 00000000 103:02 12060782                  /usr/lib/x86_64-linux-gnu/libgcc_s.so.1
7f3a05022000-7f3a05034000 r-xp 00003000 103:02 12060782                  /usr/lib/x86_64-linux-gnu/libgcc_s.so.1
7f3a05034000-7f3a05038000 r--p 00015000 103:02 12060782                  /usr/lib/x86_64-linux-gnu/libgcc_s.so.1
7f3a05038000-7f3a05039000 r--p 00018000 103:02 12060782                  /usr/lib/x86_64-linux-gnu/libgcc_s.so.1
7f3a05039000-7f3a0503a000 rw-p 00019000 103:02 12060782                  /usr/lib/x86_64-linux-gnu/libgcc_s.so.1
7f3a0503a000-7f3a05049000 r--p 00000000 103:02 12060789                  /usr/lib/x86_64-linux-gnu/libm-2.31.so
7f3a05049000-7f3a050f0000 r-xp 0000f000 103:02 12060789                  /usr/lib/x86_64-linux-gnu/libm-2.31.so
7f3a050f0000-7f3a05187000 r--p 000b6000 103:02 12060789                  /usr/lib/x86_64-linux-gnu/libm-2.31.so
7f3a05187000-7f3a05188000 r--p 0014c000 103:02 12060789                  /usr/lib/x86_64-linux-gnu/libm-2.31.so
7f3a05188000-7f3a05189000 rw-p 0014d000 103:02 12060789                  /usr/lib/x86_64-linux-gnu/libm-2.31.so
7f3a05189000-7f3a0521f000 r--p 00000000 103:02 12060816                  /usr/lib/x86_64-linux-gnu/libstdc++.so.6.0.28
7f3a0521f000-7f3a0530f000 r-xp 00096000 103:02 12060816                  /usr/lib/x86_64-linux-gnu/libstdc++.so.6.0.28
7f3a0530f000-7f3a05358000 r--p 00186000 103:02 12060816                  /usr/lib/x86_64-linux-gnu/libstdc++.so.6.0.28
7f3a05358000-7f3a05359000 ---p 001cf000 103:02 12060816                  /usr/lib/x86_64-linux-gnu/libstdc++.so.6.0.28
7f3a05359000-7f3a05364000 r--p 001cf000 103:02 12060816                  /usr/lib/x86_64-linux-gnu/libstdc++.so.6.0.28
7f3a05364000-7f3a05367000 rw-p 001da000 103:02 12060816                  /usr/lib/x86_64-linux-gnu/libstdc++.so.6.0.28
7f3a05367000-7f3a0536a000 rw-p 00000000 00:00 0 
7f3a0536a000-7f3a05597000 r--p 00000000 103:02 12061556                  /usr/lib/jvm/java-14-openjdk-amd64/lib/server/libjvm.so
7f3a05597000-7f3a0623d000 r-xp 0022d000 103:02 12061556                  /usr/lib/jvm/java-14-openjdk-amd64/lib/server/libjvm.so
7f3a0623d000-7f3a06499000 r--p 00ed3000 103:02 12061556                  /usr/lib/jvm/java-14-openjdk-amd64/lib/server/libjvm.so
7f3a06499000-7f3a06540000 r--p 0112e000 103:02 12061556                  /usr/lib/jvm/java-14-openjdk-amd64/lib/server/libjvm.so
7f3a06540000-7f3a0657a000 rw-p 011d5000 103:02 12061556                  /usr/lib/jvm/java-14-openjdk-amd64/lib/server/libjvm.so
7f3a0657a000-7f3a065fd000 rw-p 00000000 00:00 0 
7f3a065fd000-7f3a06604000 r--p 00000000 103:02 12060800                  /usr/lib/x86_64-linux-gnu/libpthread-2.31.so
7f3a06604000-7f3a06615000 r-xp 00007000 103:02 12060800                  /usr/lib/x86_64-linux-gnu/libpthread-2.31.so
7f3a06615000-7f3a0661a000 r--p 00018000 103:02 12060800                  /usr/lib/x86_64-linux-gnu/libpthread-2.31.so
7f3a0661a000-7f3a0661b000 r--p 0001c000 103:02 12060800                  /usr/lib/x86_64-linux-gnu/libpthread-2.31.so
7f3a0661b000-7f3a0661c000 rw-p 0001d000 103:02 12060800                  /usr/lib/x86_64-linux-gnu/libpthread-2.31.so
7f3a0661c000-7f3a06620000 rw-p 00000000 00:00 0 
7f3a06620000-7f3a06621000 r--p 00000000 103:02 12060788                  /usr/lib/x86_64-linux-gnu/libdl-2.31.so
7f3a06621000-7f3a06623000 r-xp 00001000 103:02 12060788                  /usr/lib/x86_64-linux-gnu/libdl-2.31.so
7f3a06623000-7f3a06624000 r--p 00003000 103:02 12060788                  /usr/lib/x86_64-linux-gnu/libdl-2.31.so
7f3a06624000-7f3a06625000 r--p 00003000 103:02 12060788                  /usr/lib/x86_64-linux-gnu/libdl-2.31.so
7f3a06625000-7f3a06626000 rw-p 00004000 103:02 12060788                  /usr/lib/x86_64-linux-gnu/libdl-2.31.so
7f3a06626000-7f3a06628000 r--p 00000000 103:02 12060820                  /usr/lib/x86_64-linux-gnu/libz.so.1.2.11
7f3a06628000-7f3a06639000 r-xp 00002000 103:02 12060820                  /usr/lib/x86_64-linux-gnu/libz.so.1.2.11
7f3a06639000-7f3a0663f000 r--p 00013000 103:02 12060820                  /usr/lib/x86_64-linux-gnu/libz.so.1.2.11
7f3a0663f000-7f3a06640000 ---p 00019000 103:02 12060820                  /usr/lib/x86_64-linux-gnu/libz.so.1.2.11
7f3a06640000-7f3a06641000 r--p 00019000 103:02 12060820                  /usr/lib/x86_64-linux-gnu/libz.so.1.2.11
7f3a06641000-7f3a06642000 rw-p 0001a000 103:02 12060820                  /usr/lib/x86_64-linux-gnu/libz.so.1.2.11
7f3a06642000-7f3a06667000 r--p 00000000 103:02 12060787                  /usr/lib/x86_64-linux-gnu/libc-2.31.so
7f3a06667000-7f3a067df000 r-xp 00025000 103:02 12060787                  /usr/lib/x86_64-linux-gnu/libc-2.31.so
7f3a067df000-7f3a06829000 r--p 0019d000 103:02 12060787                  /usr/lib/x86_64-linux-gnu/libc-2.31.so
7f3a06829000-7f3a0682a000 ---p 001e7000 103:02 12060787                  /usr/lib/x86_64-linux-gnu/libc-2.31.so
7f3a0682a000-7f3a0682d000 r--p 001e7000 103:02 12060787                  /usr/lib/x86_64-linux-gnu/libc-2.31.so
7f3a0682d000-7f3a06830000 rw-p 001ea000 103:02 12060787                  /usr/lib/x86_64-linux-gnu/libc-2.31.so
7f3a06830000-7f3a06834000 rw-p 00000000 00:00 0 
7f3a06834000-7f3a06835000 rw-s 00000000 00:05 644                        /dev/nvidiactl
7f3a06835000-7f3a06836000 r--p 00000000 103:02 12065770                  /usr/lib/x86_64-linux-gnu/libXau.so.6.0.0
7f3a06836000-7f3a06838000 r-xp 00001000 103:02 12065770                  /usr/lib/x86_64-linux-gnu/libXau.so.6.0.0
7f3a06838000-7f3a06839000 r--p 00003000 103:02 12065770                  /usr/lib/x86_64-linux-gnu/libXau.so.6.0.0
7f3a06839000-7f3a0683a000 r--p 00003000 103:02 12065770                  /usr/lib/x86_64-linux-gnu/libXau.so.6.0.0
7f3a0683a000-7f3a0683b000 rw-p 00004000 103:02 12065770                  /usr/lib/x86_64-linux-gnu/libXau.so.6.0.0
7f3a0683b000-7f3a0683c000 ---p 00000000 00:00 0 
7f3a0683c000-7f3a0683d000 r--p 00000000 00:00 0 
7f3a0683d000-7f3a0683f000 r--p 00000000 103:02 12061533                  /usr/lib/jvm/java-14-openjdk-amd64/lib/libjimage.so
7f3a0683f000-7f3a06842000 r-xp 00002000 103:02 12061533                  /usr/lib/jvm/java-14-openjdk-amd64/lib/libjimage.so
7f3a06842000-7f3a06843000 r--p 00005000 103:02 12061533                  /usr/lib/jvm/java-14-openjdk-amd64/lib/libjimage.so
7f3a06843000-7f3a06844000 ---p 00006000 103:02 12061533                  /usr/lib/jvm/java-14-openjdk-amd64/lib/libjimage.so
7f3a06844000-7f3a06845000 r--p 00006000 103:02 12061533                  /usr/lib/jvm/java-14-openjdk-amd64/lib/libjimage.so
7f3a06845000-7f3a06846000 rw-p 00007000 103:02 12061533                  /usr/lib/jvm/java-14-openjdk-amd64/lib/libjimage.so
7f3a06846000-7f3a06849000 r--p 00000000 103:02 12061534                  /usr/lib/jvm/java-14-openjdk-amd64/lib/libjli.so
7f3a06849000-7f3a06853000 r-xp 00003000 103:02 12061534                  /usr/lib/jvm/java-14-openjdk-amd64/lib/libjli.so
7f3a06853000-7f3a06856000 r--p 0000d000 103:02 12061534                  /usr/lib/jvm/java-14-openjdk-amd64/lib/libjli.so
7f3a06856000-7f3a06857000 r--p 0000f000 103:02 12061534                  /usr/lib/jvm/java-14-openjdk-amd64/lib/libjli.so
7f3a06857000-7f3a06858000 rw-p 00010000 103:02 12061534                  /usr/lib/jvm/java-14-openjdk-amd64/lib/libjli.so
7f3a06858000-7f3a0685a000 rw-p 00000000 00:00 0 
7f3a0685a000-7f3a0685b000 r--p 00000000 103:02 12060783                  /usr/lib/x86_64-linux-gnu/ld-2.31.so
7f3a0685b000-7f3a0687e000 r-xp 00001000 103:02 12060783                  /usr/lib/x86_64-linux-gnu/ld-2.31.so
7f3a0687e000-7f3a06886000 r--p 00024000 103:02 12060783                  /usr/lib/x86_64-linux-gnu/ld-2.31.so
7f3a06886000-7f3a06887000 ---p 00000000 00:00 0 
7f3a06887000-7f3a06888000 r--p 0002c000 103:02 12060783                  /usr/lib/x86_64-linux-gnu/ld-2.31.so
7f3a06888000-7f3a06889000 rw-p 0002d000 103:02 12060783                  /usr/lib/x86_64-linux-gnu/ld-2.31.so
7f3a06889000-7f3a0688a000 rw-p 00000000 00:00 0 
7fff25f22000-7fff25f43000 rw-p 00000000 00:00 0                          [stack]
7fff25fb4000-7fff25fb8000 r--p 00000000 00:00 0                          [vvar]
7fff25fb8000-7fff25fba000 r-xp 00000000 00:00 0                          [vdso]
ffffffffff600000-ffffffffff601000 --xp 00000000 00:00 0                  [vsyscall]


VM Arguments:
jvm_args: -Dfile.encoding=UTF-8 -Duser.country=US -Duser.language=en -Duser.variant 
java_command: cz.educanet.Main
java_class_path (initial): /home/samuel/Documents/github/OpenGLExamples/Triangle/build/classes/java/main:/home/samuel/Documents/github/OpenGLExamples/Triangle/build/resources/main:/home/samuel/.gradle/caches/modules-2/files-2.1/org.lwjgl/lwjgl-assimp/3.2.3/f62aa07a20afbdd3097efc296c4841e0d29700eb/lwjgl-assimp-3.2.3.jar:/home/samuel/.gradle/caches/modules-2/files-2.1/org.lwjgl/lwjgl-assimp/3.2.3/9ecc218db17c49f2819a5a80dee7efea65a9ac4f/lwjgl-assimp-3.2.3-natives-linux.jar:/home/samuel/.gradle/caches/modules-2/files-2.1/org.lwjgl/lwjgl-glfw/3.2.3/5e520d5c290c8b012545a8d34fa5db5ab051ea53/lwjgl-glfw-3.2.3.jar:/home/samuel/.gradle/caches/modules-2/files-2.1/org.lwjgl/lwjgl-glfw/3.2.3/62b044d9b0a057444bef2ab70b9afc288ec09dba/lwjgl-glfw-3.2.3-natives-linux.jar:/home/samuel/.gradle/caches/modules-2/files-2.1/org.lwjgl/lwjgl-openal/3.2.3/106742e805803ab9eab8e343f0fb31a3d263903c/lwjgl-openal-3.2.3.jar:/home/samuel/.gradle/caches/modules-2/files-2.1/org.lwjgl/lwjgl-openal/3.2.3/869ddd9dbbf92a7d1be7f5942ca0adbde068d999/lwjgl-openal-3.2.3-natives-linux.jar:/home/samuel/.gradle/caches/modules-2/files-2.1/org.lwjgl/lwjgl-opengl/3.2.3/bdd534a323d0c8f54969b95e424b6ac8984f7d6e/lwjgl-opengl-3.2.3.jar:/home/samuel/.gradle/caches/modules-2/files-2.1/org.lwjgl/lwjgl-opengl/3.2.3/7f14db5da9aa7951efe88993f519d7d38ad6e46b/lwjgl-opengl-3.2.3-natives-linux.jar:/home/samuel/.gradle/caches/modules-2/files-2.1/org.lwjgl/lwjgl-stb/3.2.3/40eccaa4fa86fc815f2e17946a392fb5fdcc286a/lwjgl-stb-3.2.3.jar:/home/samuel/.gradle/caches/modules-2/files-2.1/org.lwjgl/lwjgl-stb/3.2.3/189950254d81e9214b39cc656163541bf1accbba/lwjgl-stb-3.2.3-natives-linux.jar:/home/samuel/.gradle/caches/modules-2/files-2.1/org.lwjgl/lwjgl/3.2.3/17a59ba0fe8d474ec9dbe0d5db40d2cfe59c4c08/lwjgl-3.2.3.jar:/home/samuel/.gradle/caches/modules-2/files-2.1/org.lwjgl/lwjgl/3.2.3/3d9d36c93446c7a1c90bc7aec8fa89c7988bf82b/lwjgl-3.2.3-natives-linux.jar:/home/samuel/.gradle/caches/modules-2/files-2.1/org.joml/joml/1.10.0/a29b8bf72dc1478e9ceea
Launcher Type: SUN_STANDARD

[Global flags]
     intx CICompilerCount                          = 4                                         {product} {ergonomic}
     uint ConcGCThreads                            = 3                                         {product} {ergonomic}
     uint G1ConcRefinementThreads                  = 10                                        {product} {ergonomic}
   size_t G1HeapRegionSize                         = 2097152                                   {product} {ergonomic}
    uintx GCDrainStackTargetSize                   = 64                                        {product} {ergonomic}
   size_t InitialHeapSize                          = 526385152                                 {product} {ergonomic}
   size_t MarkStackSize                            = 4194304                                   {product} {ergonomic}
   size_t MaxHeapSize                              = 8415870976                                {product} {ergonomic}
   size_t MaxNewSize                               = 5047844864                                {product} {ergonomic}
   size_t MinHeapDeltaBytes                        = 2097152                                   {product} {ergonomic}
   size_t MinHeapSize                              = 8388608                                   {product} {ergonomic}
    uintx NonNMethodCodeHeapSize                   = 5839372                                {pd product} {ergonomic}
    uintx NonProfiledCodeHeapSize                  = 122909434                              {pd product} {ergonomic}
    uintx ProfiledCodeHeapSize                     = 122909434                              {pd product} {ergonomic}
    uintx ReservedCodeCacheSize                    = 251658240                              {pd product} {ergonomic}
     bool SegmentedCodeCache                       = true                                      {product} {ergonomic}
   size_t SoftMaxHeapSize                          = 8415870976                             {manageable} {ergonomic}
     bool UseCompressedClassPointers               = true                                 {lp64_product} {ergonomic}
     bool UseCompressedOops                        = true                                 {lp64_product} {ergonomic}
     bool UseG1GC                                  = true                                      {product} {ergonomic}

Logging:
Log output configuration:
 #0: stdout all=warning uptime,level,tags
 #1: stderr all=off uptime,level,tags

Environment Variables:
PATH=/usr/local/sbin:/usr/local/bin:/usr/sbin:/usr/bin:/sbin:/bin:/usr/games:/usr/local/games:/snap/bin
USERNAME=samuel
SHELL=/bin/bash
DISPLAY=:1

Signal Handlers:
SIGSEGV: [libjvm.so+0xe630f0], sa_mask[0]=11111111011111111101111111111110, sa_flags=SA_RESTART|SA_SIGINFO
SIGBUS: [libjvm.so+0xe630f0], sa_mask[0]=11111111011111111101111111111110, sa_flags=SA_RESTART|SA_SIGINFO
SIGFPE: [libjvm.so+0xe630f0], sa_mask[0]=11111111011111111101111111111110, sa_flags=SA_RESTART|SA_SIGINFO
SIGPIPE: [libjvm.so+0xb87eb0], sa_mask[0]=11111111011111111101111111111110, sa_flags=SA_RESTART|SA_SIGINFO
SIGXFSZ: [libjvm.so+0xb87eb0], sa_mask[0]=11111111011111111101111111111110, sa_flags=SA_RESTART|SA_SIGINFO
SIGILL: [libjvm.so+0xe630f0], sa_mask[0]=11111111011111111101111111111110, sa_flags=SA_RESTART|SA_SIGINFO
SIGUSR2: [libjvm.so+0xb87d50], sa_mask[0]=00100000000000000000000000000000, sa_flags=SA_RESTART|SA_SIGINFO
SIGHUP: [libjvm.so+0xb88490], sa_mask[0]=11111111011111111101111111111110, sa_flags=SA_RESTART|SA_SIGINFO
SIGINT: [libjvm.so+0xb88490], sa_mask[0]=11111111011111111101111111111110, sa_flags=SA_RESTART|SA_SIGINFO
SIGTERM: [libjvm.so+0xb88490], sa_mask[0]=11111111011111111101111111111110, sa_flags=SA_RESTART|SA_SIGINFO
SIGQUIT: [libjvm.so+0xb88490], sa_mask[0]=11111111011111111101111111111110, sa_flags=SA_RESTART|SA_SIGINFO


---------------  S Y S T E M  ---------------

OS:DISTRIB_ID=Ubuntu
DISTRIB_RELEASE=20.04
DISTRIB_CODENAME=focal
DISTRIB_DESCRIPTION="Ubuntu 20.04.2 LTS"
uname:Linux 5.8.0-43-generic #49~20.04.1-Ubuntu SMP Fri Feb 5 09:57:56 UTC 2021 x86_64
OS uptime: 0 days 3:12 hours
libc:glibc 2.31 NPTL 2.31 
rlimit: STACK 8192k, CORE 0k, NPROC 127917, NOFILE 1048576, AS infinity, DATA infinity, FSIZE infinity
load average:1,52 0,74 0,34

/proc/meminfo:
MemTotal:       32871060 kB
MemFree:        21554128 kB
MemAvailable:   25433736 kB
Buffers:          137748 kB
Cached:          4335044 kB
SwapCached:            0 kB
Active:          7502132 kB
Inactive:        2877140 kB
Active(anon):    5889544 kB
Inactive(anon):   405252 kB
Active(file):    1612588 kB
Inactive(file):  2471888 kB
Unevictable:          16 kB
Mlocked:              16 kB
SwapTotal:       2097148 kB
SwapFree:        2097148 kB
Dirty:              8064 kB
Writeback:             0 kB
AnonPages:       5906712 kB
Mapped:          1506592 kB
Shmem:            408012 kB
KReclaimable:     259956 kB
Slab:             561836 kB
SReclaimable:     259956 kB
SUnreclaim:       301880 kB
KernelStack:       28292 kB
PageTables:        56932 kB
NFS_Unstable:          0 kB
Bounce:                0 kB
WritebackTmp:          0 kB
CommitLimit:    18532676 kB
Committed_AS:   15316244 kB
VmallocTotal:   34359738367 kB
VmallocUsed:       82940 kB
VmallocChunk:          0 kB
Percpu:            32896 kB
HardwareCorrupted:     0 kB
AnonHugePages:         0 kB
ShmemHugePages:        0 kB
ShmemPmdMapped:        0 kB
FileHugePages:         0 kB
FilePmdMapped:         0 kB
HugePages_Total:       0
HugePages_Free:        0
HugePages_Rsvd:        0
HugePages_Surp:        0
Hugepagesize:       2048 kB
Hugetlb:               0 kB
DirectMap4k:      699864 kB
DirectMap2M:    11806720 kB
DirectMap1G:    20971520 kB


/proc/sys/kernel/threads-max (system-wide limit on the number of threads):
255834


/proc/sys/vm/max_map_count (maximum number of memory map areas a process may have):
65530


/proc/sys/kernel/pid_max (system-wide limit on number of process identifiers):
4194304



container (cgroup) information:
container_type: cgroupv1
cpu_cpuset_cpus: 0-11
cpu_memory_nodes: 0
active_processor_count: 12
cpu_quota: no quota
cpu_period: 100000
cpu_shares: no shares
memory_limit_in_bytes: unlimited
memory_and_swap_limit_in_bytes: unlimited
memory_soft_limit_in_bytes: unlimited
memory_usage_in_bytes: 9232809984
memory_max_usage_in_bytes: 9232809984

Steal ticks since vm start: 0
Steal ticks percentage since vm start:  0,000

CPU:total 12 (initial active 12) (12 cores per cpu, 2 threads per core) family 23 model 113 stepping 0, cmov, cx8, fxsr, mmx, sse, sse2, sse3, ssse3, sse4.1, sse4.2, popcnt, avx, avx2, aes, clmul, mmxext, 3dnowpref, lzcnt, sse4a, ht, tsc, tscinvbit, tscinv, bmi1, bmi2, adx, sha, fma
CPU Model and flags from /proc/cpuinfo:
model name	: AMD Ryzen 5 3600 6-Core Processor
flags		: fpu vme de pse tsc msr pae mce cx8 apic sep mtrr pge mca cmov pat pse36 clflush mmx fxsr sse sse2 ht syscall nx mmxext fxsr_opt pdpe1gb rdtscp lm constant_tsc rep_good nopl nonstop_tsc cpuid extd_apicid aperfmperf pni pclmulqdq monitor ssse3 fma cx16 sse4_1 sse4_2 movbe popcnt aes xsave avx f16c rdrand lahf_lm cmp_legacy svm extapic cr8_legacy abm sse4a misalignsse 3dnowprefetch osvw ibs skinit wdt tce topoext perfctr_core perfctr_nb bpext perfctr_llc mwaitx cpb cat_l3 cdp_l3 hw_pstate sme ssbd mba sev ibpb stibp vmmcall fsgsbase bmi1 avx2 smep bmi2 cqm rdt_a rdseed adx smap clflushopt clwb sha_ni xsaveopt xsavec xgetbv1 xsaves cqm_llc cqm_occup_llc cqm_mbm_total cqm_mbm_local clzero irperf xsaveerptr rdpru wbnoinvd arat npt lbrv svm_lock nrip_save tsc_scale vmcb_clean flushbyasid decodeassists pausefilter pfthreshold avic v_vmsave_vmload vgif umip rdpid overflow_recov succor smca

Memory: 4k page, physical 32871060k(21554128k free), swap 2097148k(2097148k free)

vm_info: OpenJDK 64-Bit Server VM (14.0.2+12-Ubuntu-120.04) for linux-amd64 JRE (14.0.2+12-Ubuntu-120.04), built on Jul 21 2020 11:40:06 by "unknown" with gcc 9.3.0

END.
